#
# There is insufficient memory for the Java Runtime Environment to continue.
# Native memory allocation (mmap) failed to map 408944640 bytes. Error detail: G1 virtual space
# Possible reasons:
#   The system is out of physical RAM or swap space
#   This process is running with CompressedOops enabled, and the Java Heap may be blocking the growth of the native heap
# Possible solutions:
#   Reduce memory load on the system
#   Increase physical memory or swap space
#   Check if swap backing store is full
#   Decrease Java heap size (-Xmx/-Xms)
#   Decrease number of Java threads
#   Decrease Java thread stack sizes (-Xss)
#   Set larger code cache with -XX:ReservedCodeCacheSize=
#   JVM is running with Unscaled Compressed Oops mode in which the Java heap is
#     placed in the first 4GB address space. The Java Heap base address is the
#     maximum limit for the native heap growth. Please use -XX:HeapBaseMinAddress
#     to set the Java Heap base and to place the Java Heap above 4GB virtual address.
# This output file may be truncated or incomplete.
#
#  Out of Memory Error (os_windows.cpp:3825), pid=34036, tid=9280
#
# JRE version: OpenJDK Runtime Environment (17.0.11) (build 17.0.11+0--11852314)
# Java VM: OpenJDK 64-Bit Server VM (17.0.11+0--11852314, mixed mode, tiered, compressed oops, compressed class ptrs, g1 gc, windows-amd64)
# No core dump will be written. Minidumps are not enabled by default on client versions of Windows
#

---------------  S U M M A R Y ------------

Command Line: --add-opens=java.base/java.util.concurrent.atomic=ALL-UNNAMED --add-opens=java.base/java.util=ALL-UNNAMED --add-opens=java.base/java.lang=ALL-UNNAMED --add-opens=java.base/java.lang.invoke=ALL-UNNAMED --add-opens=java.prefs/java.util.prefs=ALL-UNNAMED --add-opens=java.base/java.nio.charset=ALL-UNNAMED --add-opens=java.base/java.net=ALL-UNNAMED --add-opens=java.base/java.util.concurrent.atomic=ALL-UNNAMED -Xmx2048m -Dfile.encoding=UTF-8 -Duser.country=ES -Duser.language=es -Duser.variant -javaagent:C:\Users\HP SUPPORT\.gradle\wrapper\dists\gradle-8.7-bin\bhs2wmbdwecv87pi65oeuq5iu\gradle-8.7\lib\agents\gradle-instrumentation-agent-8.7.jar org.gradle.launcher.daemon.bootstrap.GradleDaemon 8.7

Host: Intel(R) Core(TM) i3-10110U CPU @ 2.10GHz, 4 cores, 3G,  Windows 11 , 64 bit Build 22000 (10.0.22000.2538)
Time: Sun Oct 27 00:45:54 2024 Hora est. Pacífico, Sudamérica elapsed time: 25.074752 seconds (0d 0h 0m 25s)

---------------  T H R E A D  ---------------

Current thread (0x00000184b1bc8e80):  VMThread "VM Thread" [stack: 0x000000678e500000,0x000000678e600000] [id=9280]

Stack: [0x000000678e500000,0x000000678e600000]
Native frames: (J=compiled Java code, j=interpreted, Vv=VM code, C=native code)
V  [jvm.dll+0x687bb9]
V  [jvm.dll+0x84142a]
V  [jvm.dll+0x8430ae]
V  [jvm.dll+0x843713]
V  [jvm.dll+0x24a35f]
V  [jvm.dll+0x684989]
V  [jvm.dll+0x67923a]
V  [jvm.dll+0x30af0b]
V  [jvm.dll+0x3123b6]
V  [jvm.dll+0x361dfe]
V  [jvm.dll+0x36202f]
V  [jvm.dll+0x2e0d38]
V  [jvm.dll+0x2df144]
V  [jvm.dll+0x2de74c]
V  [jvm.dll+0x32305b]
V  [jvm.dll+0x847e0b]
V  [jvm.dll+0x848b42]
V  [jvm.dll+0x84905d]
V  [jvm.dll+0x849434]
V  [jvm.dll+0x849500]
V  [jvm.dll+0x7efa4a]
V  [jvm.dll+0x686a35]
C  [ucrtbase.dll+0x26c0c]
C  [KERNEL32.DLL+0x153e0]
C  [ntdll.dll+0x485b]

VM_Operation (0x000000678fbf6370): G1CollectForAllocation, mode: safepoint, requested by thread 0x00000184b77832d0


---------------  P R O C E S S  ---------------

Threads class SMR info:
_java_thread_list=0x00000184b6425ec0, length=41, elements={
0x000001849862a040, 0x00000184b1bce250, 0x00000184b1bcf670, 0x00000184b1c294d0,
0x00000184b1c29e90, 0x00000184b1c2a850, 0x00000184b1c2b210, 0x00000184b6004330,
0x00000184b6005fb0, 0x00000184b604d400, 0x00000184b60d8580, 0x00000184b6339f60,
0x00000184b7d7bed0, 0x00000184b6f35070, 0x00000184b7bcea90, 0x00000184b7c898e0,
0x00000184b7c10530, 0x00000184b7d3c7d0, 0x00000184b77832d0, 0x00000184b63f9c10,
0x00000184b63fa120, 0x00000184b63fb050, 0x00000184b63f82c0, 0x00000184b63f87d0,
0x00000184b63f7db0, 0x00000184b8a55550, 0x00000184b8a4fa30, 0x00000184b8a56990,
0x00000184b8a55a60, 0x00000184b8a54b30, 0x00000184b8a53c00, 0x00000184b8a55040,
0x00000184b8a55f70, 0x00000184b8a54110, 0x00000184b8a51380, 0x00000184b8a56480,
0x00000184b8a50450, 0x00000184b8a50960, 0x00000184b8a522b0, 0x00000184b8a527c0,
0x00000184b8a531e0
}

Java Threads: ( => current thread )
  0x000001849862a040 JavaThread "main" [_thread_blocked, id=31568, stack(0x000000678df00000,0x000000678e000000)]
  0x00000184b1bce250 JavaThread "Reference Handler" daemon [_thread_blocked, id=34112, stack(0x000000678e600000,0x000000678e700000)]
  0x00000184b1bcf670 JavaThread "Finalizer" daemon [_thread_blocked, id=28188, stack(0x000000678e700000,0x000000678e800000)]
  0x00000184b1c294d0 JavaThread "Signal Dispatcher" daemon [_thread_blocked, id=30156, stack(0x000000678e800000,0x000000678e900000)]
  0x00000184b1c29e90 JavaThread "Attach Listener" daemon [_thread_blocked, id=12712, stack(0x000000678e900000,0x000000678ea00000)]
  0x00000184b1c2a850 JavaThread "Service Thread" daemon [_thread_blocked, id=18284, stack(0x000000678ea00000,0x000000678eb00000)]
  0x00000184b1c2b210 JavaThread "Monitor Deflation Thread" daemon [_thread_blocked, id=11104, stack(0x000000678eb00000,0x000000678ec00000)]
  0x00000184b6004330 JavaThread "C2 CompilerThread0" daemon [_thread_blocked, id=13060, stack(0x000000678ec00000,0x000000678ed00000)]
  0x00000184b6005fb0 JavaThread "C1 CompilerThread0" daemon [_thread_blocked, id=9092, stack(0x000000678ed00000,0x000000678ee00000)]
  0x00000184b604d400 JavaThread "Sweeper thread" daemon [_thread_blocked, id=13868, stack(0x000000678ee00000,0x000000678ef00000)]
  0x00000184b60d8580 JavaThread "Common-Cleaner" daemon [_thread_blocked, id=6356, stack(0x000000678ef00000,0x000000678f000000)]
  0x00000184b6339f60 JavaThread "Notification Thread" daemon [_thread_blocked, id=21452, stack(0x000000678f000000,0x000000678f100000)]
  0x00000184b7d7bed0 JavaThread "Daemon health stats" [_thread_blocked, id=26272, stack(0x000000678f500000,0x000000678f600000)]
  0x00000184b6f35070 JavaThread "Incoming local TCP Connector on port 60984" [_thread_in_native, id=35700, stack(0x000000678f600000,0x000000678f700000)]
  0x00000184b7bcea90 JavaThread "Daemon periodic checks" [_thread_blocked, id=18172, stack(0x000000678f700000,0x000000678f800000)]
  0x00000184b7c898e0 JavaThread "Daemon" [_thread_blocked, id=23308, stack(0x000000678f800000,0x000000678f900000)]
  0x00000184b7c10530 JavaThread "Handler for socket connection from /127.0.0.1:60984 to /127.0.0.1:60985" [_thread_in_native, id=16628, stack(0x000000678f900000,0x000000678fa00000)]
  0x00000184b7d3c7d0 JavaThread "Cancel handler" [_thread_blocked, id=29544, stack(0x000000678fa00000,0x000000678fb00000)]
  0x00000184b77832d0 JavaThread "Daemon worker" [_thread_blocked, id=2384, stack(0x000000678fb00000,0x000000678fc00000)]
  0x00000184b63f9c10 JavaThread "Asynchronous log dispatcher for DefaultDaemonConnection: socket connection from /127.0.0.1:60984 to /127.0.0.1:60985" [_thread_blocked, id=28588, stack(0x000000678fc00000,0x000000678fd00000)]
  0x00000184b63fa120 JavaThread "Stdin handler" [_thread_blocked, id=14720, stack(0x000000678fd00000,0x000000678fe00000)]
  0x00000184b63fb050 JavaThread "Daemon client event forwarder" [_thread_blocked, id=17048, stack(0x000000678fe00000,0x000000678ff00000)]
  0x00000184b63f82c0 JavaThread "Cache worker for journal cache (C:\Users\HP SUPPORT\.gradle\caches\journal-1)" [_thread_blocked, id=24116, stack(0x000000678ff00000,0x0000006790000000)]
  0x00000184b63f87d0 JavaThread "File lock request listener" [_thread_in_native, id=17588, stack(0x0000006790000000,0x0000006790100000)]
  0x00000184b63f7db0 JavaThread "Cache worker for file hash cache (C:\Users\HP SUPPORT\.gradle\caches\8.7\fileHashes)" [_thread_blocked, id=32568, stack(0x0000006790100000,0x0000006790200000)]
  0x00000184b8a55550 JavaThread "Cache worker for file hash cache (C:\Ciclo8\DSM\SIAMO\App_SIAMO\.gradle\8.7\fileHashes)" [_thread_blocked, id=34688, stack(0x0000006790200000,0x0000006790300000)]
  0x00000184b8a4fa30 JavaThread "File watcher server" daemon [_thread_in_native, id=25168, stack(0x0000006790300000,0x0000006790400000)]
  0x00000184b8a56990 JavaThread "File watcher consumer" daemon [_thread_blocked, id=18052, stack(0x0000006790400000,0x0000006790500000)]
  0x00000184b8a55a60 JavaThread "jar transforms" [_thread_blocked, id=32864, stack(0x0000006790500000,0x0000006790600000)]
  0x00000184b8a54b30 JavaThread "jar transforms Thread 2" [_thread_blocked, id=25096, stack(0x0000006790600000,0x0000006790700000)]
  0x00000184b8a53c00 JavaThread "jar transforms Thread 3" [_thread_blocked, id=30236, stack(0x0000006790700000,0x0000006790800000)]
  0x00000184b8a55040 JavaThread "jar transforms Thread 4" [_thread_blocked, id=4516, stack(0x0000006790800000,0x0000006790900000)]
  0x00000184b8a55f70 JavaThread "Cache worker for checksums cache (C:\Ciclo8\DSM\SIAMO\App_SIAMO\.gradle\8.7\checksums)" [_thread_blocked, id=33272, stack(0x0000006790900000,0x0000006790a00000)]
  0x00000184b8a54110 JavaThread "Cache worker for cache directory md-supplier (C:\Users\HP SUPPORT\.gradle\caches\8.7\md-supplier)" [_thread_blocked, id=28224, stack(0x0000006790a00000,0x0000006790b00000)]
  0x00000184b8a51380 JavaThread "Cache worker for cache directory md-rule (C:\Users\HP SUPPORT\.gradle\caches\8.7\md-rule)" [_thread_blocked, id=23344, stack(0x0000006790b00000,0x0000006790c00000)]
  0x00000184b8a56480 JavaThread "Cache worker for file content cache (C:\Users\HP SUPPORT\.gradle\caches\8.7\fileContent)" [_thread_blocked, id=17920, stack(0x0000006790c00000,0x0000006790d00000)]
  0x00000184b8a50450 JavaThread "Unconstrained build operations" [_thread_blocked, id=31912, stack(0x0000006790d00000,0x0000006790e00000)]
  0x00000184b8a50960 JavaThread "Unconstrained build operations Thread 2" [_thread_blocked, id=14756, stack(0x0000006790e00000,0x0000006790f00000)]
  0x00000184b8a522b0 JavaThread "Unconstrained build operations Thread 3" [_thread_blocked, id=11916, stack(0x0000006790f00000,0x0000006791000000)]
  0x00000184b8a527c0 JavaThread "Unconstrained build operations Thread 4" [_thread_blocked, id=19368, stack(0x0000006791000000,0x0000006791100000)]
  0x00000184b8a531e0 JavaThread "Unconstrained build operations Thread 5" [_thread_blocked, id=10928, stack(0x0000006791100000,0x0000006791200000)]

Other Threads:
=>0x00000184b1bc8e80 VMThread "VM Thread" [stack: 0x000000678e500000,0x000000678e600000] [id=9280]
  0x000001849862acc0 WatcherThread [stack: 0x000000678f100000,0x000000678f200000] [id=3368]
  0x0000018498687df0 GCTaskThread "GC Thread#0" [stack: 0x000000678e000000,0x000000678e100000] [id=26452]
  0x00000184b67eace0 GCTaskThread "GC Thread#1" [stack: 0x000000678f200000,0x000000678f300000] [id=28024]
  0x00000184b6628fe0 GCTaskThread "GC Thread#2" [stack: 0x000000678f300000,0x000000678f400000] [id=31940]
  0x00000184b664e250 GCTaskThread "GC Thread#3" [stack: 0x000000678f400000,0x000000678f500000] [id=30924]
  0x0000018498698c40 ConcurrentGCThread "G1 Main Marker" [stack: 0x000000678e100000,0x000000678e200000] [id=6156]
  0x0000018498699d00 ConcurrentGCThread "G1 Conc#0" [stack: 0x000000678e200000,0x000000678e300000] [id=5032]
  0x00000184986e6f80 ConcurrentGCThread "G1 Refine#0" [stack: 0x000000678e300000,0x000000678e400000] [id=24196]
  0x00000184b97c85d0 ConcurrentGCThread "G1 Refine#1" [stack: 0x0000006791200000,0x0000006791300000] [id=24620]
  0x00000184b97c4b10 ConcurrentGCThread "G1 Refine#2" [stack: 0x0000006791300000,0x0000006791400000] [id=28176]
  0x00000184986e78b0 ConcurrentGCThread "G1 Service" [stack: 0x000000678e400000,0x000000678e500000] [id=12836]

Threads with active compile tasks:
C2 CompilerThread0    25148 11480       4       jdk.nio.zipfs.ZipFileSystem$Entry::<init> (68 bytes)

VM state: at safepoint (normal execution)

VM Mutex/Monitor currently owned by a thread:  ([mutex/lock_event])
[0x0000018498627090] Threads_lock - owner thread: 0x00000184b1bc8e80
[0x0000018498625aa0] Heap_lock - owner thread: 0x00000184b77832d0

Heap address: 0x0000000080000000, size: 2048 MB, Compressed Oops mode: 32-bit

CDS archive(s) not mapped
Compressed class space mapped at: 0x0000000100000000-0x0000000140000000, reserved size: 1073741824
Narrow klass base: 0x0000000000000000, Narrow klass shift: 3, Narrow klass range: 0x140000000

GC Precious Log:
 CPUs: 4 total, 4 available
 Memory: 3900M
 Large Page Support: Disabled
 NUMA Support: Disabled
 Compressed Oops: Enabled (32-bit)
 Heap Region Size: 1M
 Heap Min Capacity: 8M
 Heap Initial Capacity: 62M
 Heap Max Capacity: 2G
 Pre-touch: Disabled
 Parallel Workers: 4
 Concurrent Workers: 1
 Concurrent Refinement Workers: 4
 Periodic GC: Disabled

Heap:
 garbage-first heap   total 199680K, used 128599K [0x0000000080000000, 0x0000000100000000)
  region size 1024K, 6 young (6144K), 6 survivors (6144K)
 Metaspace       used 130808K, committed 131456K, reserved 1179648K
  class space    used 16811K, committed 17088K, reserved 1048576K

Heap Regions: E=young(eden), S=young(survivor), O=old, HS=humongous(starts), HC=humongous(continues), CS=collection set, F=free, OA=open archive, CA=closed archive, TAMS=top-at-mark-start (previous, next)
|   0|0x0000000080000000, 0x0000000080100000, 0x0000000080100000|100%| O|  |TAMS 0x0000000080100000, 0x0000000080100000| Untracked 
|   1|0x0000000080100000, 0x0000000080200000, 0x0000000080200000|100%|HS|  |TAMS 0x0000000080200000, 0x0000000080200000| Complete 
|   2|0x0000000080200000, 0x0000000080300000, 0x0000000080300000|100%|HC|  |TAMS 0x0000000080300000, 0x0000000080300000| Complete 
|   3|0x0000000080300000, 0x0000000080400000, 0x0000000080400000|100%|HC|  |TAMS 0x0000000080400000, 0x0000000080400000| Complete 
|   4|0x0000000080400000, 0x0000000080500000, 0x0000000080500000|100%|HC|  |TAMS 0x0000000080500000, 0x0000000080500000| Complete 
|   5|0x0000000080500000, 0x0000000080600000, 0x0000000080600000|100%| O|  |TAMS 0x0000000080600000, 0x0000000080600000| Untracked 
|   6|0x0000000080600000, 0x0000000080700000, 0x0000000080700000|100%| O|  |TAMS 0x0000000080700000, 0x0000000080700000| Untracked 
|   7|0x0000000080700000, 0x0000000080800000, 0x0000000080800000|100%| O|  |TAMS 0x0000000080800000, 0x0000000080800000| Untracked 
|   8|0x0000000080800000, 0x0000000080900000, 0x0000000080900000|100%| O|  |TAMS 0x0000000080900000, 0x0000000080900000| Untracked 
|   9|0x0000000080900000, 0x0000000080a00000, 0x0000000080a00000|100%| O|  |TAMS 0x0000000080a00000, 0x0000000080a00000| Untracked 
|  10|0x0000000080a00000, 0x0000000080b00000, 0x0000000080b00000|100%| O|  |TAMS 0x0000000080b00000, 0x0000000080b00000| Untracked 
|  11|0x0000000080b00000, 0x0000000080c00000, 0x0000000080c00000|100%| O|  |TAMS 0x0000000080c00000, 0x0000000080c00000| Untracked 
|  12|0x0000000080c00000, 0x0000000080d00000, 0x0000000080d00000|100%| O|  |TAMS 0x0000000080d00000, 0x0000000080d00000| Untracked 
|  13|0x0000000080d00000, 0x0000000080e00000, 0x0000000080e00000|100%| O|  |TAMS 0x0000000080e00000, 0x0000000080e00000| Untracked 
|  14|0x0000000080e00000, 0x0000000080f00000, 0x0000000080f00000|100%| O|  |TAMS 0x0000000080f00000, 0x0000000080f00000| Untracked 
|  15|0x0000000080f00000, 0x0000000081000000, 0x0000000081000000|100%| O|  |TAMS 0x0000000081000000, 0x0000000081000000| Untracked 
|  16|0x0000000081000000, 0x0000000081100000, 0x0000000081100000|100%| O|  |TAMS 0x0000000081100000, 0x0000000081100000| Untracked 
|  17|0x0000000081100000, 0x0000000081200000, 0x0000000081200000|100%| O|  |TAMS 0x0000000081200000, 0x0000000081200000| Untracked 
|  18|0x0000000081200000, 0x0000000081300000, 0x0000000081300000|100%| O|  |TAMS 0x0000000081300000, 0x0000000081300000| Untracked 
|  19|0x0000000081300000, 0x0000000081400000, 0x0000000081400000|100%| O|  |TAMS 0x0000000081400000, 0x0000000081400000| Untracked 
|  20|0x0000000081400000, 0x0000000081500000, 0x0000000081500000|100%| O|  |TAMS 0x0000000081500000, 0x0000000081500000| Untracked 
|  21|0x0000000081500000, 0x0000000081600000, 0x0000000081600000|100%| O|  |TAMS 0x0000000081600000, 0x0000000081600000| Untracked 
|  22|0x0000000081600000, 0x0000000081700000, 0x0000000081700000|100%|HS|  |TAMS 0x0000000081700000, 0x0000000081700000| Complete 
|  23|0x0000000081700000, 0x0000000081800000, 0x0000000081800000|100%|HC|  |TAMS 0x0000000081800000, 0x0000000081800000| Complete 
|  24|0x0000000081800000, 0x0000000081900000, 0x0000000081900000|100%|HC|  |TAMS 0x0000000081900000, 0x0000000081900000| Complete 
|  25|0x0000000081900000, 0x0000000081a00000, 0x0000000081a00000|100%|HC|  |TAMS 0x0000000081a00000, 0x0000000081a00000| Complete 
|  26|0x0000000081a00000, 0x0000000081b00000, 0x0000000081b00000|100%|HC|  |TAMS 0x0000000081b00000, 0x0000000081b00000| Complete 
|  27|0x0000000081b00000, 0x0000000081c00000, 0x0000000081c00000|100%|HS|  |TAMS 0x0000000081c00000, 0x0000000081c00000| Complete 
|  28|0x0000000081c00000, 0x0000000081d00000, 0x0000000081d00000|100%|HC|  |TAMS 0x0000000081d00000, 0x0000000081d00000| Complete 
|  29|0x0000000081d00000, 0x0000000081e00000, 0x0000000081e00000|100%|HC|  |TAMS 0x0000000081e00000, 0x0000000081e00000| Complete 
|  30|0x0000000081e00000, 0x0000000081f00000, 0x0000000081f00000|100%| O|  |TAMS 0x0000000081f00000, 0x0000000081f00000| Untracked 
|  31|0x0000000081f00000, 0x0000000082000000, 0x0000000082000000|100%| O|  |TAMS 0x0000000082000000, 0x0000000082000000| Untracked 
|  32|0x0000000082000000, 0x0000000082100000, 0x0000000082100000|100%| O|  |TAMS 0x0000000082100000, 0x0000000082100000| Untracked 
|  33|0x0000000082100000, 0x0000000082200000, 0x0000000082200000|100%| O|  |TAMS 0x0000000082200000, 0x0000000082200000| Untracked 
|  34|0x0000000082200000, 0x0000000082300000, 0x0000000082300000|100%| O|  |TAMS 0x0000000082300000, 0x0000000082300000| Untracked 
|  35|0x0000000082300000, 0x0000000082400000, 0x0000000082400000|100%| O|  |TAMS 0x0000000082400000, 0x0000000082400000| Untracked 
|  36|0x0000000082400000, 0x0000000082500000, 0x0000000082500000|100%| O|  |TAMS 0x0000000082500000, 0x0000000082500000| Untracked 
|  37|0x0000000082500000, 0x0000000082600000, 0x0000000082600000|100%| O|  |TAMS 0x0000000082600000, 0x0000000082600000| Untracked 
|  38|0x0000000082600000, 0x0000000082700000, 0x0000000082700000|100%| O|  |TAMS 0x0000000082700000, 0x0000000082700000| Untracked 
|  39|0x0000000082700000, 0x0000000082800000, 0x0000000082800000|100%| O|  |TAMS 0x0000000082800000, 0x0000000082800000| Untracked 
|  40|0x0000000082800000, 0x0000000082900000, 0x0000000082900000|100%| O|  |TAMS 0x0000000082900000, 0x0000000082900000| Untracked 
|  41|0x0000000082900000, 0x0000000082a00000, 0x0000000082a00000|100%| O|  |TAMS 0x0000000082a00000, 0x0000000082a00000| Untracked 
|  42|0x0000000082a00000, 0x0000000082b00000, 0x0000000082b00000|100%| O|  |TAMS 0x0000000082b00000, 0x0000000082b00000| Untracked 
|  43|0x0000000082b00000, 0x0000000082c00000, 0x0000000082c00000|100%| O|  |TAMS 0x0000000082c00000, 0x0000000082c00000| Untracked 
|  44|0x0000000082c00000, 0x0000000082d00000, 0x0000000082d00000|100%| O|  |TAMS 0x0000000082d00000, 0x0000000082d00000| Untracked 
|  45|0x0000000082d00000, 0x0000000082e00000, 0x0000000082e00000|100%| O|  |TAMS 0x0000000082e00000, 0x0000000082e00000| Untracked 
|  46|0x0000000082e00000, 0x0000000082f00000, 0x0000000082f00000|100%| O|  |TAMS 0x0000000082f00000, 0x0000000082f00000| Untracked 
|  47|0x0000000082f00000, 0x0000000083000000, 0x0000000083000000|100%|HS|  |TAMS 0x0000000083000000, 0x0000000083000000| Complete 
|  48|0x0000000083000000, 0x0000000083100000, 0x0000000083100000|100%|HC|  |TAMS 0x0000000083100000, 0x0000000083100000| Complete 
|  49|0x0000000083100000, 0x0000000083200000, 0x0000000083200000|100%|HC|  |TAMS 0x0000000083200000, 0x0000000083200000| Complete 
|  50|0x0000000083200000, 0x0000000083300000, 0x0000000083300000|100%|HS|  |TAMS 0x0000000083300000, 0x0000000083300000| Complete 
|  51|0x0000000083300000, 0x0000000083400000, 0x0000000083400000|100%|HC|  |TAMS 0x0000000083400000, 0x0000000083400000| Complete 
|  52|0x0000000083400000, 0x0000000083500000, 0x0000000083500000|100%|HC|  |TAMS 0x0000000083500000, 0x0000000083500000| Complete 
|  53|0x0000000083500000, 0x0000000083600000, 0x0000000083600000|100%|HC|  |TAMS 0x0000000083600000, 0x0000000083600000| Complete 
|  54|0x0000000083600000, 0x0000000083700000, 0x0000000083700000|100%|HC|  |TAMS 0x0000000083700000, 0x0000000083700000| Complete 
|  55|0x0000000083700000, 0x0000000083800000, 0x0000000083800000|100%| O|  |TAMS 0x0000000083800000, 0x0000000083800000| Untracked 
|  56|0x0000000083800000, 0x0000000083900000, 0x0000000083900000|100%| O|  |TAMS 0x0000000083900000, 0x0000000083900000| Untracked 
|  57|0x0000000083900000, 0x0000000083a00000, 0x0000000083a00000|100%| O|  |TAMS 0x0000000083a00000, 0x0000000083a00000| Untracked 
|  58|0x0000000083a00000, 0x0000000083b00000, 0x0000000083b00000|100%| O|  |TAMS 0x0000000083b00000, 0x0000000083b00000| Untracked 
|  59|0x0000000083b00000, 0x0000000083c00000, 0x0000000083c00000|100%| O|  |TAMS 0x0000000083c00000, 0x0000000083c00000| Untracked 
|  60|0x0000000083c00000, 0x0000000083d00000, 0x0000000083d00000|100%|HS|  |TAMS 0x0000000083d00000, 0x0000000083d00000| Complete 
|  61|0x0000000083d00000, 0x0000000083e00000, 0x0000000083e00000|100%|HC|  |TAMS 0x0000000083e00000, 0x0000000083e00000| Complete 
|  62|0x0000000083e00000, 0x0000000083f00000, 0x0000000083f00000|100%|HC|  |TAMS 0x0000000083f00000, 0x0000000083f00000| Complete 
|  63|0x0000000083f00000, 0x0000000084000000, 0x0000000084000000|100%|HC|  |TAMS 0x0000000084000000, 0x0000000084000000| Complete 
|  64|0x0000000084000000, 0x0000000084100000, 0x0000000084100000|100%|HC|  |TAMS 0x0000000084100000, 0x0000000084100000| Complete 
|  65|0x0000000084100000, 0x0000000084200000, 0x0000000084200000|100%| O|  |TAMS 0x0000000084200000, 0x0000000084200000| Untracked 
|  66|0x0000000084200000, 0x0000000084300000, 0x0000000084300000|100%| O|  |TAMS 0x0000000084300000, 0x0000000084300000| Untracked 
|  67|0x0000000084300000, 0x0000000084400000, 0x0000000084400000|100%| O|  |TAMS 0x0000000084400000, 0x0000000084400000| Untracked 
|  68|0x0000000084400000, 0x0000000084500000, 0x0000000084500000|100%| O|  |TAMS 0x0000000084500000, 0x0000000084500000| Untracked 
|  69|0x0000000084500000, 0x0000000084600000, 0x0000000084600000|100%| O|  |TAMS 0x0000000084600000, 0x0000000084600000| Untracked 
|  70|0x0000000084600000, 0x0000000084700000, 0x0000000084700000|100%| O|  |TAMS 0x0000000084700000, 0x0000000084700000| Untracked 
|  71|0x0000000084700000, 0x0000000084800000, 0x0000000084800000|100%| O|  |TAMS 0x0000000084800000, 0x0000000084800000| Untracked 
|  72|0x0000000084800000, 0x0000000084900000, 0x0000000084900000|100%| O|  |TAMS 0x0000000084900000, 0x0000000084900000| Untracked 
|  73|0x0000000084900000, 0x0000000084a00000, 0x0000000084a00000|100%| O|  |TAMS 0x0000000084900000, 0x0000000084a00000| Untracked 
|  74|0x0000000084a00000, 0x0000000084b00000, 0x0000000084b00000|100%|HS|  |TAMS 0x0000000084b00000, 0x0000000084b00000| Complete 
|  75|0x0000000084b00000, 0x0000000084c00000, 0x0000000084c00000|100%| O|  |TAMS 0x0000000084c00000, 0x0000000084c00000| Untracked 
|  76|0x0000000084c00000, 0x0000000084d00000, 0x0000000084d00000|100%| O|  |TAMS 0x0000000084d00000, 0x0000000084d00000| Untracked 
|  77|0x0000000084d00000, 0x0000000084e00000, 0x0000000084e00000|100%| O|  |TAMS 0x0000000084e00000, 0x0000000084e00000| Untracked 
|  78|0x0000000084e00000, 0x0000000084f00000, 0x0000000084f00000|100%| O|  |TAMS 0x0000000084f00000, 0x0000000084f00000| Untracked 
|  79|0x0000000084f00000, 0x0000000085000000, 0x0000000085000000|100%| O|  |TAMS 0x0000000085000000, 0x0000000085000000| Untracked 
|  80|0x0000000085000000, 0x0000000085100000, 0x0000000085100000|100%| O|  |TAMS 0x0000000085100000, 0x0000000085100000| Untracked 
|  81|0x0000000085100000, 0x0000000085200000, 0x0000000085200000|100%| O|  |TAMS 0x0000000085200000, 0x0000000085200000| Untracked 
|  82|0x0000000085200000, 0x0000000085300000, 0x0000000085300000|100%| O|  |TAMS 0x0000000085300000, 0x0000000085300000| Untracked 
|  83|0x0000000085300000, 0x0000000085400000, 0x0000000085400000|100%|HS|  |TAMS 0x0000000085400000, 0x0000000085400000| Complete 
|  84|0x0000000085400000, 0x0000000085500000, 0x0000000085500000|100%|HC|  |TAMS 0x0000000085500000, 0x0000000085500000| Complete 
|  85|0x0000000085500000, 0x0000000085600000, 0x0000000085600000|100%|HC|  |TAMS 0x0000000085600000, 0x0000000085600000| Complete 
|  86|0x0000000085600000, 0x0000000085700000, 0x0000000085700000|100%|HC|  |TAMS 0x0000000085700000, 0x0000000085700000| Complete 
|  87|0x0000000085700000, 0x0000000085800000, 0x0000000085800000|100%|HC|  |TAMS 0x0000000085800000, 0x0000000085800000| Complete 
|  88|0x0000000085800000, 0x0000000085900000, 0x0000000085900000|100%|HC|  |TAMS 0x0000000085900000, 0x0000000085900000| Complete 
|  89|0x0000000085900000, 0x0000000085a00000, 0x0000000085a00000|100%| O|  |TAMS 0x0000000085a00000, 0x0000000085a00000| Untracked 
|  90|0x0000000085a00000, 0x0000000085b00000, 0x0000000085b00000|100%| O|  |TAMS 0x0000000085b00000, 0x0000000085b00000| Untracked 
|  91|0x0000000085b00000, 0x0000000085c00000, 0x0000000085c00000|100%| O|  |TAMS 0x0000000085c00000, 0x0000000085c00000| Untracked 
|  92|0x0000000085c00000, 0x0000000085d00000, 0x0000000085d00000|100%| O|  |TAMS 0x0000000085d00000, 0x0000000085d00000| Untracked 
|  93|0x0000000085d00000, 0x0000000085e00000, 0x0000000085e00000|100%| O|  |TAMS 0x0000000085e00000, 0x0000000085e00000| Untracked 
|  94|0x0000000085e00000, 0x0000000085f00000, 0x0000000085f00000|100%| O|  |TAMS 0x0000000085f00000, 0x0000000085f00000| Untracked 
|  95|0x0000000085f00000, 0x0000000086000000, 0x0000000086000000|100%| O|  |TAMS 0x0000000086000000, 0x0000000086000000| Untracked 
|  96|0x0000000086000000, 0x0000000086100000, 0x0000000086100000|100%| O|  |TAMS 0x0000000086100000, 0x0000000086100000| Untracked 
|  97|0x0000000086100000, 0x0000000086200000, 0x0000000086200000|100%| O|  |TAMS 0x0000000086200000, 0x0000000086200000| Untracked 
|  98|0x0000000086200000, 0x0000000086300000, 0x0000000086300000|100%| O|  |TAMS 0x0000000086300000, 0x0000000086300000| Untracked 
|  99|0x0000000086300000, 0x0000000086400000, 0x0000000086400000|100%| O|  |TAMS 0x0000000086400000, 0x0000000086400000| Untracked 
| 100|0x0000000086400000, 0x0000000086500000, 0x0000000086500000|100%| O|  |TAMS 0x0000000086500000, 0x0000000086500000| Untracked 
| 101|0x0000000086500000, 0x0000000086600000, 0x0000000086600000|100%| O|  |TAMS 0x0000000086600000, 0x0000000086600000| Untracked 
| 102|0x0000000086600000, 0x0000000086700000, 0x0000000086700000|100%| O|  |TAMS 0x0000000086700000, 0x0000000086700000| Untracked 
| 103|0x0000000086700000, 0x0000000086800000, 0x0000000086800000|100%| O|  |TAMS 0x0000000086700000, 0x0000000086800000| Untracked 
| 104|0x0000000086800000, 0x0000000086900000, 0x0000000086900000|100%| O|  |TAMS 0x0000000086900000, 0x0000000086900000| Untracked 
| 105|0x0000000086900000, 0x0000000086a00000, 0x0000000086a00000|100%| O|  |TAMS 0x0000000086a00000, 0x0000000086a00000| Untracked 
| 106|0x0000000086a00000, 0x0000000086b00000, 0x0000000086b00000|100%| O|  |TAMS 0x0000000086b00000, 0x0000000086b00000| Untracked 
| 107|0x0000000086b00000, 0x0000000086c00000, 0x0000000086c00000|100%| O|  |TAMS 0x0000000086c00000, 0x0000000086c00000| Untracked 
| 108|0x0000000086c00000, 0x0000000086d00000, 0x0000000086d00000|100%| O|  |TAMS 0x0000000086c48200, 0x0000000086d00000| Untracked 
| 109|0x0000000086d00000, 0x0000000086e00000, 0x0000000086e00000|100%| O|  |TAMS 0x0000000086d00000, 0x0000000086e00000| Untracked 
| 110|0x0000000086e00000, 0x0000000086f00000, 0x0000000086f00000|100%| O|  |TAMS 0x0000000086e00000, 0x0000000086f00000| Untracked 
| 111|0x0000000086f00000, 0x0000000087000000, 0x0000000087000000|100%| O|  |TAMS 0x0000000086f00000, 0x0000000087000000| Untracked 
| 112|0x0000000087000000, 0x0000000087100000, 0x0000000087100000|100%| O|  |TAMS 0x0000000087000000, 0x0000000087100000| Untracked 
| 113|0x0000000087100000, 0x0000000087200000, 0x0000000087200000|100%| O|  |TAMS 0x0000000087100000, 0x0000000087200000| Untracked 
| 114|0x0000000087200000, 0x0000000087300000, 0x0000000087300000|100%| O|  |TAMS 0x0000000087200000, 0x0000000087300000| Untracked 
| 115|0x0000000087300000, 0x0000000087400000, 0x0000000087400000|100%| O|  |TAMS 0x0000000087300000, 0x000000008739e200| Untracked 
| 116|0x0000000087400000, 0x0000000087500000, 0x0000000087500000|100%| O|  |TAMS 0x0000000087400000, 0x0000000087400000| Untracked 
| 117|0x0000000087500000, 0x0000000087600000, 0x0000000087600000|100%| O|  |TAMS 0x0000000087500000, 0x0000000087500000| Untracked 
| 118|0x0000000087600000, 0x0000000087700000, 0x0000000087700000|100%| O|  |TAMS 0x0000000087600000, 0x0000000087600000| Untracked 
| 119|0x0000000087700000, 0x0000000087798000, 0x0000000087800000| 59%| O|  |TAMS 0x0000000087700000, 0x0000000087700000| Untracked 
| 120|0x0000000087800000, 0x0000000087800000, 0x0000000087900000|  0%| F|  |TAMS 0x0000000087800000, 0x0000000087800000| Untracked 
| 121|0x0000000087900000, 0x0000000087900000, 0x0000000087a00000|  0%| F|  |TAMS 0x0000000087900000, 0x0000000087900000| Untracked 
| 122|0x0000000087a00000, 0x0000000087a00000, 0x0000000087b00000|  0%| F|  |TAMS 0x0000000087a00000, 0x0000000087a00000| Untracked 
| 123|0x0000000087b00000, 0x0000000087b00000, 0x0000000087c00000|  0%| F|  |TAMS 0x0000000087b00000, 0x0000000087b00000| Untracked 
| 124|0x0000000087c00000, 0x0000000087c00000, 0x0000000087d00000|  0%| F|  |TAMS 0x0000000087c00000, 0x0000000087c00000| Untracked 
| 125|0x0000000087d00000, 0x0000000087d00000, 0x0000000087e00000|  0%| F|  |TAMS 0x0000000087d00000, 0x0000000087d00000| Untracked 
| 126|0x0000000087e00000, 0x0000000087e00000, 0x0000000087f00000|  0%| F|  |TAMS 0x0000000087e00000, 0x0000000087e00000| Untracked 
| 127|0x0000000087f00000, 0x0000000087f00000, 0x0000000088000000|  0%| F|  |TAMS 0x0000000087f00000, 0x0000000087f00000| Untracked 
| 128|0x0000000088000000, 0x0000000088000000, 0x0000000088100000|  0%| F|  |TAMS 0x0000000088000000, 0x0000000088000000| Untracked 
| 129|0x0000000088100000, 0x0000000088100000, 0x0000000088200000|  0%| F|  |TAMS 0x0000000088100000, 0x0000000088100000| Untracked 
| 130|0x0000000088200000, 0x0000000088200000, 0x0000000088300000|  0%| F|  |TAMS 0x0000000088200000, 0x0000000088200000| Untracked 
| 131|0x0000000088300000, 0x0000000088300000, 0x0000000088400000|  0%| F|  |TAMS 0x0000000088300000, 0x0000000088300000| Untracked 
| 132|0x0000000088400000, 0x0000000088400000, 0x0000000088500000|  0%| F|  |TAMS 0x0000000088400000, 0x0000000088400000| Untracked 
| 133|0x0000000088500000, 0x0000000088500000, 0x0000000088600000|  0%| F|  |TAMS 0x0000000088500000, 0x0000000088500000| Untracked 
| 134|0x0000000088600000, 0x0000000088600000, 0x0000000088700000|  0%| F|  |TAMS 0x0000000088600000, 0x0000000088600000| Untracked 
| 135|0x0000000088700000, 0x0000000088700000, 0x0000000088800000|  0%| F|  |TAMS 0x0000000088700000, 0x0000000088700000| Untracked 
| 136|0x0000000088800000, 0x0000000088800000, 0x0000000088900000|  0%| F|  |TAMS 0x0000000088800000, 0x0000000088800000| Untracked 
| 137|0x0000000088900000, 0x0000000088900000, 0x0000000088a00000|  0%| F|  |TAMS 0x0000000088900000, 0x0000000088900000| Untracked 
| 138|0x0000000088a00000, 0x0000000088a00000, 0x0000000088b00000|  0%| F|  |TAMS 0x0000000088a00000, 0x0000000088a00000| Untracked 
| 139|0x0000000088b00000, 0x0000000088b00000, 0x0000000088c00000|  0%| F|  |TAMS 0x0000000088b00000, 0x0000000088b00000| Untracked 
| 140|0x0000000088c00000, 0x0000000088c00000, 0x0000000088d00000|  0%| F|  |TAMS 0x0000000088c00000, 0x0000000088c00000| Untracked 
| 141|0x0000000088d00000, 0x0000000088dfdd78, 0x0000000088e00000| 99%| S|CS|TAMS 0x0000000088d00000, 0x0000000088d00000| Complete 
| 142|0x0000000088e00000, 0x0000000088f00000, 0x0000000088f00000|100%| S|CS|TAMS 0x0000000088e00000, 0x0000000088e00000| Complete 
| 143|0x0000000088f00000, 0x0000000088f00000, 0x0000000089000000|  0%| F|  |TAMS 0x0000000088f00000, 0x0000000088f00000| Untracked 
| 144|0x0000000089000000, 0x0000000089000000, 0x0000000089100000|  0%| F|  |TAMS 0x0000000089000000, 0x0000000089000000| Untracked 
| 145|0x0000000089100000, 0x0000000089100000, 0x0000000089200000|  0%| F|  |TAMS 0x0000000089100000, 0x0000000089100000| Untracked 
| 146|0x0000000089200000, 0x0000000089200000, 0x0000000089300000|  0%| F|  |TAMS 0x0000000089200000, 0x0000000089200000| Untracked 
| 147|0x0000000089300000, 0x0000000089300000, 0x0000000089400000|  0%| F|  |TAMS 0x0000000089300000, 0x0000000089300000| Untracked 
| 148|0x0000000089400000, 0x0000000089500000, 0x0000000089500000|100%| S|CS|TAMS 0x0000000089400000, 0x0000000089400000| Complete 
| 149|0x0000000089500000, 0x0000000089600000, 0x0000000089600000|100%| S|CS|TAMS 0x0000000089500000, 0x0000000089500000| Complete 
| 150|0x0000000089600000, 0x0000000089700000, 0x0000000089700000|100%| S|CS|TAMS 0x0000000089600000, 0x0000000089600000| Complete 
| 151|0x0000000089700000, 0x0000000089800000, 0x0000000089800000|100%| S|CS|TAMS 0x0000000089700000, 0x0000000089700000| Complete 
| 152|0x0000000089800000, 0x0000000089800000, 0x0000000089900000|  0%| F|  |TAMS 0x0000000089800000, 0x0000000089800000| Untracked 
| 153|0x0000000089900000, 0x0000000089900000, 0x0000000089a00000|  0%| F|  |TAMS 0x0000000089900000, 0x0000000089900000| Untracked 
| 154|0x0000000089a00000, 0x0000000089a00000, 0x0000000089b00000|  0%| F|  |TAMS 0x0000000089a00000, 0x0000000089a00000| Untracked 
| 155|0x0000000089b00000, 0x0000000089b00000, 0x0000000089c00000|  0%| F|  |TAMS 0x0000000089b00000, 0x0000000089b00000| Untracked 
| 156|0x0000000089c00000, 0x0000000089c00000, 0x0000000089d00000|  0%| F|  |TAMS 0x0000000089c00000, 0x0000000089c00000| Untracked 
| 157|0x0000000089d00000, 0x0000000089d00000, 0x0000000089e00000|  0%| F|  |TAMS 0x0000000089d00000, 0x0000000089d00000| Untracked 
| 158|0x0000000089e00000, 0x0000000089e00000, 0x0000000089f00000|  0%| F|  |TAMS 0x0000000089e00000, 0x0000000089e00000| Untracked 
| 159|0x0000000089f00000, 0x0000000089f00000, 0x000000008a000000|  0%| F|  |TAMS 0x0000000089f00000, 0x0000000089f00000| Untracked 
| 160|0x000000008a000000, 0x000000008a000000, 0x000000008a100000|  0%| F|  |TAMS 0x000000008a000000, 0x000000008a000000| Untracked 
| 161|0x000000008a100000, 0x000000008a100000, 0x000000008a200000|  0%| F|  |TAMS 0x000000008a100000, 0x000000008a100000| Untracked 
| 162|0x000000008a200000, 0x000000008a200000, 0x000000008a300000|  0%| F|  |TAMS 0x000000008a200000, 0x000000008a200000| Untracked 
| 163|0x000000008a300000, 0x000000008a300000, 0x000000008a400000|  0%| F|  |TAMS 0x000000008a300000, 0x000000008a300000| Untracked 
| 164|0x000000008a400000, 0x000000008a400000, 0x000000008a500000|  0%| F|  |TAMS 0x000000008a400000, 0x000000008a400000| Untracked 
| 165|0x000000008a500000, 0x000000008a500000, 0x000000008a600000|  0%| F|  |TAMS 0x000000008a500000, 0x000000008a500000| Untracked 
| 166|0x000000008a600000, 0x000000008a600000, 0x000000008a700000|  0%| F|  |TAMS 0x000000008a600000, 0x000000008a600000| Untracked 
| 167|0x000000008a700000, 0x000000008a700000, 0x000000008a800000|  0%| F|  |TAMS 0x000000008a700000, 0x000000008a700000| Untracked 
| 168|0x000000008a800000, 0x000000008a800000, 0x000000008a900000|  0%| F|  |TAMS 0x000000008a800000, 0x000000008a800000| Untracked 
| 169|0x000000008a900000, 0x000000008a900000, 0x000000008aa00000|  0%| F|  |TAMS 0x000000008a900000, 0x000000008a900000| Untracked 
| 170|0x000000008aa00000, 0x000000008aa00000, 0x000000008ab00000|  0%| F|  |TAMS 0x000000008aa00000, 0x000000008aa00000| Untracked 
| 171|0x000000008ab00000, 0x000000008ab00000, 0x000000008ac00000|  0%| F|  |TAMS 0x000000008ab00000, 0x000000008ab00000| Untracked 
| 172|0x000000008ac00000, 0x000000008ac00000, 0x000000008ad00000|  0%| F|  |TAMS 0x000000008ac00000, 0x000000008ac00000| Untracked 
| 173|0x000000008ad00000, 0x000000008ad00000, 0x000000008ae00000|  0%| F|  |TAMS 0x000000008ad00000, 0x000000008ad00000| Untracked 
| 174|0x000000008ae00000, 0x000000008ae00000, 0x000000008af00000|  0%| F|  |TAMS 0x000000008ae00000, 0x000000008ae00000| Untracked 
| 175|0x000000008af00000, 0x000000008af00000, 0x000000008b000000|  0%| F|  |TAMS 0x000000008af00000, 0x000000008af00000| Untracked 
| 176|0x000000008b000000, 0x000000008b000000, 0x000000008b100000|  0%| F|  |TAMS 0x000000008b000000, 0x000000008b000000| Untracked 
| 177|0x000000008b100000, 0x000000008b100000, 0x000000008b200000|  0%| F|  |TAMS 0x000000008b100000, 0x000000008b100000| Untracked 
| 178|0x000000008b200000, 0x000000008b200000, 0x000000008b300000|  0%| F|  |TAMS 0x000000008b200000, 0x000000008b200000| Untracked 
| 179|0x000000008b300000, 0x000000008b300000, 0x000000008b400000|  0%| F|  |TAMS 0x000000008b300000, 0x000000008b300000| Untracked 
| 180|0x000000008b400000, 0x000000008b400000, 0x000000008b500000|  0%| F|  |TAMS 0x000000008b400000, 0x000000008b400000| Untracked 
| 181|0x000000008b500000, 0x000000008b500000, 0x000000008b600000|  0%| F|  |TAMS 0x000000008b500000, 0x000000008b500000| Untracked 
| 182|0x000000008b600000, 0x000000008b600000, 0x000000008b700000|  0%| F|  |TAMS 0x000000008b600000, 0x000000008b600000| Untracked 
| 183|0x000000008b700000, 0x000000008b700000, 0x000000008b800000|  0%| F|  |TAMS 0x000000008b700000, 0x000000008b700000| Untracked 
| 184|0x000000008b800000, 0x000000008b800000, 0x000000008b900000|  0%| F|  |TAMS 0x000000008b800000, 0x000000008b800000| Untracked 
| 185|0x000000008b900000, 0x000000008b900000, 0x000000008ba00000|  0%| F|  |TAMS 0x000000008b900000, 0x000000008b900000| Untracked 
| 186|0x000000008ba00000, 0x000000008ba00000, 0x000000008bb00000|  0%| F|  |TAMS 0x000000008ba00000, 0x000000008ba00000| Untracked 
| 187|0x000000008bb00000, 0x000000008bb00000, 0x000000008bc00000|  0%| F|  |TAMS 0x000000008bb00000, 0x000000008bb00000| Untracked 
| 188|0x000000008bc00000, 0x000000008bc00000, 0x000000008bd00000|  0%| F|  |TAMS 0x000000008bc00000, 0x000000008bc00000| Untracked 
| 189|0x000000008bd00000, 0x000000008bd00000, 0x000000008be00000|  0%| F|  |TAMS 0x000000008bd00000, 0x000000008bd00000| Untracked 
| 190|0x000000008be00000, 0x000000008be00000, 0x000000008bf00000|  0%| F|  |TAMS 0x000000008be00000, 0x000000008be00000| Untracked 
| 191|0x000000008bf00000, 0x000000008bf00000, 0x000000008c000000|  0%| F|  |TAMS 0x000000008bf00000, 0x000000008bf00000| Untracked 
| 192|0x000000008c000000, 0x000000008c000000, 0x000000008c100000|  0%| F|  |TAMS 0x000000008c000000, 0x000000008c000000| Untracked 
| 193|0x000000008c100000, 0x000000008c100000, 0x000000008c200000|  0%| F|  |TAMS 0x000000008c100000, 0x000000008c100000| Untracked 
| 194|0x000000008c200000, 0x000000008c200000, 0x000000008c300000|  0%| F|  |TAMS 0x000000008c200000, 0x000000008c200000| Untracked 

Card table byte_map: [0x00000184aaf10000,0x00000184ab310000] _byte_map_base: 0x00000184aab10000

Marking Bits (Prev, Next): (CMBitMap*) 0x0000018498688310, (CMBitMap*) 0x0000018498688350
 Prev Bits: [0x00000184ab710000, 0x00000184ad710000)
 Next Bits: [0x00000184ad710000, 0x00000184af710000)

Polling page: 0x00000184967a0000

Metaspace:

Usage:
  Non-class:    111.33 MB used.
      Class:     16.42 MB used.
       Both:    127.74 MB used.

Virtual space:
  Non-class space:      128.00 MB reserved,     111.69 MB ( 87%) committed,  2 nodes.
      Class space:        1.00 GB reserved,      16.69 MB (  2%) committed,  1 nodes.
             Both:        1.12 GB reserved,     128.38 MB ( 11%) committed. 

Chunk freelists:
   Non-Class:  288.00 KB
       Class:  15.14 MB
        Both:  15.42 MB

MaxMetaspaceSize: unlimited
CompressedClassSpaceSize: 1.00 GB
Initial GC threshold: 21.00 MB
Current GC threshold: 186.06 MB
CDS: off
MetaspaceReclaimPolicy: balanced
 - commit_granule_bytes: 65536.
 - commit_granule_words: 8192.
 - virtual_space_node_default_size: 8388608.
 - enlarge_chunks_in_place: 1.
 - new_chunks_are_fully_committed: 0.
 - uncommit_free_chunks: 1.
 - use_allocation_guard: 0.
 - handle_deallocations: 1.


Internal statistics:

num_allocs_failed_limit: 6.
num_arena_births: 758.
num_arena_deaths: 4.
num_vsnodes_births: 3.
num_vsnodes_deaths: 0.
num_space_committed: 2052.
num_space_uncommitted: 0.
num_chunks_returned_to_freelist: 15.
num_chunks_taken_from_freelist: 5091.
num_chunk_merges: 7.
num_chunk_splits: 4001.
num_chunks_enlarged: 3348.
num_inconsistent_stats: 0.

CodeHeap 'non-profiled nmethods': size=120000Kb used=4662Kb max_used=4662Kb free=115337Kb
 bounds [0x00000184a35e0000, 0x00000184a3a70000, 0x00000184aab10000]
CodeHeap 'profiled nmethods': size=120000Kb used=19818Kb max_used=19818Kb free=100181Kb
 bounds [0x000001849bb10000, 0x000001849ce70000, 0x00000184a3040000]
CodeHeap 'non-nmethods': size=5760Kb used=2519Kb max_used=2581Kb free=3240Kb
 bounds [0x00000184a3040000, 0x00000184a32d0000, 0x00000184a35e0000]
 total_blobs=11050 nmethods=9970 adapters=990
 compilation: enabled
              stopped_count=0, restarted_count=0
 full_count=0

Compilation events (20 events):
Event: 25.037 Thread 0x00000184b6005fb0 11509       3       com.sun.tools.javac.jvm.Code::width (16 bytes)
Event: 25.037 Thread 0x00000184b6005fb0 nmethod 11509 0x000001849ce67d10 code [0x000001849ce67ec0, 0x000001849ce68058]
Event: 25.037 Thread 0x00000184b6005fb0 11511       3       com.sun.tools.javac.jvm.Code::typecode (141 bytes)
Event: 25.038 Thread 0x00000184b6005fb0 nmethod 11511 0x000001849ce68110 code [0x000001849ce683c0, 0x000001849ce690d8]
Event: 25.038 Thread 0x00000184b6005fb0 11512       3       com.sun.tools.javac.jvm.Code::width (42 bytes)
Event: 25.038 Thread 0x00000184b6005fb0 nmethod 11512 0x000001849ce69490 code [0x000001849ce69640, 0x000001849ce69818]
Event: 25.038 Thread 0x00000184b6005fb0 11510       1       com.sun.tools.javac.code.Type$MethodType::getThrownTypes (5 bytes)
Event: 25.038 Thread 0x00000184b6005fb0 nmethod 11510 0x00000184a3a6d290 code [0x00000184a3a6d420, 0x00000184a3a6d4f8]
Event: 25.038 Thread 0x00000184b6005fb0 11514       1       com.sun.tools.javac.comp.Resolve::lambda$new$2 (2 bytes)
Event: 25.038 Thread 0x00000184b6005fb0 nmethod 11514 0x00000184a3a6d590 code [0x00000184a3a6d720, 0x00000184a3a6d7d8]
Event: 25.038 Thread 0x00000184b6005fb0 11508       3       com.sun.tools.javac.util.Name::map (19 bytes)
Event: 25.038 Thread 0x00000184b6005fb0 nmethod 11508 0x000001849ce69890 code [0x000001849ce69a40, 0x000001849ce69da8]
Event: 25.038 Thread 0x00000184b6005fb0 11513       1       com.sun.tools.javac.code.Symbol::flags (5 bytes)
Event: 25.038 Thread 0x00000184b6005fb0 nmethod 11513 0x00000184a3a6d890 code [0x00000184a3a6da20, 0x00000184a3a6daf8]
Event: 25.038 Thread 0x00000184b6005fb0 11515       3       com.sun.tools.javac.code.Symbol$VarSymbol::<init> (24 bytes)
Event: 25.038 Thread 0x00000184b6005fb0 nmethod 11515 0x000001849ce69f10 code [0x000001849ce6a0c0, 0x000001849ce6a248]
Event: 25.038 Thread 0x00000184b6005fb0 11516       3       com.sun.tools.javac.util.Convert::shortName (45 bytes)
Event: 25.039 Thread 0x00000184b6005fb0 nmethod 11516 0x000001849ce6a310 code [0x000001849ce6a520, 0x000001849ce6ad98]
Event: 25.042 Thread 0x00000184b6005fb0 11517       3       com.sun.tools.javac.comp.Attr::isType (20 bytes)
Event: 25.042 Thread 0x00000184b6005fb0 nmethod 11517 0x000001849ce6b090 code [0x000001849ce6b220, 0x000001849ce6b3b8]

GC Heap History (20 events):
Event: 17.177 GC heap after
{Heap after GC invocations=52 (full 0):
 garbage-first heap   total 199680K, used 99536K [0x0000000080000000, 0x0000000100000000)
  region size 1024K, 8 young (8192K), 8 survivors (8192K)
 Metaspace       used 96348K, committed 96960K, reserved 1179648K
  class space    used 12911K, committed 13184K, reserved 1048576K
}
Event: 17.179 GC heap before
{Heap before GC invocations=52 (full 0):
 garbage-first heap   total 199680K, used 100560K [0x0000000080000000, 0x0000000100000000)
  region size 1024K, 9 young (9216K), 8 survivors (8192K)
 Metaspace       used 96351K, committed 96960K, reserved 1179648K
  class space    used 12911K, committed 13184K, reserved 1048576K
}
Event: 17.191 GC heap after
{Heap after GC invocations=53 (full 0):
 garbage-first heap   total 199680K, used 99936K [0x0000000080000000, 0x0000000100000000)
  region size 1024K, 1 young (1024K), 1 survivors (1024K)
 Metaspace       used 96351K, committed 96960K, reserved 1179648K
  class space    used 12911K, committed 13184K, reserved 1048576K
}
Event: 17.928 GC heap before
{Heap before GC invocations=53 (full 0):
 garbage-first heap   total 199680K, used 162400K [0x0000000080000000, 0x0000000100000000)
  region size 1024K, 62 young (63488K), 1 survivors (1024K)
 Metaspace       used 99047K, committed 99712K, reserved 1179648K
  class space    used 13190K, committed 13504K, reserved 1048576K
}
Event: 17.940 GC heap after
{Heap after GC invocations=54 (full 0):
 garbage-first heap   total 199680K, used 106399K [0x0000000080000000, 0x0000000100000000)
  region size 1024K, 8 young (8192K), 8 survivors (8192K)
 Metaspace       used 99047K, committed 99712K, reserved 1179648K
  class space    used 13190K, committed 13504K, reserved 1048576K
}
Event: 19.084 GC heap before
{Heap before GC invocations=55 (full 0):
 garbage-first heap   total 199680K, used 162719K [0x0000000080000000, 0x0000000100000000)
  region size 1024K, 63 young (64512K), 8 survivors (8192K)
 Metaspace       used 105014K, committed 105600K, reserved 1179648K
  class space    used 13824K, committed 14080K, reserved 1048576K
}
Event: 19.098 GC heap after
{Heap after GC invocations=56 (full 0):
 garbage-first heap   total 199680K, used 110711K [0x0000000080000000, 0x0000000100000000)
  region size 1024K, 5 young (5120K), 5 survivors (5120K)
 Metaspace       used 105014K, committed 105600K, reserved 1179648K
  class space    used 13824K, committed 14080K, reserved 1048576K
}
Event: 19.207 GC heap before
{Heap before GC invocations=56 (full 0):
 garbage-first heap   total 199680K, used 113783K [0x0000000080000000, 0x0000000100000000)
  region size 1024K, 9 young (9216K), 5 survivors (5120K)
 Metaspace       used 105547K, committed 106176K, reserved 1179648K
  class space    used 13876K, committed 14144K, reserved 1048576K
}
Event: 19.216 GC heap after
{Heap after GC invocations=57 (full 0):
 garbage-first heap   total 199680K, used 110490K [0x0000000080000000, 0x0000000100000000)
  region size 1024K, 1 young (1024K), 1 survivors (1024K)
 Metaspace       used 105547K, committed 106176K, reserved 1179648K
  class space    used 13876K, committed 14144K, reserved 1048576K
}
Event: 20.744 GC heap before
{Heap before GC invocations=57 (full 0):
 garbage-first heap   total 199680K, used 163738K [0x0000000080000000, 0x0000000100000000)
  region size 1024K, 53 young (54272K), 1 survivors (1024K)
 Metaspace       used 113061K, committed 113664K, reserved 1179648K
  class space    used 14710K, committed 14976K, reserved 1048576K
}
Event: 20.751 GC heap after
{Heap after GC invocations=58 (full 0):
 garbage-first heap   total 199680K, used 111320K [0x0000000080000000, 0x0000000100000000)
  region size 1024K, 2 young (2048K), 2 survivors (2048K)
 Metaspace       used 113061K, committed 113664K, reserved 1179648K
  class space    used 14710K, committed 14976K, reserved 1048576K
}
Event: 22.551 GC heap before
{Heap before GC invocations=59 (full 0):
 garbage-first heap   total 199680K, used 165592K [0x0000000080000000, 0x0000000100000000)
  region size 1024K, 55 young (56320K), 2 survivors (2048K)
 Metaspace       used 119352K, committed 119936K, reserved 1179648K
  class space    used 15355K, committed 15616K, reserved 1048576K
}
Event: 22.559 GC heap after
{Heap after GC invocations=60 (full 0):
 garbage-first heap   total 199680K, used 113830K [0x0000000080000000, 0x0000000100000000)
  region size 1024K, 4 young (4096K), 4 survivors (4096K)
 Metaspace       used 119352K, committed 119936K, reserved 1179648K
  class space    used 15355K, committed 15616K, reserved 1048576K
}
Event: 22.645 GC heap before
{Heap before GC invocations=60 (full 0):
 garbage-first heap   total 199680K, used 118950K [0x0000000080000000, 0x0000000100000000)
  region size 1024K, 9 young (9216K), 4 survivors (4096K)
 Metaspace       used 119396K, committed 120000K, reserved 1179648K
  class space    used 15355K, committed 15616K, reserved 1048576K
}
Event: 22.669 GC heap after
{Heap after GC invocations=61 (full 0):
 garbage-first heap   total 199680K, used 114066K [0x0000000080000000, 0x0000000100000000)
  region size 1024K, 2 young (2048K), 2 survivors (2048K)
 Metaspace       used 119396K, committed 120000K, reserved 1179648K
  class space    used 15355K, committed 15616K, reserved 1048576K
}
Event: 23.106 GC heap before
{Heap before GC invocations=61 (full 0):
 garbage-first heap   total 199680K, used 167314K [0x0000000080000000, 0x0000000100000000)
  region size 1024K, 53 young (54272K), 2 survivors (2048K)
 Metaspace       used 119885K, committed 120512K, reserved 1179648K
  class space    used 15391K, committed 15680K, reserved 1048576K
}
Event: 23.112 GC heap after
{Heap after GC invocations=62 (full 0):
 garbage-first heap   total 199680K, used 118469K [0x0000000080000000, 0x0000000100000000)
  region size 1024K, 6 young (6144K), 6 survivors (6144K)
 Metaspace       used 119885K, committed 120512K, reserved 1179648K
  class space    used 15391K, committed 15680K, reserved 1048576K
}
Event: 24.294 GC heap before
{Heap before GC invocations=62 (full 0):
 garbage-first heap   total 199680K, used 166597K [0x0000000080000000, 0x0000000100000000)
  region size 1024K, 53 young (54272K), 6 survivors (6144K)
 Metaspace       used 124944K, committed 125568K, reserved 1179648K
  class space    used 16102K, committed 16384K, reserved 1048576K
}
Event: 24.324 GC heap after
{Heap after GC invocations=63 (full 0):
 garbage-first heap   total 199680K, used 122704K [0x0000000080000000, 0x0000000100000000)
  region size 1024K, 5 young (5120K), 5 survivors (5120K)
 Metaspace       used 124944K, committed 125568K, reserved 1179648K
  class space    used 16102K, committed 16384K, reserved 1048576K
}
Event: 25.044 GC heap before
{Heap before GC invocations=63 (full 0):
 garbage-first heap   total 199680K, used 165712K [0x0000000080000000, 0x0000000100000000)
  region size 1024K, 48 young (49152K), 5 survivors (5120K)
 Metaspace       used 130808K, committed 131456K, reserved 1179648K
  class space    used 16811K, committed 17088K, reserved 1048576K
}

Dll operation events (3 events):
Event: 0.032 Loaded shared library C:\Program Files\Android\Android Studio\jbr\bin\java.dll
Event: 0.216 Loaded shared library C:\Program Files\Android\Android Studio\jbr\bin\zip.dll
Event: 0.747 Loaded shared library C:\Program Files\Android\Android Studio\jbr\bin\verify.dll

Deoptimization events (20 events):
Event: 24.874 Thread 0x00000184b77832d0 Uncommon trap: trap_request=0xffffffde fr.pc=0x00000184a36f5a0c relative=0x000000000000150c
Event: 24.874 Thread 0x00000184b77832d0 Uncommon trap: reason=class_check action=maybe_recompile pc=0x00000184a36f5a0c method=java.util.zip.InflaterInputStream.read([BII)I @ 100 c2
Event: 24.874 Thread 0x00000184b77832d0 DEOPT PACKING pc=0x00000184a36f5a0c sp=0x000000678fbf7cf0
Event: 24.874 Thread 0x00000184b77832d0 DEOPT UNPACKING pc=0x00000184a30969a3 sp=0x000000678fbf7d20 mode 2
Event: 24.921 Thread 0x00000184b77832d0 Uncommon trap: trap_request=0xffffff45 fr.pc=0x00000184a39ec984 relative=0x0000000000000644
Event: 24.921 Thread 0x00000184b77832d0 Uncommon trap: reason=unstable_if action=reinterpret pc=0x00000184a39ec984 method=java.lang.String.replace(CC)Ljava/lang/String; @ 2 c2
Event: 24.921 Thread 0x00000184b77832d0 DEOPT PACKING pc=0x00000184a39ec984 sp=0x000000678fbf8530
Event: 24.921 Thread 0x00000184b77832d0 DEOPT UNPACKING pc=0x00000184a30969a3 sp=0x000000678fbf84c8 mode 2
Event: 24.924 Thread 0x00000184b77832d0 Uncommon trap: trap_request=0xffffff45 fr.pc=0x00000184a387e4d8 relative=0x0000000000005b38
Event: 24.924 Thread 0x00000184b77832d0 Uncommon trap: reason=unstable_if action=reinterpret pc=0x00000184a387e4d8 method=java.lang.String.split(Ljava/lang/String;I)[Ljava/lang/String; @ 42 c2
Event: 24.924 Thread 0x00000184b77832d0 DEOPT PACKING pc=0x00000184a387e4d8 sp=0x000000678fbf8590
Event: 24.924 Thread 0x00000184b77832d0 DEOPT UNPACKING pc=0x00000184a30969a3 sp=0x000000678fbf85a0 mode 2
Event: 24.954 Thread 0x00000184b77832d0 Uncommon trap: trap_request=0xffffff45 fr.pc=0x00000184a39f381c relative=0x0000000000000d7c
Event: 24.954 Thread 0x00000184b77832d0 Uncommon trap: reason=unstable_if action=reinterpret pc=0x00000184a39f381c method=java.nio.file.FileTreeWalker.visit(Ljava/nio/file/Path;ZZ)Ljava/nio/file/FileTreeWalker$Event; @ 53 c2
Event: 24.954 Thread 0x00000184b77832d0 DEOPT PACKING pc=0x00000184a39f381c sp=0x000000678fbf8270
Event: 24.954 Thread 0x00000184b77832d0 DEOPT UNPACKING pc=0x00000184a30969a3 sp=0x000000678fbf81a0 mode 2
Event: 25.010 Thread 0x00000184b77832d0 Uncommon trap: trap_request=0xffffff45 fr.pc=0x00000184a39f1a08 relative=0x0000000000000208
Event: 25.010 Thread 0x00000184b77832d0 Uncommon trap: reason=unstable_if action=reinterpret pc=0x00000184a39f1a08 method=com.sun.tools.javac.util.Name$Table.equals([BI[BII)Z @ 22 c2
Event: 25.010 Thread 0x00000184b77832d0 DEOPT PACKING pc=0x00000184a39f1a08 sp=0x000000678fbf8290
Event: 25.010 Thread 0x00000184b77832d0 DEOPT UNPACKING pc=0x00000184a30969a3 sp=0x000000678fbf8208 mode 2

Classes unloaded (12 events):
Event: 11.332 Thread 0x00000184b1bc8e80 Unloading class 0x0000000100798968 '_BuildScript_$_run_closure1$_closure2'
Event: 11.332 Thread 0x00000184b1bc8e80 Unloading class 0x0000000100798558 '_BuildScript_$_run_closure1'
Event: 11.332 Thread 0x00000184b1bc8e80 Unloading class 0x0000000100798000 '_BuildScript_'
Event: 12.505 Thread 0x00000184b1bc8e80 Unloading class 0x00000001007b19a8 '_BuildScript_$_run_closure1$_closure3'
Event: 12.505 Thread 0x00000184b1bc8e80 Unloading class 0x00000001007b1598 '_BuildScript_$_run_closure1$_closure2'
Event: 12.505 Thread 0x00000184b1bc8e80 Unloading class 0x00000001007b1188 '_BuildScript_$_run_closure1'
Event: 12.505 Thread 0x00000184b1bc8e80 Unloading class 0x00000001007b0c30 '_BuildScript_'
Event: 12.505 Thread 0x00000184b1bc8e80 Unloading class 0x00000001007b0820 'JetGradlePlugin$_apply_closure1$_closure2$_closure3'
Event: 12.505 Thread 0x00000184b1bc8e80 Unloading class 0x00000001007b0410 'JetGradlePlugin$_apply_closure1$_closure2'
Event: 12.505 Thread 0x00000184b1bc8e80 Unloading class 0x00000001007b0000 'JetGradlePlugin$_apply_closure1'
Event: 12.505 Thread 0x00000184b1bc8e80 Unloading class 0x00000001007a9af0 'JetGradlePlugin'
Event: 12.505 Thread 0x00000184b1bc8e80 Unloading class 0x00000001007a9800 'RegistryProcessor'

Classes redefined (0 events):
No events

Internal exceptions (20 events):
Event: 23.771 Thread 0x00000184b77832d0 Exception <a 'java/lang/ClassNotFoundException'{0x000000008abfea38}: java/lang/StringCustomizer> (0x000000008abfea38) 
thrown [s\src\hotspot\share\classfile\systemDictionary.cpp, line 256]
Event: 23.958 Thread 0x00000184b77832d0 Exception <a 'sun/nio/fs/WindowsException'{0x000000008a44a338}> (0x000000008a44a338) 
thrown [s\src\hotspot\share\prims\jni.cpp, line 531]
Event: 23.959 Thread 0x00000184b77832d0 Exception <a 'sun/nio/fs/WindowsException'{0x000000008a44a5a8}> (0x000000008a44a5a8) 
thrown [s\src\hotspot\share\prims\jni.cpp, line 531]
Event: 23.960 Thread 0x00000184b77832d0 Exception <a 'sun/nio/fs/WindowsException'{0x000000008a44cfd8}> (0x000000008a44cfd8) 
thrown [s\src\hotspot\share\prims\jni.cpp, line 531]
Event: 23.960 Thread 0x00000184b77832d0 Exception <a 'sun/nio/fs/WindowsException'{0x000000008a44d348}> (0x000000008a44d348) 
thrown [s\src\hotspot\share\prims\jni.cpp, line 531]
Event: 23.964 Thread 0x00000184b77832d0 Exception <a 'sun/nio/fs/WindowsException'{0x000000008a45d580}> (0x000000008a45d580) 
thrown [s\src\hotspot\share\prims\jni.cpp, line 531]
Event: 23.964 Thread 0x00000184b77832d0 Exception <a 'sun/nio/fs/WindowsException'{0x000000008a45d8f0}> (0x000000008a45d8f0) 
thrown [s\src\hotspot\share\prims\jni.cpp, line 531]
Event: 24.106 Thread 0x00000184b77832d0 Exception <a 'java/lang/NoSuchMethodError'{0x0000000089de5918}: 'void java.lang.invoke.DirectMethodHandle$Holder.invokeStatic(java.lang.Object, java.lang.Object, java.lang.Object, java.lang.Object, java.lang.Object, java.lang.Object, java.lang.Object)'> (0x0000000089de5918) 
thrown [s\src\hotspot\share\interpreter\linkResolver.cpp, line 771]
Event: 24.252 Thread 0x00000184b77832d0 Exception <a 'java/lang/NoSuchMethodError'{0x000000008956c398}: 'java.lang.Object java.lang.invoke.DirectMethodHandle$Holder.newInvokeSpecial(java.lang.Object, java.lang.Object, java.lang.Object, int, int)'> (0x000000008956c398) 
thrown [s\src\hotspot\share\interpreter\linkResolver.cpp, line 771]
Event: 24.256 Thread 0x00000184b77832d0 Exception <a 'java/lang/NoSuchMethodError'{0x00000000895cdd58}: 'java.lang.Object java.lang.invoke.Invokers$Holder.linkToTargetMethod(java.lang.Object, java.lang.Object, java.lang.Object, int, int, java.lang.Object, java.lang.Object)'> (0x00000000895cdd58) 
thrown [s\src\hotspot\share\interpreter\linkResolver.cpp, line 771]
Event: 24.453 Thread 0x00000184b77832d0 Exception <a 'java/lang/NoSuchMethodError'{0x000000008c2f1eb8}: 'java.lang.Object java.lang.invoke.DirectMethodHandle$Holder.newInvokeSpecial(java.lang.Object, java.lang.Object, java.lang.Object, java.lang.Object, int, int)'> (0x000000008c2f1eb8) 
thrown [s\src\hotspot\share\interpreter\linkResolver.cpp, line 771]
Event: 24.454 Thread 0x00000184b77832d0 Exception <a 'java/lang/NoSuchMethodError'{0x000000008c2fa608}: 'java.lang.Object java.lang.invoke.Invokers$Holder.linkToTargetMethod(java.lang.Object, java.lang.Object, java.lang.Object, int, int, java.lang.Object)'> (0x000000008c2fa608) 
thrown [s\src\hotspot\share\interpreter\linkResolver.cpp, line 771]
Event: 24.460 Thread 0x00000184b77832d0 Exception <a 'sun/nio/fs/WindowsException'{0x000000008c13f3d0}> (0x000000008c13f3d0) 
thrown [s\src\hotspot\share\prims\jni.cpp, line 531]
Event: 24.461 Thread 0x00000184b77832d0 Exception <a 'sun/nio/fs/WindowsException'{0x000000008c13f8c8}> (0x000000008c13f8c8) 
thrown [s\src\hotspot\share\prims\jni.cpp, line 531]
Event: 24.465 Thread 0x00000184b77832d0 Exception <a 'sun/nio/fs/WindowsException'{0x000000008c145a28}> (0x000000008c145a28) 
thrown [s\src\hotspot\share\prims\jni.cpp, line 531]
Event: 24.465 Thread 0x00000184b77832d0 Exception <a 'sun/nio/fs/WindowsException'{0x000000008c145cb8}> (0x000000008c145cb8) 
thrown [s\src\hotspot\share\prims\jni.cpp, line 531]
Event: 24.836 Thread 0x00000184b77832d0 Implicit null exception at 0x00000184a37ad08c to 0x00000184a37ad1c2
Event: 24.915 Thread 0x00000184b77832d0 Exception <a 'java/lang/NoSuchMethodError'{0x000000008a07fcb0}: 'int java.lang.invoke.DirectMethodHandle$Holder.invokeSpecial(java.lang.Object, java.lang.Object, java.lang.Object, java.lang.Object, java.lang.Object)'> (0x000000008a07fcb0) 
thrown [s\src\hotspot\share\interpreter\linkResolver.cpp, line 771]
Event: 24.945 Thread 0x00000184b77832d0 Exception <a 'java/lang/NoSuchMethodError'{0x0000000089e08cd0}: 'java.lang.Object java.lang.invoke.DirectMethodHandle$Holder.invokeStatic(java.lang.Object, java.lang.Object, int, int)'> (0x0000000089e08cd0) 
thrown [s\src\hotspot\share\interpreter\linkResolver.cpp, line 771]
Event: 24.947 Thread 0x00000184b77832d0 Exception <a 'java/lang/NoSuchMethodError'{0x0000000089e15038}: 'java.lang.Object java.lang.invoke.DirectMethodHandle$Holder.invokeVirtual(java.lang.Object, java.lang.Object, java.lang.Object, int, int)'> (0x0000000089e15038) 
thrown [s\src\hotspot\share\interpreter\linkResolver.cpp, line 771]

VM Operations (20 events):
Event: 23.113 Executing VM operation: G1CollectForAllocation done
Event: 23.402 Executing VM operation: ICBufferFull
Event: 23.402 Executing VM operation: ICBufferFull done
Event: 23.492 Executing VM operation: ICBufferFull
Event: 23.492 Executing VM operation: ICBufferFull done
Event: 24.074 Executing VM operation: ICBufferFull
Event: 24.074 Executing VM operation: ICBufferFull done
Event: 24.138 Executing VM operation: HandshakeAllThreads
Event: 24.138 Executing VM operation: HandshakeAllThreads done
Event: 24.182 Executing VM operation: HandshakeAllThreads
Event: 24.183 Executing VM operation: HandshakeAllThreads done
Event: 24.242 Executing VM operation: HandshakeAllThreads
Event: 24.242 Executing VM operation: HandshakeAllThreads done
Event: 24.294 Executing VM operation: G1CollectForAllocation
Event: 24.325 Executing VM operation: G1CollectForAllocation done
Event: 24.427 Executing VM operation: HandshakeAllThreads
Event: 24.427 Executing VM operation: HandshakeAllThreads done
Event: 24.801 Executing VM operation: HandshakeAllThreads
Event: 24.801 Executing VM operation: HandshakeAllThreads done
Event: 25.044 Executing VM operation: G1CollectForAllocation

Events (20 events):
Event: 24.193 loading class java/util/JumboEnumSet$EnumSetIterator
Event: 24.193 loading class java/util/JumboEnumSet$EnumSetIterator done
Event: 24.200 loading class java/util/ResourceBundle$KeyElementReference
Event: 24.200 loading class java/util/ResourceBundle$CacheKeyReference
Event: 24.201 loading class java/util/ResourceBundle$CacheKeyReference done
Event: 24.201 loading class java/util/ResourceBundle$KeyElementReference done
Event: 24.201 loading class java/util/ResourceBundle$3
Event: 24.201 loading class java/util/ResourceBundle$3 done
Event: 24.208 loading class java/util/ResourceBundle$BundleReference
Event: 24.208 loading class java/util/ResourceBundle$BundleReference done
Event: 24.245 loading class java/util/HashMap$EntrySpliterator
Event: 24.245 loading class java/util/HashMap$EntrySpliterator done
Event: 24.343 loading class java/util/ServiceLoader$ProviderSpliterator
Event: 24.344 loading class java/util/ServiceLoader$ProviderSpliterator done
Event: 24.742 loading class java/util/regex/Pattern$Caret
Event: 24.743 loading class java/util/regex/Pattern$Caret done
Event: 24.800 loading class jdk/internal/jimage/ImageReader$LinkNode
Event: 24.800 loading class jdk/internal/jimage/ImageReader$LinkNode done
Event: 24.936 loading class java/nio/file/FileTreeWalker$1
Event: 24.936 loading class java/nio/file/FileTreeWalker$1 done


Dynamic libraries:
0x00007ff6c0ea0000 - 0x00007ff6c0eaa000 	C:\Program Files\Android\Android Studio\jbr\bin\java.exe
0x00007fffda240000 - 0x00007fffda449000 	C:\WINDOWS\SYSTEM32\ntdll.dll
0x00007fffd8b70000 - 0x00007fffd8c2d000 	C:\WINDOWS\System32\KERNEL32.DLL
0x00007fffd78e0000 - 0x00007fffd7c64000 	C:\WINDOWS\System32\KERNELBASE.dll
0x00007fffd7eb0000 - 0x00007fffd7fc1000 	C:\WINDOWS\System32\ucrtbase.dll
0x00007fffbd7d0000 - 0x00007fffbd7e7000 	C:\Program Files\Android\Android Studio\jbr\bin\jli.dll
0x00007fffbd770000 - 0x00007fffbd78b000 	C:\Program Files\Android\Android Studio\jbr\bin\VCRUNTIME140.dll
0x00007fffd9960000 - 0x00007fffd9b0d000 	C:\WINDOWS\System32\USER32.dll
0x00007fffd7e80000 - 0x00007fffd7ea6000 	C:\WINDOWS\System32\win32u.dll
0x00007fffd8c30000 - 0x00007fffd8c5a000 	C:\WINDOWS\System32\GDI32.dll
0x00007fffd7750000 - 0x00007fffd786e000 	C:\WINDOWS\System32\gdi32full.dll
0x00007fffbca80000 - 0x00007fffbcd25000 	C:\WINDOWS\WinSxS\amd64_microsoft.windows.common-controls_6595b64144ccf1df_6.0.22000.120_none_9d947278b86cc467\COMCTL32.dll
0x00007fffd7de0000 - 0x00007fffd7e7d000 	C:\WINDOWS\System32\msvcp_win.dll
0x00007fffd86b0000 - 0x00007fffd8753000 	C:\WINDOWS\System32\msvcrt.dll
0x00007fffd9d00000 - 0x00007fffd9d31000 	C:\WINDOWS\System32\IMM32.DLL
0x00007fffbda10000 - 0x00007fffbda1c000 	C:\Program Files\Android\Android Studio\jbr\bin\vcruntime140_1.dll
0x00007fff899e0000 - 0x00007fff89a6d000 	C:\Program Files\Android\Android Studio\jbr\bin\msvcp140.dll
0x00007fff4fb50000 - 0x00007fff507d3000 	C:\Program Files\Android\Android Studio\jbr\bin\server\jvm.dll
0x00007fffd89d0000 - 0x00007fffd8a7e000 	C:\WINDOWS\System32\ADVAPI32.dll
0x00007fffd9ec0000 - 0x00007fffd9f5e000 	C:\WINDOWS\System32\sechost.dll
0x00007fffd9bd0000 - 0x00007fffd9cf1000 	C:\WINDOWS\System32\RPCRT4.dll
0x00007fffb7170000 - 0x00007fffb7179000 	C:\WINDOWS\SYSTEM32\WSOCK32.dll
0x00007fffd8af0000 - 0x00007fffd8b5f000 	C:\WINDOWS\System32\WS2_32.dll
0x00007fffd75a0000 - 0x00007fffd75ed000 	C:\WINDOWS\SYSTEM32\POWRPROF.dll
0x00007fffd1c20000 - 0x00007fffd1c53000 	C:\WINDOWS\SYSTEM32\WINMM.dll
0x00007fffcfc20000 - 0x00007fffcfc2a000 	C:\WINDOWS\SYSTEM32\VERSION.dll
0x00007fffd7580000 - 0x00007fffd7593000 	C:\WINDOWS\SYSTEM32\UMPDC.dll
0x00007fffd6740000 - 0x00007fffd6758000 	C:\WINDOWS\SYSTEM32\kernel.appcore.dll
0x00007fffd45d0000 - 0x00007fffd45da000 	C:\Program Files\Android\Android Studio\jbr\bin\jimage.dll
0x00007fffd51b0000 - 0x00007fffd53d1000 	C:\WINDOWS\SYSTEM32\DBGHELP.DLL
0x00007fffb70a0000 - 0x00007fffb70d1000 	C:\WINDOWS\SYSTEM32\dbgcore.DLL
0x00007fffd76d0000 - 0x00007fffd774f000 	C:\WINDOWS\System32\bcryptPrimitives.dll
0x00007fffbf2e0000 - 0x00007fffbf2ee000 	C:\Program Files\Android\Android Studio\jbr\bin\instrument.dll
0x00007fffd3440000 - 0x00007fffd3465000 	C:\Program Files\Android\Android Studio\jbr\bin\java.dll
0x00007fffbf9e0000 - 0x00007fffbf9f8000 	C:\Program Files\Android\Android Studio\jbr\bin\zip.dll
0x00007fffd8fe0000 - 0x00007fffd97a5000 	C:\WINDOWS\System32\SHELL32.dll
0x00007fffd57a0000 - 0x00007fffd6002000 	C:\WINDOWS\SYSTEM32\windows.storage.dll
0x00007fffd8c60000 - 0x00007fffd8fd6000 	C:\WINDOWS\System32\combase.dll
0x00007fffd5630000 - 0x00007fffd5797000 	C:\WINDOWS\SYSTEM32\wintypes.dll
0x00007fffd8760000 - 0x00007fffd884a000 	C:\WINDOWS\System32\SHCORE.dll
0x00007fffd8970000 - 0x00007fffd89cd000 	C:\WINDOWS\System32\shlwapi.dll
0x00007fffd7600000 - 0x00007fffd7625000 	C:\WINDOWS\SYSTEM32\profapi.dll
0x00007fffbf400000 - 0x00007fffbf419000 	C:\Program Files\Android\Android Studio\jbr\bin\net.dll
0x00007fffd17c0000 - 0x00007fffd18d4000 	C:\WINDOWS\SYSTEM32\WINHTTP.dll
0x00007fffd6bf0000 - 0x00007fffd6c57000 	C:\WINDOWS\system32\mswsock.dll
0x00007fffbe3d0000 - 0x00007fffbe3e6000 	C:\Program Files\Android\Android Studio\jbr\bin\nio.dll
0x00007fffbfc10000 - 0x00007fffbfc20000 	C:\Program Files\Android\Android Studio\jbr\bin\verify.dll
0x00007fffbb910000 - 0x00007fffbb937000 	C:\Users\HP SUPPORT\.gradle\native\c067742578af261105cb4f569cf0c3c89f3d7b1fecec35dd04571415982c5e48\windows-amd64\native-platform.dll
0x00007fff7dde0000 - 0x00007fff7df24000 	C:\Users\HP SUPPORT\.gradle\native\38dada09dfb8b06ba9b0570ebf7e218e3eb74d4ef43ca46872605cf95ebc2f47\windows-amd64\native-platform-file-events.dll
0x00007fffc4740000 - 0x00007fffc4749000 	C:\Program Files\Android\Android Studio\jbr\bin\management.dll
0x00007fffc02e0000 - 0x00007fffc02eb000 	C:\Program Files\Android\Android Studio\jbr\bin\management_ext.dll
0x00007fffd97b0000 - 0x00007fffd97b8000 	C:\WINDOWS\System32\PSAPI.DLL
0x00007fffd6e30000 - 0x00007fffd6e48000 	C:\WINDOWS\SYSTEM32\CRYPTSP.dll
0x00007fffd66a0000 - 0x00007fffd66d5000 	C:\WINDOWS\system32\rsaenh.dll
0x00007fffd6ce0000 - 0x00007fffd6d0c000 	C:\WINDOWS\SYSTEM32\USERENV.dll
0x00007fffd6fb0000 - 0x00007fffd6fd7000 	C:\WINDOWS\SYSTEM32\bcrypt.dll
0x00007fffd6e50000 - 0x00007fffd6e5c000 	C:\WINDOWS\SYSTEM32\CRYPTBASE.dll
0x00007fffd6260000 - 0x00007fffd628d000 	C:\WINDOWS\SYSTEM32\IPHLPAPI.DLL
0x00007fffd8b60000 - 0x00007fffd8b69000 	C:\WINDOWS\System32\NSI.dll
0x00007fffd1c00000 - 0x00007fffd1c19000 	C:\WINDOWS\SYSTEM32\dhcpcsvc6.DLL
0x00007fffd21a0000 - 0x00007fffd21be000 	C:\WINDOWS\SYSTEM32\dhcpcsvc.DLL
0x00007fffd62d0000 - 0x00007fffd63b7000 	C:\WINDOWS\SYSTEM32\DNSAPI.dll
0x00007fffd4580000 - 0x00007fffd4589000 	C:\Program Files\Android\Android Studio\jbr\bin\extnet.dll
0x00007fffd45b0000 - 0x00007fffd45b8000 	C:\WINDOWS\system32\wshunix.dll

dbghelp: loaded successfully - version: 4.0.5 - missing functions: none
symbol engine: initialized successfully - sym options: 0x614 - pdb path: .;C:\Program Files\Android\Android Studio\jbr\bin;C:\WINDOWS\SYSTEM32;C:\WINDOWS\WinSxS\amd64_microsoft.windows.common-controls_6595b64144ccf1df_6.0.22000.120_none_9d947278b86cc467;C:\Program Files\Android\Android Studio\jbr\bin\server;C:\Users\HP SUPPORT\.gradle\native\c067742578af261105cb4f569cf0c3c89f3d7b1fecec35dd04571415982c5e48\windows-amd64;C:\Users\HP SUPPORT\.gradle\native\38dada09dfb8b06ba9b0570ebf7e218e3eb74d4ef43ca46872605cf95ebc2f47\windows-amd64

VM Arguments:
jvm_args: --add-opens=java.base/java.util.concurrent.atomic=ALL-UNNAMED --add-opens=java.base/java.util=ALL-UNNAMED --add-opens=java.base/java.lang=ALL-UNNAMED --add-opens=java.base/java.lang.invoke=ALL-UNNAMED --add-opens=java.prefs/java.util.prefs=ALL-UNNAMED --add-opens=java.base/java.nio.charset=ALL-UNNAMED --add-opens=java.base/java.net=ALL-UNNAMED --add-opens=java.base/java.util.concurrent.atomic=ALL-UNNAMED -Xmx2048m -Dfile.encoding=UTF-8 -Duser.country=ES -Duser.language=es -Duser.variant -javaagent:C:\Users\HP SUPPORT\.gradle\wrapper\dists\gradle-8.7-bin\bhs2wmbdwecv87pi65oeuq5iu\gradle-8.7\lib\agents\gradle-instrumentation-agent-8.7.jar 
java_command: org.gradle.launcher.daemon.bootstrap.GradleDaemon 8.7
java_class_path (initial): C:\Users\HP SUPPORT\.gradle\wrapper\dists\gradle-8.7-bin\bhs2wmbdwecv87pi65oeuq5iu\gradle-8.7\lib\gradle-launcher-8.7.jar
Launcher Type: SUN_STANDARD

[Global flags]
     intx CICompilerCount                          = 3                                         {product} {ergonomic}
     uint ConcGCThreads                            = 1                                         {product} {ergonomic}
     uint G1ConcRefinementThreads                  = 4                                         {product} {ergonomic}
   size_t G1HeapRegionSize                         = 1048576                                   {product} {ergonomic}
    uintx GCDrainStackTargetSize                   = 64                                        {product} {ergonomic}
   size_t InitialHeapSize                          = 65011712                                  {product} {ergonomic}
   size_t MarkStackSize                            = 4194304                                   {product} {ergonomic}
   size_t MaxHeapSize                              = 2147483648                                {product} {command line}
   size_t MaxNewSize                               = 1287651328                                {product} {ergonomic}
   size_t MinHeapDeltaBytes                        = 1048576                                   {product} {ergonomic}
   size_t MinHeapSize                              = 8388608                                   {product} {ergonomic}
    uintx NonNMethodCodeHeapSize                   = 5832780                                {pd product} {ergonomic}
    uintx NonProfiledCodeHeapSize                  = 122912730                              {pd product} {ergonomic}
    uintx ProfiledCodeHeapSize                     = 122912730                              {pd product} {ergonomic}
    uintx ReservedCodeCacheSize                    = 251658240                              {pd product} {ergonomic}
     bool SegmentedCodeCache                       = true                                      {product} {ergonomic}
   size_t SoftMaxHeapSize                          = 2147483648                             {manageable} {ergonomic}
     bool UseCompressedClassPointers               = true                           {product lp64_product} {ergonomic}
     bool UseCompressedOops                        = true                           {product lp64_product} {ergonomic}
     bool UseG1GC                                  = true                                      {product} {ergonomic}
     bool UseLargePagesIndividualAllocation        = false                                  {pd product} {ergonomic}

Logging:
Log output configuration:
 #0: stdout all=warning uptime,level,tags
 #1: stderr all=off uptime,level,tags

Environment Variables:
PATH=C:\ProgramData\Oracle\Java\javapath;C:\Program Files\Common Files\Oracle\Java\javapath;C:\Program Files (x86)\Common Files\Oracle\Java\javapath;C:\ORACLE\bin;C:\WINDOWS\system32;C:\WINDOWS;C:\WINDOWS\System32\Wbem;C:\WINDOWS\System32\WindowsPowerShell\v1.0\;C:\WINDOWS\System32\OpenSSH\;C:\Program Files (x86)\Rational\common;C:\Program Files\nodejs\;C:\Program Files\Git\cmd;C:\Program Files\Git\mingw64\bin;C:\Program Files\Git\usr\bin;C:\scrcpy;C:\Program Files\MySQL\MySQL Shell 8.0\bin\;C:\Users\HP SUPPORT\AppData\Local\Microsoft\WindowsApps;C:\Users\HP SUPPORT\AppData\Local\Programs\Microsoft VS Code\bin;C:\Users\HP SUPPORT\AppData\Roaming\npm
USERNAME=HP SUPPORT
OS=Windows_NT
PROCESSOR_IDENTIFIER=Intel64 Family 6 Model 142 Stepping 12, GenuineIntel
TMP=C:\Users\HPSUPP~1\AppData\Local\Temp
TEMP=C:\Users\HPSUPP~1\AppData\Local\Temp



Periodic native trim disabled

JNI global refs:
JNI global refs: 26, weak refs: 4

JNI global refs memory usage: 843, weak refs: 841

Process memory usage:
Resident Set Size: 364748K (9% of 3994612K total physical memory with 60180K free physical memory)

OOME stack traces (most recent first):
Classloader memory used:
Loader org.gradle.internal.classloader.VisitableURLClassLoader                         : 11709K
Loader bootstrap                                                                       : 2556K
Loader org.gradle.initialization.MixInLegacyTypesClassLoader                           : 891K
Loader jdk.internal.loader.ClassLoaders$AppClassLoader                                 : 866K
Loader jdk.internal.loader.ClassLoaders$PlatformClassLoader                            : 89754B
Loader org.gradle.internal.classloader.VisitableURLClassLoader                         : 84439B
Loader org.gradle.internal.classloader.VisitableURLClassLoader$InstrumentingVisitableURLClassLoader: 80585B
Loader jdk.internal.jrtfs.JrtFileSystemProvider$JrtFsLoader                            : 42422B
Loader jdk.internal.reflect.DelegatingClassLoader                                      : 21017B
Loader org.gradle.groovy.scripts.internal.DefaultScriptCompilationHandler$ScriptClassLoader: 10904B
Loader org.codehaus.groovy.runtime.callsite.CallSiteClassLoader                        : 5965B

Classes loaded by more than one classloader:
Class org.gradle.internal.Cast                                                        : loaded 3 times (x 69B)
Class org.gradle.api.GradleException                                                  : loaded 3 times (x 80B)
Class org.gradle.internal.classpath.ClassPath                                         : loaded 2 times (x 68B)
Class org.gradle.api.internal.classpath.DefaultModuleRegistry                         : loaded 2 times (x 84B)
Class org.gradle.internal.exceptions.NonGradleCauseExceptionsHolder                   : loaded 2 times (x 68B)
Class Settings_gradle$1$1                                                             : loaded 2 times (x 72B)
Class jdk.internal.jimage.BasicImageReader$1                                          : loaded 2 times (x 75B)
Class org.gradle.api.Action                                                           : loaded 2 times (x 68B)
Class jdk.internal.jimage.ImageBufferCache$1                                          : loaded 2 times (x 78B)
Class jdk.internal.jimage.ImageBufferCache$2                                          : loaded 2 times (x 89B)
Class org.gradle.api.internal.DefaultClassPathProvider                                : loaded 2 times (x 74B)
Class org.gradle.internal.installation.GradleInstallation$1                           : loaded 2 times (x 73B)
Class jdk.internal.jrtfs.SystemImage$1                                                : loaded 2 times (x 76B)
Class jdk.internal.jrtfs.SystemImage$2                                                : loaded 2 times (x 74B)
Class org.gradle.internal.exceptions.DefaultMultiCauseException                       : loaded 2 times (x 93B)
Class org.gradle.tooling.model.UnsupportedMethodException                             : loaded 2 times (x 80B)
Class org.gradle.util.GradleVersion                                                   : loaded 2 times (x 81B)
Class org.gradle.internal.classloader.FilteringClassLoader                            : loaded 2 times (x 103B)
Class jdk.internal.jimage.ImageReader$Resource                                        : loaded 2 times (x 82B)
Class jdk.internal.jrtfs.SystemImage                                                  : loaded 2 times (x 72B)
Class org.gradle.tooling.model.Model                                                  : loaded 2 times (x 68B)
Class org.gradle.internal.classpath.DefaultClassPath$ImmutableUniqueList$Builder      : loaded 2 times (x 73B)
Class jdk.internal.jrtfs.JrtDirectoryStream$1                                         : loaded 2 times (x 81B)
Class org.gradle.internal.classloader.ClassLoaderVisitor                              : loaded 2 times (x 74B)
Class org.gradle.internal.time.DefaultCountdownTimer                                  : loaded 2 times (x 86B)
Class org.gradle.internal.service.DefaultServiceLocator                               : loaded 2 times (x 81B)
Class org.gradle.internal.service.UnknownServiceException                             : loaded 2 times (x 81B)
Class org.gradle.internal.classloader.DefaultClassLoaderFactory                       : loaded 2 times (x 80B)
Class jdk.internal.jimage.ImageReader$SharedImageReader                               : loaded 2 times (x 93B)
Class jdk.internal.jimage.decompressor.ZipDecompressorFactory                         : loaded 2 times (x 72B)
Class org.gradle.internal.classloader.VisitableURLClassLoader$Spec                    : loaded 2 times (x 72B)
Class org.gradle.tooling.model.ProjectModel                                           : loaded 2 times (x 68B)
Class org.gradle.internal.time.MonotonicClock                                         : loaded 2 times (x 75B)
Class org.gradle.tooling.internal.gradle.DefaultProjectIdentifier                     : loaded 2 times (x 84B)
Class org.gradle.api.internal.classpath.ModuleRegistry                                : loaded 2 times (x 68B)
Class ijInit2_9dl7iqap2lht21txyf587bzb2                                               : loaded 2 times (x 177B)
Class org.gradle.api.internal.ClassPathProvider                                       : loaded 2 times (x 68B)
Class org.gradle.internal.classloader.ClasspathUtil$1                                 : loaded 2 times (x 74B)
Class org.gradle.internal.classloader.ClassLoaderFactory                              : loaded 2 times (x 68B)
Class jdk.internal.jimage.ImageHeader                                                 : loaded 2 times (x 69B)
Class org.gradle.api.internal.classpath.ManifestUtil                                  : loaded 2 times (x 69B)
Class org.gradle.api.specs.Spec                                                       : loaded 2 times (x 68B)
Class org.gradle.tooling.internal.gradle.GradleBuildIdentity                          : loaded 2 times (x 68B)
Class org.gradle.internal.IoActions                                                   : loaded 2 times (x 69B)
Class jdk.internal.jimage.decompressor.StringSharingDecompressorFactory               : loaded 2 times (x 72B)
Class org.gradle.api.internal.classpath.EffectiveClassPath                            : loaded 2 times (x 88B)
Class jdk.internal.jimage.ImageReader$LinkNode                                        : loaded 2 times (x 82B)
Class org.gradle.internal.exceptions.ResolutionProvider                               : loaded 2 times (x 68B)
Class org.gradle.internal.installation.CurrentGradleInstallation                      : loaded 2 times (x 71B)
Class org.gradle.internal.agents.InstrumentingClassLoader                             : loaded 2 times (x 68B)
Class org.gradle.internal.installation.CurrentGradleInstallationLocator               : loaded 2 times (x 69B)
Class org.gradle.api.internal.classpath.Module                                        : loaded 2 times (x 68B)
Class org.gradle.internal.service.CachingServiceLocator                               : loaded 2 times (x 80B)
Class org.gradle.internal.time.Timer                                                  : loaded 2 times (x 68B)
Class org.jetbrains.kotlin.idea.gradleTooling.KotlinDslScriptAdditionalTask           : loaded 2 times (x 68B)
Class org.gradle.internal.classpath.DefaultClassPath                                  : loaded 2 times (x 88B)
Class jdk.internal.jimage.BasicImageReader                                            : loaded 2 times (x 93B)
Class jdk.internal.jimage.ImageLocation                                               : loaded 2 times (x 88B)
Class org.gradle.internal.impldep.com.google.common.base.Preconditions                : loaded 2 times (x 69B)
Class jdk.internal.jimage.ImageReader$Node                                            : loaded 2 times (x 82B)
Class org.gradle.internal.time.Time                                                   : loaded 2 times (x 69B)
Class jdk.internal.jimage.decompressor.CompressedResourceHeader                       : loaded 2 times (x 69B)
Class org.gradle.internal.time.TimeSource$1                                           : loaded 2 times (x 75B)
Class jdk.internal.jrtfs.JrtPath                                                      : loaded 2 times (x 116B)
Class jdk.internal.jimage.ImageStrings                                                : loaded 2 times (x 68B)
Class jdk.internal.jrtfs.JrtFileAttributes                                            : loaded 2 times (x 81B)
Class org.gradle.internal.classloader.SystemClassLoaderSpec                           : loaded 2 times (x 69B)
Class jdk.internal.jimage.decompressor.ResourceDecompressorRepository                 : loaded 2 times (x 69B)
Class org.gradle.api.UncheckedIOException                                             : loaded 2 times (x 80B)
Class jdk.internal.jimage.decompressor.ResourceDecompressor$StringsProvider           : loaded 2 times (x 68B)
Class Program                                                                         : loaded 2 times (x 70B)
Class jdk.internal.jimage.decompressor.Decompressor                                   : loaded 2 times (x 70B)
Class sync_studio_tooling7986_6rbzgxhbvya8fyjh17gt56nsh                               : loaded 2 times (x 177B)
Class jdk.internal.jrtfs.JrtFileSystem                                                : loaded 2 times (x 100B)
Class org.gradle.tooling.internal.gradle.GradleProjectIdentity                        : loaded 2 times (x 68B)
Class jdk.internal.jrtfs.JrtFileSystemProvider                                        : loaded 2 times (x 97B)
Class org.gradle.internal.time.CountdownTimer                                         : loaded 2 times (x 68B)
Class org.gradle.internal.time.Clock                                                  : loaded 2 times (x 68B)
Class org.gradle.internal.classloader.ClasspathUtil                                   : loaded 2 times (x 69B)
Class jdk.internal.jrtfs.JrtDirectoryStream                                           : loaded 2 times (x 87B)
Class org.gradle.tooling.model.BuildIdentifier                                        : loaded 2 times (x 68B)
Class jdk.internal.jimage.decompressor.ResourceDecompressor                           : loaded 2 times (x 68B)
Class org.gradle.api.internal.DefaultClassPathRegistry                                : loaded 2 times (x 74B)
Class org.gradle.api.internal.classpath.DefaultModuleRegistry$DefaultModule           : loaded 2 times (x 84B)
Class org.gradle.internal.time.TimeSource                                             : loaded 2 times (x 68B)
Class org.gradle.api.internal.classpath.UnknownModuleException                        : loaded 2 times (x 80B)
Class org.gradle.internal.service.ServiceLookupException                              : loaded 2 times (x 80B)
Class jdk.internal.jimage.ImageStringsReader                                          : loaded 2 times (x 78B)
Class org.gradle.cache.GlobalCache                                                    : loaded 2 times (x 68B)
Class jdk.internal.jimage.decompressor.ResourceDecompressorFactory                    : loaded 2 times (x 72B)
Class org.gradle.tooling.model.ProjectIdentifier                                      : loaded 2 times (x 68B)
Class [Lorg.gradle.api.internal.ClassPathProvider;                                    : loaded 2 times (x 67B)
Class jdk.internal.jimage.ImageReader$SharedImageReader$LocationVisitor               : loaded 2 times (x 68B)
Class org.gradle.internal.operations.MultipleBuildOperationFailures                   : loaded 2 times (x 93B)
Class org.gradle.util.internal.GUtil                                                  : loaded 2 times (x 69B)
Class jdk.internal.jimage.decompressor.ZipDecompressor                                : loaded 2 times (x 73B)
Class org.gradle.internal.classloader.ClassLoaderSpec                                 : loaded 2 times (x 69B)
Class org.gradle.internal.classloader.VisitableURLClassLoader                         : loaded 2 times (x 115B)
Class org.gradle.internal.installation.GradleInstallation                             : loaded 2 times (x 73B)
Class org.gradle.api.internal.ClassPathRegistry                                       : loaded 2 times (x 68B)
Class org.gradle.internal.classloader.VisitableURLClassLoader$InstrumentingVisitableURLClassLoader: loaded 2 times (x 121B)
Class org.gradle.internal.classloader.ClassLoaderHierarchy                            : loaded 2 times (x 68B)
Class org.gradle.internal.exceptions.MultiCauseException                              : loaded 2 times (x 68B)
Class jdk.internal.jimage.ImageReader                                                 : loaded 2 times (x 73B)
Class org.gradle.internal.InternalTransformer                                         : loaded 2 times (x 68B)
Class org.gradle.tooling.internal.gradle.DefaultBuildIdentifier                       : loaded 2 times (x 77B)
Class org.gradle.internal.service.ServiceLocator                                      : loaded 2 times (x 68B)
Class Settings_gradle$1                                                               : loaded 2 times (x 72B)
Class org.gradle.internal.classpath.DefaultClassPath$ImmutableUniqueList              : loaded 2 times (x 159B)
Class jdk.internal.jimage.ImageBufferCache                                            : loaded 2 times (x 69B)
Class org.gradle.internal.time.DefaultTimer                                           : loaded 2 times (x 78B)
Class org.gradle.internal.classpath.TransformedClassPath                              : loaded 2 times (x 94B)
Class Settings_gradle                                                                 : loaded 2 times (x 126B)
Class jdk.internal.jimage.ImageReader$Directory                                       : loaded 2 times (x 82B)
Class sync_studio_tooling7986_6rbzgxhbvya8fyjh17gt56nsh$_run_closure1                 : loaded 2 times (x 137B)


---------------  S Y S T E M  ---------------

OS:
 Windows 11 , 64 bit Build 22000 (10.0.22000.2538)
OS uptime: 5 days 17:27 hours

CPU: total 4 (initial active 4) (2 cores per cpu, 2 threads per core) family 6 model 142 stepping 12 microcode 0xde, cx8, cmov, fxsr, ht, mmx, 3dnowpref, sse, sse2, sse3, ssse3, sse4.1, sse4.2, popcnt, lzcnt, tsc, tscinvbit, avx, avx2, aes, erms, clmul, bmi1, bmi2, adx, fma, vzeroupper, clflush, clflushopt
Processor Information for processor 0
  Max Mhz: 2592, Current Mhz: 1495, Mhz Limit: 2073
Processor Information for processor 1
  Max Mhz: 2592, Current Mhz: 2093, Mhz Limit: 2073
Processor Information for processor 2
  Max Mhz: 2592, Current Mhz: 2093, Mhz Limit: 2073
Processor Information for processor 3
  Max Mhz: 2592, Current Mhz: 2093, Mhz Limit: 2073

Memory: 4k page, system-wide physical 3900M (59M free)
TotalPageFile size 15676M (AvailPageFile size 229M)
current process WorkingSet (physical memory assigned to process): 356M, peak: 382M
current process commit charge ("private bytes"): 498M, peak: 889M

vm_info: OpenJDK 64-Bit Server VM (17.0.11+0--11852314) for windows-amd64 JRE (17.0.11+0--11852314), built on May 16 2024 21:29:20 by "androidbuild" with MS VC++ 16.10 / 16.11 (VS2019)

END.
