#
# There is insufficient memory for the Java Runtime Environment to continue.
# Native memory allocation (mmap) failed to map 115343360 bytes. Error detail: G1 virtual space
# Possible reasons:
#   The system is out of physical RAM or swap space
#   This process is running with CompressedOops enabled, and the Java Heap may be blocking the growth of the native heap
# Possible solutions:
#   Reduce memory load on the system
#   Increase physical memory or swap space
#   Check if swap backing store is full
#   Decrease Java heap size (-Xmx/-Xms)
#   Decrease number of Java threads
#   Decrease Java thread stack sizes (-Xss)
#   Set larger code cache with -XX:ReservedCodeCacheSize=
#   JVM is running with Unscaled Compressed Oops mode in which the Java heap is
#     placed in the first 4GB address space. The Java Heap base address is the
#     maximum limit for the native heap growth. Please use -XX:HeapBaseMinAddress
#     to set the Java Heap base and to place the Java Heap above 4GB virtual address.
# This output file may be truncated or incomplete.
#
#  Out of Memory Error (os_windows.cpp:3825), pid=3428, tid=32692
#
# JRE version: OpenJDK Runtime Environment (17.0.11) (build 17.0.11+0--11852314)
# Java VM: OpenJDK 64-Bit Server VM (17.0.11+0--11852314, mixed mode, tiered, compressed oops, compressed class ptrs, g1 gc, windows-amd64)
# No core dump will be written. Minidumps are not enabled by default on client versions of Windows
#

---------------  S U M M A R Y ------------

Command Line: org.jetbrains.kotlin.cli.jvm.K2JVMCompiler @C:\Ciclo8\DSM\SIAMO\App_SIAMO\app\build\20241027_15029390188480694771.compiler.options

Host: Intel(R) Core(TM) i3-10110U CPU @ 2.10GHz, 4 cores, 3G,  Windows 11 , 64 bit Build 22000 (10.0.22000.2538)
Time: Sun Oct 27 21:06:52 2024 Hora est. Pacífico, Sudamérica elapsed time: 12.701883 seconds (0d 0h 0m 12s)

---------------  T H R E A D  ---------------

Current thread (0x000002413f6b6dd0):  VMThread "VM Thread" [stack: 0x000000c9ea800000,0x000000c9ea900000] [id=32692]

Stack: [0x000000c9ea800000,0x000000c9ea900000]
Native frames: (J=compiled Java code, j=interpreted, Vv=VM code, C=native code)
V  [jvm.dll+0x687bb9]
V  [jvm.dll+0x84142a]
V  [jvm.dll+0x8430ae]
V  [jvm.dll+0x843713]
V  [jvm.dll+0x24a35f]
V  [jvm.dll+0x684989]
V  [jvm.dll+0x67923a]
V  [jvm.dll+0x30af0b]
V  [jvm.dll+0x3123b6]
V  [jvm.dll+0x361dfe]
V  [jvm.dll+0x36202f]
V  [jvm.dll+0x2e0d38]
V  [jvm.dll+0x2df144]
V  [jvm.dll+0x2de74c]
V  [jvm.dll+0x32305b]
V  [jvm.dll+0x847e0b]
V  [jvm.dll+0x848b42]
V  [jvm.dll+0x84905d]
V  [jvm.dll+0x849434]
V  [jvm.dll+0x849500]
V  [jvm.dll+0x7efa4a]
V  [jvm.dll+0x686a35]
C  [ucrtbase.dll+0x26c0c]
C  [KERNEL32.DLL+0x153e0]
C  [ntdll.dll+0x485b]

VM_Operation (0x000000c9ea2fa830): G1CollectForAllocation, mode: safepoint, requested by thread 0x00000241288fae30


---------------  P R O C E S S  ---------------

Threads class SMR info:
_java_thread_list=0x0000024145f5a810, length=13, elements={
0x00000241288fae30, 0x000002413f7110a0, 0x000002413f714330, 0x000002413f751910,
0x000002413f7526e0, 0x000002413f9d9130, 0x000002413f9d9640, 0x000002413f9f1510,
0x000002413f9f9e30, 0x000002413f9fcc40, 0x000002413f9da570, 0x000002413f9db4a0,
0x00000241457c6290
}

Java Threads: ( => current thread )
  0x00000241288fae30 JavaThread "main" [_thread_blocked, id=27624, stack(0x000000c9ea200000,0x000000c9ea300000)]
  0x000002413f7110a0 JavaThread "Reference Handler" daemon [_thread_blocked, id=28324, stack(0x000000c9ea900000,0x000000c9eaa00000)]
  0x000002413f714330 JavaThread "Finalizer" daemon [_thread_blocked, id=14576, stack(0x000000c9eaa00000,0x000000c9eab00000)]
  0x000002413f751910 JavaThread "Signal Dispatcher" daemon [_thread_blocked, id=33288, stack(0x000000c9eab00000,0x000000c9eac00000)]
  0x000002413f7526e0 JavaThread "Attach Listener" daemon [_thread_blocked, id=30012, stack(0x000000c9eac00000,0x000000c9ead00000)]
  0x000002413f9d9130 JavaThread "Service Thread" daemon [_thread_blocked, id=23572, stack(0x000000c9ead00000,0x000000c9eae00000)]
  0x000002413f9d9640 JavaThread "Monitor Deflation Thread" daemon [_thread_blocked, id=19796, stack(0x000000c9eae00000,0x000000c9eaf00000)]
  0x000002413f9f1510 JavaThread "C2 CompilerThread0" daemon [_thread_blocked, id=3876, stack(0x000000c9eaf00000,0x000000c9eb000000)]
  0x000002413f9f9e30 JavaThread "C1 CompilerThread0" daemon [_thread_blocked, id=28688, stack(0x000000c9eb000000,0x000000c9eb100000)]
  0x000002413f9fcc40 JavaThread "Sweeper thread" daemon [_thread_blocked, id=20160, stack(0x000000c9eb100000,0x000000c9eb200000)]
  0x000002413f9da570 JavaThread "Notification Thread" daemon [_thread_blocked, id=25028, stack(0x000000c9eb200000,0x000000c9eb300000)]
  0x000002413f9db4a0 JavaThread "Common-Cleaner" daemon [_thread_blocked, id=30180, stack(0x000000c9eb400000,0x000000c9eb500000)]
  0x00000241457c6290 JavaThread "C2 CompilerThread1" daemon [_thread_blocked, id=12368, stack(0x000000c9eb800000,0x000000c9eb900000)]

Other Threads:
=>0x000002413f6b6dd0 VMThread "VM Thread" [stack: 0x000000c9ea800000,0x000000c9ea900000] [id=32692]
  0x000002413fb6c5e0 WatcherThread [stack: 0x000000c9eb300000,0x000000c9eb400000] [id=28512]
  0x0000024128933720 GCTaskThread "GC Thread#0" [stack: 0x000000c9ea300000,0x000000c9ea400000] [id=33172]
  0x000002413f9cb7f0 GCTaskThread "GC Thread#1" [stack: 0x000000c9eb500000,0x000000c9eb600000] [id=32228]
  0x000002413f9ca770 GCTaskThread "GC Thread#2" [stack: 0x000000c9eb600000,0x000000c9eb700000] [id=26460]
  0x000002413f9cbab0 GCTaskThread "GC Thread#3" [stack: 0x000000c9eb700000,0x000000c9eb800000] [id=10376]
  0x000002412893d080 ConcurrentGCThread "G1 Main Marker" [stack: 0x000000c9ea400000,0x000000c9ea500000] [id=35792]
  0x000002412893e240 ConcurrentGCThread "G1 Conc#0" [stack: 0x000000c9ea500000,0x000000c9ea600000] [id=32668]
  0x00000241289bcca0 ConcurrentGCThread "G1 Refine#0" [stack: 0x000000c9ea600000,0x000000c9ea700000] [id=17064]
  0x00000241289bd6d0 ConcurrentGCThread "G1 Service" [stack: 0x000000c9ea700000,0x000000c9ea800000] [id=6664]

Threads with active compile tasks:
C2 CompilerThread0    12760 7721       4       org.jetbrains.kotlin.metadata.ProtoBuf$Type::isInitialized (145 bytes)
C2 CompilerThread1    12760 7730       4       org.jetbrains.kotlin.metadata.jvm.deserialization.UtfEncodingKt::stringsToBytes (173 bytes)

VM state: at safepoint (normal execution)

VM Mutex/Monitor currently owned by a thread:  ([mutex/lock_event])
[0x00000241288f6bf0] Threads_lock - owner thread: 0x000002413f6b6dd0
[0x00000241288f8270] Heap_lock - owner thread: 0x00000241288fae30

Heap address: 0x00000000c3000000, size: 976 MB, Compressed Oops mode: 32-bit

CDS archive(s) not mapped
Compressed class space mapped at: 0x0000000100000000-0x0000000140000000, reserved size: 1073741824
Narrow klass base: 0x0000000000000000, Narrow klass shift: 3, Narrow klass range: 0x140000000

GC Precious Log:
 CPUs: 4 total, 4 available
 Memory: 3900M
 Large Page Support: Disabled
 NUMA Support: Disabled
 Compressed Oops: Enabled (32-bit)
 Heap Region Size: 1M
 Heap Min Capacity: 8M
 Heap Initial Capacity: 62M
 Heap Max Capacity: 976M
 Pre-touch: Disabled
 Parallel Workers: 4
 Concurrent Workers: 1
 Concurrent Refinement Workers: 4
 Periodic GC: Disabled

Heap:
 garbage-first heap   total 75776K, used 43128K [0x00000000c3000000, 0x0000000100000000)
  region size 1024K, 2 young (2048K), 2 survivors (2048K)
 Metaspace       used 56982K, committed 57216K, reserved 1114112K
  class space    used 6528K, committed 6656K, reserved 1048576K

Heap Regions: E=young(eden), S=young(survivor), O=old, HS=humongous(starts), HC=humongous(continues), CS=collection set, F=free, OA=open archive, CA=closed archive, TAMS=top-at-mark-start (previous, next)
|   0|0x00000000c3000000, 0x00000000c3100000, 0x00000000c3100000|100%|HS|  |TAMS 0x00000000c3100000, 0x00000000c3000000| Complete 
|   1|0x00000000c3100000, 0x00000000c3200000, 0x00000000c3200000|100%|HC|  |TAMS 0x00000000c3200000, 0x00000000c3100000| Complete 
|   2|0x00000000c3200000, 0x00000000c3300000, 0x00000000c3300000|100%|HC|  |TAMS 0x00000000c3300000, 0x00000000c3200000| Complete 
|   3|0x00000000c3300000, 0x00000000c3400000, 0x00000000c3400000|100%|HC|  |TAMS 0x00000000c3400000, 0x00000000c3300000| Complete 
|   4|0x00000000c3400000, 0x00000000c3500000, 0x00000000c3500000|100%| O|  |TAMS 0x00000000c3500000, 0x00000000c3400000| Untracked 
|   5|0x00000000c3500000, 0x00000000c3600000, 0x00000000c3600000|100%| O|  |TAMS 0x00000000c3600000, 0x00000000c3500000| Untracked 
|   6|0x00000000c3600000, 0x00000000c3700000, 0x00000000c3700000|100%| O|  |TAMS 0x00000000c3700000, 0x00000000c3600000| Untracked 
|   7|0x00000000c3700000, 0x00000000c3800000, 0x00000000c3800000|100%| O|  |TAMS 0x00000000c3800000, 0x00000000c3700000| Untracked 
|   8|0x00000000c3800000, 0x00000000c3900000, 0x00000000c3900000|100%| O|  |TAMS 0x00000000c3900000, 0x00000000c3800000| Untracked 
|   9|0x00000000c3900000, 0x00000000c3a00000, 0x00000000c3a00000|100%| O|  |TAMS 0x00000000c3a00000, 0x00000000c3900000| Untracked 
|  10|0x00000000c3a00000, 0x00000000c3b00000, 0x00000000c3b00000|100%| O|  |TAMS 0x00000000c3b00000, 0x00000000c3a00000| Untracked 
|  11|0x00000000c3b00000, 0x00000000c3c00000, 0x00000000c3c00000|100%| O|  |TAMS 0x00000000c3c00000, 0x00000000c3b00000| Untracked 
|  12|0x00000000c3c00000, 0x00000000c3d00000, 0x00000000c3d00000|100%| O|  |TAMS 0x00000000c3d00000, 0x00000000c3c00000| Untracked 
|  13|0x00000000c3d00000, 0x00000000c3e00000, 0x00000000c3e00000|100%| O|  |TAMS 0x00000000c3e00000, 0x00000000c3d00000| Untracked 
|  14|0x00000000c3e00000, 0x00000000c3f00000, 0x00000000c3f00000|100%| O|  |TAMS 0x00000000c3f00000, 0x00000000c3e00000| Untracked 
|  15|0x00000000c3f00000, 0x00000000c4000000, 0x00000000c4000000|100%| O|  |TAMS 0x00000000c4000000, 0x00000000c3f00000| Untracked 
|  16|0x00000000c4000000, 0x00000000c4100000, 0x00000000c4100000|100%| O|  |TAMS 0x00000000c4100000, 0x00000000c4000000| Untracked 
|  17|0x00000000c4100000, 0x00000000c4200000, 0x00000000c4200000|100%| O|  |TAMS 0x00000000c4200000, 0x00000000c4100000| Untracked 
|  18|0x00000000c4200000, 0x00000000c4300000, 0x00000000c4300000|100%| O|  |TAMS 0x00000000c4300000, 0x00000000c4200000| Untracked 
|  19|0x00000000c4300000, 0x00000000c4400000, 0x00000000c4400000|100%| O|  |TAMS 0x00000000c4400000, 0x00000000c4300000| Untracked 
|  20|0x00000000c4400000, 0x00000000c4500000, 0x00000000c4500000|100%| O|  |TAMS 0x00000000c4500000, 0x00000000c4400000| Untracked 
|  21|0x00000000c4500000, 0x00000000c4600000, 0x00000000c4600000|100%|HS|  |TAMS 0x00000000c4600000, 0x00000000c4500000| Complete 
|  22|0x00000000c4600000, 0x00000000c4700000, 0x00000000c4700000|100%|HC|  |TAMS 0x00000000c4700000, 0x00000000c4600000| Complete 
|  23|0x00000000c4700000, 0x00000000c4800000, 0x00000000c4800000|100%| O|  |TAMS 0x00000000c4800000, 0x00000000c4700000| Untracked 
|  24|0x00000000c4800000, 0x00000000c4900000, 0x00000000c4900000|100%| O|  |TAMS 0x00000000c4900000, 0x00000000c4800000| Untracked 
|  25|0x00000000c4900000, 0x00000000c4a00000, 0x00000000c4a00000|100%| O|  |TAMS 0x00000000c4a00000, 0x00000000c4900000| Untracked 
|  26|0x00000000c4a00000, 0x00000000c4b00000, 0x00000000c4b00000|100%| O|  |TAMS 0x00000000c4b00000, 0x00000000c4a00000| Untracked 
|  27|0x00000000c4b00000, 0x00000000c4c00000, 0x00000000c4c00000|100%| O|  |TAMS 0x00000000c4c00000, 0x00000000c4b00000| Untracked 
|  28|0x00000000c4c00000, 0x00000000c4d00000, 0x00000000c4d00000|100%| O|  |TAMS 0x00000000c4d00000, 0x00000000c4c00000| Untracked 
|  29|0x00000000c4d00000, 0x00000000c4e00000, 0x00000000c4e00000|100%| O|  |TAMS 0x00000000c4e00000, 0x00000000c4d00000| Untracked 
|  30|0x00000000c4e00000, 0x00000000c4f00000, 0x00000000c4f00000|100%| O|  |TAMS 0x00000000c4f00000, 0x00000000c4e00000| Untracked 
|  31|0x00000000c4f00000, 0x00000000c5000000, 0x00000000c5000000|100%| O|  |TAMS 0x00000000c4f00000, 0x00000000c4f00000| Untracked 
|  32|0x00000000c5000000, 0x00000000c5100000, 0x00000000c5100000|100%| O|  |TAMS 0x00000000c5100000, 0x00000000c5000000| Untracked 
|  33|0x00000000c5100000, 0x00000000c5200000, 0x00000000c5200000|100%| O|  |TAMS 0x00000000c5200000, 0x00000000c5100000| Untracked 
|  34|0x00000000c5200000, 0x00000000c5300000, 0x00000000c5300000|100%| O|  |TAMS 0x00000000c5300000, 0x00000000c5200000| Untracked 
|  35|0x00000000c5300000, 0x00000000c5300000, 0x00000000c5400000|  0%| F|  |TAMS 0x00000000c5300000, 0x00000000c5300000| Untracked 
|  36|0x00000000c5400000, 0x00000000c5500000, 0x00000000c5500000|100%| O|  |TAMS 0x00000000c5500000, 0x00000000c5400000| Untracked 
|  37|0x00000000c5500000, 0x00000000c5600000, 0x00000000c5600000|100%| O|  |TAMS 0x00000000c5600000, 0x00000000c5500000| Untracked 
|  38|0x00000000c5600000, 0x00000000c5700000, 0x00000000c5700000|100%| O|  |TAMS 0x00000000c5700000, 0x00000000c5600000| Untracked 
|  39|0x00000000c5700000, 0x00000000c5800000, 0x00000000c5800000|100%| O|  |TAMS 0x00000000c574d000, 0x00000000c5700000| Untracked 
|  40|0x00000000c5800000, 0x00000000c5900000, 0x00000000c5900000|100%| O|  |TAMS 0x00000000c5800000, 0x00000000c5800000| Untracked 
|  41|0x00000000c5900000, 0x00000000c59c7600, 0x00000000c5a00000| 77%| O|  |TAMS 0x00000000c5900000, 0x00000000c5900000| Untracked 
|  42|0x00000000c5a00000, 0x00000000c5a00000, 0x00000000c5b00000|  0%| F|  |TAMS 0x00000000c5a00000, 0x00000000c5a00000| Untracked 
|  43|0x00000000c5b00000, 0x00000000c5b00000, 0x00000000c5c00000|  0%| F|  |TAMS 0x00000000c5b00000, 0x00000000c5b00000| Untracked 
|  44|0x00000000c5c00000, 0x00000000c5c00000, 0x00000000c5d00000|  0%| F|  |TAMS 0x00000000c5c00000, 0x00000000c5c00000| Untracked 
|  45|0x00000000c5d00000, 0x00000000c5d00000, 0x00000000c5e00000|  0%| F|  |TAMS 0x00000000c5d00000, 0x00000000c5d00000| Untracked 
|  46|0x00000000c5e00000, 0x00000000c5e00000, 0x00000000c5f00000|  0%| F|  |TAMS 0x00000000c5e00000, 0x00000000c5e00000| Untracked 
|  47|0x00000000c5f00000, 0x00000000c5f00000, 0x00000000c6000000|  0%| F|  |TAMS 0x00000000c5f00000, 0x00000000c5f00000| Untracked 
|  48|0x00000000c6000000, 0x00000000c6000000, 0x00000000c6100000|  0%| F|  |TAMS 0x00000000c6000000, 0x00000000c6000000| Untracked 
|  49|0x00000000c6100000, 0x00000000c6100000, 0x00000000c6200000|  0%| F|  |TAMS 0x00000000c6100000, 0x00000000c6100000| Untracked 
|  50|0x00000000c6200000, 0x00000000c6200000, 0x00000000c6300000|  0%| F|  |TAMS 0x00000000c6200000, 0x00000000c6200000| Untracked 
|  51|0x00000000c6300000, 0x00000000c6300000, 0x00000000c6400000|  0%| F|  |TAMS 0x00000000c6300000, 0x00000000c6300000| Untracked 
|  52|0x00000000c6400000, 0x00000000c6400000, 0x00000000c6500000|  0%| F|  |TAMS 0x00000000c6400000, 0x00000000c6400000| Untracked 
|  53|0x00000000c6500000, 0x00000000c6500000, 0x00000000c6600000|  0%| F|  |TAMS 0x00000000c6500000, 0x00000000c6500000| Untracked 
|  54|0x00000000c6600000, 0x00000000c6656b40, 0x00000000c6700000| 33%| S|CS|TAMS 0x00000000c6600000, 0x00000000c6600000| Complete 
|  55|0x00000000c6700000, 0x00000000c6800000, 0x00000000c6800000|100%| S|CS|TAMS 0x00000000c6700000, 0x00000000c6700000| Complete 
|  56|0x00000000c6800000, 0x00000000c6800000, 0x00000000c6900000|  0%| F|  |TAMS 0x00000000c6800000, 0x00000000c6800000| Untracked 
|  57|0x00000000c6900000, 0x00000000c6900000, 0x00000000c6a00000|  0%| F|  |TAMS 0x00000000c6900000, 0x00000000c6900000| Untracked 
|  58|0x00000000c6a00000, 0x00000000c6a00000, 0x00000000c6b00000|  0%| F|  |TAMS 0x00000000c6a00000, 0x00000000c6a00000| Untracked 
|  59|0x00000000c6b00000, 0x00000000c6b00000, 0x00000000c6c00000|  0%| F|  |TAMS 0x00000000c6b00000, 0x00000000c6b00000| Untracked 
|  60|0x00000000c6c00000, 0x00000000c6c00000, 0x00000000c6d00000|  0%| F|  |TAMS 0x00000000c6c00000, 0x00000000c6c00000| Untracked 
|  61|0x00000000c6d00000, 0x00000000c6d00000, 0x00000000c6e00000|  0%| F|  |TAMS 0x00000000c6d00000, 0x00000000c6d00000| Untracked 
|  62|0x00000000c6e00000, 0x00000000c6e00000, 0x00000000c6f00000|  0%| F|  |TAMS 0x00000000c6e00000, 0x00000000c6e00000| Untracked 
|  63|0x00000000c6f00000, 0x00000000c6f00000, 0x00000000c7000000|  0%| F|  |TAMS 0x00000000c6f00000, 0x00000000c6f00000| Untracked 
|  64|0x00000000c7000000, 0x00000000c7000000, 0x00000000c7100000|  0%| F|  |TAMS 0x00000000c7000000, 0x00000000c7000000| Untracked 
|  65|0x00000000c7100000, 0x00000000c7100000, 0x00000000c7200000|  0%| F|  |TAMS 0x00000000c7100000, 0x00000000c7100000| Untracked 
|  66|0x00000000c7200000, 0x00000000c7200000, 0x00000000c7300000|  0%| F|  |TAMS 0x00000000c7200000, 0x00000000c7200000| Untracked 
|  67|0x00000000c7300000, 0x00000000c7300000, 0x00000000c7400000|  0%| F|  |TAMS 0x00000000c7300000, 0x00000000c7300000| Untracked 
|  68|0x00000000c7400000, 0x00000000c7400000, 0x00000000c7500000|  0%| F|  |TAMS 0x00000000c7400000, 0x00000000c7400000| Untracked 
|  69|0x00000000c7500000, 0x00000000c7500000, 0x00000000c7600000|  0%| F|  |TAMS 0x00000000c7500000, 0x00000000c7500000| Untracked 
|  70|0x00000000c7600000, 0x00000000c7600000, 0x00000000c7700000|  0%| F|  |TAMS 0x00000000c7600000, 0x00000000c7600000| Untracked 
|  71|0x00000000c7700000, 0x00000000c7700000, 0x00000000c7800000|  0%| F|  |TAMS 0x00000000c7700000, 0x00000000c7700000| Untracked 
|  72|0x00000000c7800000, 0x00000000c7800000, 0x00000000c7900000|  0%| F|  |TAMS 0x00000000c7800000, 0x00000000c7800000| Untracked 
|  73|0x00000000c7900000, 0x00000000c7900000, 0x00000000c7a00000|  0%| F|  |TAMS 0x00000000c7900000, 0x00000000c7900000| Untracked 

Card table byte_map: [0x000002413afd0000,0x000002413b1c0000] _byte_map_base: 0x000002413a9b8000

Marking Bits (Prev, Next): (CMBitMap*) 0x0000024128934d90, (CMBitMap*) 0x0000024128934d50
 Prev Bits: [0x000002413c2f0000, 0x000002413d230000)
 Next Bits: [0x000002413b3b0000, 0x000002413c2f0000)

Polling page: 0x0000024126830000

Metaspace:

Usage:
  Non-class:     49.27 MB used.
      Class:      6.38 MB used.
       Both:     55.65 MB used.

Virtual space:
  Non-class space:       64.00 MB reserved,      49.38 MB ( 77%) committed,  1 nodes.
      Class space:        1.00 GB reserved,       6.50 MB ( <1%) committed,  1 nodes.
             Both:        1.06 GB reserved,      55.88 MB (  5%) committed. 

Chunk freelists:
   Non-Class:  14.28 MB
       Class:  9.49 MB
        Both:  23.77 MB

MaxMetaspaceSize: unlimited
CompressedClassSpaceSize: 1.00 GB
Initial GC threshold: 21.00 MB
Current GC threshold: 90.44 MB
CDS: off
MetaspaceReclaimPolicy: balanced
 - commit_granule_bytes: 65536.
 - commit_granule_words: 8192.
 - virtual_space_node_default_size: 8388608.
 - enlarge_chunks_in_place: 1.
 - new_chunks_are_fully_committed: 0.
 - uncommit_free_chunks: 1.
 - use_allocation_guard: 0.
 - handle_deallocations: 1.


Internal statistics:

num_allocs_failed_limit: 3.
num_arena_births: 218.
num_arena_deaths: 0.
num_vsnodes_births: 2.
num_vsnodes_deaths: 0.
num_space_committed: 892.
num_space_uncommitted: 0.
num_chunks_returned_to_freelist: 3.
num_chunks_taken_from_freelist: 1953.
num_chunk_merges: 0.
num_chunk_splits: 1600.
num_chunks_enlarged: 1435.
num_inconsistent_stats: 0.

CodeHeap 'non-profiled nmethods': size=120000Kb used=2912Kb max_used=3171Kb free=117087Kb
 bounds [0x00000241338b0000, 0x0000024133bd0000, 0x000002413ade0000]
CodeHeap 'profiled nmethods': size=120000Kb used=16122Kb max_used=18062Kb free=103877Kb
 bounds [0x000002412bde0000, 0x000002412cf90000, 0x0000024133310000]
CodeHeap 'non-nmethods': size=5760Kb used=1287Kb max_used=1373Kb free=4472Kb
 bounds [0x0000024133310000, 0x0000024133580000, 0x00000241338b0000]
 total_blobs=7430 nmethods=6831 adapters=510
 compilation: enabled
              stopped_count=0, restarted_count=0
 full_count=0

Compilation events (20 events):
Event: 12.669 Thread 0x000002413f9f9e30 7729       2       org.jetbrains.kotlin.metadata.jvm.JvmProtoBuf$JvmPropertySignature$1::parsePartialFrom (11 bytes)
Event: 12.669 Thread 0x000002413f9f9e30 nmethod 7729 0x000002412c3c3f10 code [0x000002412c3c40a0, 0x000002412c3c4228]
Event: 12.671 Thread 0x000002413f9f9e30 7733       2       java.lang.Integer::formatUnsignedInt (40 bytes)
Event: 12.671 Thread 0x000002413f9f9e30 nmethod 7733 0x000002412c331c90 code [0x000002412c331e20, 0x000002412c331ff8]
Event: 12.673 Thread 0x00000241457c6290 nmethod 7692 0x0000024133a4ad10 code [0x0000024133a4b100, 0x0000024133a4d5e0]
Event: 12.673 Thread 0x00000241457c6290 7730       4       org.jetbrains.kotlin.metadata.jvm.deserialization.UtfEncodingKt::stringsToBytes (173 bytes)
Event: 12.673 Thread 0x000002413f9f9e30 7734       2       org.jetbrains.kotlin.metadata.ProtoBuf$Property::writeTo (432 bytes)
Event: 12.675 Thread 0x000002413f9f9e30 nmethod 7734 0x000002412be82710 code [0x000002412be82c20, 0x000002412be83e78]
Event: 12.675 Thread 0x000002413f9f9e30 7736       2       org.jetbrains.kotlin.protobuf.FieldSet::isInitialized (83 bytes)
Event: 12.675 Thread 0x000002413f9f9e30 nmethod 7736 0x000002412bec7610 code [0x000002412bec7840, 0x000002412bec7ce8]
Event: 12.675 Thread 0x000002413f9f9e30 7735       2       org.jetbrains.kotlin.metadata.jvm.JvmProtoBuf$JvmPropertySignature$Builder::mergeGetter (58 bytes)
Event: 12.676 Thread 0x000002413f9f9e30 nmethod 7735 0x000002412c04ab90 code [0x000002412c04ad60, 0x000002412c04b0a8]
Event: 12.677 Thread 0x000002413f9f9e30 7739       2       org.jetbrains.kotlin.metadata.jvm.JvmProtoBuf$JvmFieldSignature::initFields (11 bytes)
Event: 12.677 Thread 0x000002413f9f9e30 nmethod 7739 0x000002412c156d90 code [0x000002412c156f20, 0x000002412c157038]
Event: 12.677 Thread 0x000002413f9f9e30 7740       2       org.jetbrains.kotlin.metadata.jvm.JvmProtoBuf$JvmFieldSignature$1::parsePartialFrom (7 bytes)
Event: 12.678 Thread 0x000002413f9f9e30 nmethod 7740 0x000002412c170b10 code [0x000002412c170ca0, 0x000002412c170dc8]
Event: 12.678 Thread 0x000002413f9f9e30 7741       2       org.jetbrains.kotlin.metadata.jvm.JvmProtoBuf$JvmFieldSignature$1::parsePartialFrom (11 bytes)
Event: 12.678 Thread 0x000002413f9f9e30 nmethod 7741 0x000002412c41fa10 code [0x000002412c41fba0, 0x000002412c41fd28]
Event: 12.679 Thread 0x000002413f9f9e30 7743       2       org.jetbrains.kotlin.metadata.jvm.JvmProtoBuf$JvmFieldSignature::writeTo (52 bytes)
Event: 12.679 Thread 0x000002413f9f9e30 nmethod 7743 0x000002412bdfcb10 code [0x000002412bdfcd20, 0x000002412bdfd028]

GC Heap History (20 events):
Event: 8.226 GC heap after
{Heap after GC invocations=18 (full 0):
 garbage-first heap   total 46080K, used 28671K [0x00000000c3000000, 0x0000000100000000)
  region size 1024K, 2 young (2048K), 2 survivors (2048K)
 Metaspace       used 48484K, committed 48640K, reserved 1114112K
  class space    used 5891K, committed 5952K, reserved 1048576K
}
Event: 8.759 GC heap before
{Heap before GC invocations=19 (full 0):
 garbage-first heap   total 51200K, used 35839K [0x00000000c3000000, 0x0000000100000000)
  region size 1024K, 9 young (9216K), 2 survivors (2048K)
 Metaspace       used 50222K, committed 50432K, reserved 1114112K
  class space    used 6094K, committed 6208K, reserved 1048576K
}
Event: 8.766 GC heap after
{Heap after GC invocations=20 (full 0):
 garbage-first heap   total 51200K, used 29434K [0x00000000c3000000, 0x0000000100000000)
  region size 1024K, 1 young (1024K), 1 survivors (1024K)
 Metaspace       used 50222K, committed 50432K, reserved 1114112K
  class space    used 6094K, committed 6208K, reserved 1048576K
}
Event: 9.366 GC heap before
{Heap before GC invocations=20 (full 0):
 garbage-first heap   total 51200K, used 40698K [0x00000000c3000000, 0x0000000100000000)
  region size 1024K, 12 young (12288K), 1 survivors (1024K)
 Metaspace       used 51712K, committed 51968K, reserved 1114112K
  class space    used 6236K, committed 6336K, reserved 1048576K
}
Event: 9.375 GC heap after
{Heap after GC invocations=21 (full 0):
 garbage-first heap   total 71680K, used 31476K [0x00000000c3000000, 0x0000000100000000)
  region size 1024K, 2 young (2048K), 2 survivors (2048K)
 Metaspace       used 51712K, committed 51968K, reserved 1114112K
  class space    used 6236K, committed 6336K, reserved 1048576K
}
Event: 10.166 GC heap before
{Heap before GC invocations=22 (full 0):
 garbage-first heap   total 71680K, used 55028K [0x00000000c3000000, 0x0000000100000000)
  region size 1024K, 25 young (25600K), 2 survivors (2048K)
 Metaspace       used 53180K, committed 53440K, reserved 1114112K
  class space    used 6304K, committed 6400K, reserved 1048576K
}
Event: 10.179 GC heap after
{Heap after GC invocations=23 (full 0):
 garbage-first heap   total 71680K, used 36005K [0x00000000c3000000, 0x0000000100000000)
  region size 1024K, 4 young (4096K), 4 survivors (4096K)
 Metaspace       used 53180K, committed 53440K, reserved 1114112K
  class space    used 6304K, committed 6400K, reserved 1048576K
}
Event: 10.292 GC heap before
{Heap before GC invocations=23 (full 0):
 garbage-first heap   total 71680K, used 54437K [0x00000000c3000000, 0x0000000100000000)
  region size 1024K, 22 young (22528K), 4 survivors (4096K)
 Metaspace       used 53291K, committed 53568K, reserved 1114112K
  class space    used 6305K, committed 6400K, reserved 1048576K
}
Event: 10.303 GC heap after
{Heap after GC invocations=24 (full 0):
 garbage-first heap   total 71680K, used 37388K [0x00000000c3000000, 0x0000000100000000)
  region size 1024K, 2 young (2048K), 2 survivors (2048K)
 Metaspace       used 53291K, committed 53568K, reserved 1114112K
  class space    used 6305K, committed 6400K, reserved 1048576K
}
Event: 10.722 GC heap before
{Heap before GC invocations=25 (full 0):
 garbage-first heap   total 71680K, used 55820K [0x00000000c3000000, 0x0000000100000000)
  region size 1024K, 20 young (20480K), 2 survivors (2048K)
 Metaspace       used 54212K, committed 54400K, reserved 1114112K
  class space    used 6397K, committed 6464K, reserved 1048576K
}
Event: 10.732 GC heap after
{Heap after GC invocations=26 (full 0):
 garbage-first heap   total 71680K, used 39786K [0x00000000c3000000, 0x0000000100000000)
  region size 1024K, 3 young (3072K), 3 survivors (3072K)
 Metaspace       used 54212K, committed 54400K, reserved 1114112K
  class space    used 6397K, committed 6464K, reserved 1048576K
}
Event: 10.735 GC heap before
{Heap before GC invocations=26 (full 0):
 garbage-first heap   total 71680K, used 40810K [0x00000000c3000000, 0x0000000100000000)
  region size 1024K, 4 young (4096K), 3 survivors (3072K)
 Metaspace       used 54215K, committed 54400K, reserved 1114112K
  class space    used 6397K, committed 6464K, reserved 1048576K
}
Event: 10.744 GC heap after
{Heap after GC invocations=27 (full 0):
 garbage-first heap   total 71680K, used 40027K [0x00000000c3000000, 0x0000000100000000)
  region size 1024K, 1 young (1024K), 1 survivors (1024K)
 Metaspace       used 54215K, committed 54400K, reserved 1114112K
  class space    used 6397K, committed 6464K, reserved 1048576K
}
Event: 10.968 GC heap before
{Heap before GC invocations=27 (full 0):
 garbage-first heap   total 71680K, used 55387K [0x00000000c3000000, 0x0000000100000000)
  region size 1024K, 17 young (17408K), 1 survivors (1024K)
 Metaspace       used 55028K, committed 55232K, reserved 1114112K
  class space    used 6499K, committed 6592K, reserved 1048576K
}
Event: 10.973 GC heap after
{Heap after GC invocations=28 (full 0):
 garbage-first heap   total 71680K, used 41268K [0x00000000c3000000, 0x0000000100000000)
  region size 1024K, 2 young (2048K), 2 survivors (2048K)
 Metaspace       used 55028K, committed 55232K, reserved 1114112K
  class space    used 6499K, committed 6592K, reserved 1048576K
}
Event: 11.900 GC heap before
{Heap before GC invocations=29 (full 0):
 garbage-first heap   total 75776K, used 56628K [0x00000000c3000000, 0x0000000100000000)
  region size 1024K, 17 young (17408K), 2 survivors (2048K)
 Metaspace       used 56316K, committed 56576K, reserved 1114112K
  class space    used 6523K, committed 6656K, reserved 1048576K
}
Event: 11.906 GC heap after
{Heap after GC invocations=30 (full 0):
 garbage-first heap   total 75776K, used 42438K [0x00000000c3000000, 0x0000000100000000)
  region size 1024K, 2 young (2048K), 2 survivors (2048K)
 Metaspace       used 56316K, committed 56576K, reserved 1114112K
  class space    used 6523K, committed 6656K, reserved 1048576K
}
Event: 11.984 GC heap before
{Heap before GC invocations=30 (full 0):
 garbage-first heap   total 75776K, used 43462K [0x00000000c3000000, 0x0000000100000000)
  region size 1024K, 3 young (3072K), 2 survivors (2048K)
 Metaspace       used 56430K, committed 56704K, reserved 1114112K
  class space    used 6523K, committed 6656K, reserved 1048576K
}
Event: 11.988 GC heap after
{Heap after GC invocations=31 (full 0):
 garbage-first heap   total 75776K, used 41976K [0x00000000c3000000, 0x0000000100000000)
  region size 1024K, 1 young (1024K), 1 survivors (1024K)
 Metaspace       used 56430K, committed 56704K, reserved 1114112K
  class space    used 6523K, committed 6656K, reserved 1048576K
}
Event: 12.681 GC heap before
{Heap before GC invocations=31 (full 0):
 garbage-first heap   total 75776K, used 59384K [0x00000000c3000000, 0x0000000100000000)
  region size 1024K, 18 young (18432K), 1 survivors (1024K)
 Metaspace       used 56982K, committed 57216K, reserved 1114112K
  class space    used 6528K, committed 6656K, reserved 1048576K
}

Dll operation events (2 events):
Event: 0.016 Loaded shared library C:\Program Files\Android\Android Studio\jbr\bin\java.dll
Event: 2.751 Loaded shared library C:\Program Files\Android\Android Studio\jbr\bin\verify.dll

Deoptimization events (20 events):
Event: 12.667 Thread 0x00000241288fae30 DEOPT PACKING pc=0x0000024133a72f1c sp=0x000000c9ea2fb810
Event: 12.667 Thread 0x00000241288fae30 DEOPT UNPACKING pc=0x00000241333669a3 sp=0x000000c9ea2fb768 mode 2
Event: 12.668 Thread 0x00000241288fae30 Uncommon trap: trap_request=0xffffffde fr.pc=0x0000024133a72f1c relative=0x0000000000000a1c
Event: 12.668 Thread 0x00000241288fae30 Uncommon trap: reason=class_check action=maybe_recompile pc=0x0000024133a72f1c method=org.jetbrains.kotlin.protobuf.FieldSet.isInitialized(Ljava/util/Map$Entry;)Z @ 61 c2
Event: 12.668 Thread 0x00000241288fae30 DEOPT PACKING pc=0x0000024133a72f1c sp=0x000000c9ea2fb810
Event: 12.668 Thread 0x00000241288fae30 DEOPT UNPACKING pc=0x00000241333669a3 sp=0x000000c9ea2fb768 mode 2
Event: 12.669 Thread 0x00000241288fae30 DEOPT PACKING pc=0x000002412c6950a1 sp=0x000000c9ea2fb920
Event: 12.669 Thread 0x00000241288fae30 DEOPT UNPACKING pc=0x0000024133367143 sp=0x000000c9ea2fae20 mode 0
Event: 12.672 Thread 0x00000241288fae30 Uncommon trap: trap_request=0xffffffde fr.pc=0x0000024133a72f1c relative=0x0000000000000a1c
Event: 12.672 Thread 0x00000241288fae30 Uncommon trap: reason=class_check action=maybe_recompile pc=0x0000024133a72f1c method=org.jetbrains.kotlin.protobuf.FieldSet.isInitialized(Ljava/util/Map$Entry;)Z @ 61 c2
Event: 12.672 Thread 0x00000241288fae30 DEOPT PACKING pc=0x0000024133a72f1c sp=0x000000c9ea2fb810
Event: 12.672 Thread 0x00000241288fae30 DEOPT UNPACKING pc=0x00000241333669a3 sp=0x000000c9ea2fb768 mode 2
Event: 12.673 Thread 0x00000241288fae30 DEOPT PACKING pc=0x000002412c6950a1 sp=0x000000c9ea2fb920
Event: 12.673 Thread 0x00000241288fae30 DEOPT UNPACKING pc=0x0000024133367143 sp=0x000000c9ea2fae20 mode 0
Event: 12.673 Thread 0x00000241288fae30 Uncommon trap: trap_request=0xffffffde fr.pc=0x0000024133a72f1c relative=0x0000000000000a1c
Event: 12.673 Thread 0x00000241288fae30 Uncommon trap: reason=class_check action=maybe_recompile pc=0x0000024133a72f1c method=org.jetbrains.kotlin.protobuf.FieldSet.isInitialized(Ljava/util/Map$Entry;)Z @ 61 c2
Event: 12.673 Thread 0x00000241288fae30 DEOPT PACKING pc=0x0000024133a72f1c sp=0x000000c9ea2fb810
Event: 12.673 Thread 0x00000241288fae30 DEOPT UNPACKING pc=0x00000241333669a3 sp=0x000000c9ea2fb768 mode 2
Event: 12.678 Thread 0x00000241288fae30 DEOPT PACKING pc=0x000002412c6950a1 sp=0x000000c9ea2fb920
Event: 12.678 Thread 0x00000241288fae30 DEOPT UNPACKING pc=0x0000024133367143 sp=0x000000c9ea2fae20 mode 0

Classes unloaded (0 events):
No events

Classes redefined (0 events):
No events

Internal exceptions (20 events):
Event: 2.275 Thread 0x00000241288fae30 Exception <a 'java/lang/NoSuchMethodError'{0x00000000c4c61cb0}: 'int java.lang.invoke.DirectMethodHandle$Holder.invokeStaticInit(java.lang.Object, java.lang.Object)'> (0x00000000c4c61cb0) 
thrown [s\src\hotspot\share\interpreter\linkResolver.cpp, line 771]
Event: 2.332 Thread 0x00000241288fae30 Exception <a 'java/lang/NoSuchMethodError'{0x00000000c4b41790}: 'void java.lang.invoke.DirectMethodHandle$Holder.invokeSpecial(java.lang.Object, java.lang.Object, java.lang.Object)'> (0x00000000c4b41790) 
thrown [s\src\hotspot\share\interpreter\linkResolver.cpp, line 771]
Event: 2.499 Thread 0x00000241288fae30 Exception <a 'java/lang/NoSuchMethodError'{0x00000000c4869a88}: 'void java.lang.invoke.DirectMethodHandle$Holder.invokeStatic(java.lang.Object, java.lang.Object, java.lang.Object, java.lang.Object)'> (0x00000000c4869a88) 
thrown [s\src\hotspot\share\interpreter\linkResolver.cpp, line 771]
Event: 2.681 Thread 0x00000241288fae30 Exception <a 'java/lang/NoSuchMethodError'{0x00000000c442b450}: 'void java.lang.invoke.DirectMethodHandle$Holder.invokeStaticInit(java.lang.Object, java.lang.Object)'> (0x00000000c442b450) 
thrown [s\src\hotspot\share\interpreter\linkResolver.cpp, line 771]
Event: 3.037 Thread 0x00000241288fae30 Exception <a 'java/lang/NoSuchMethodError'{0x00000000c3fb8fe0}: 'void java.lang.invoke.DirectMethodHandle$Holder.invokeVirtual(java.lang.Object, java.lang.Object)'> (0x00000000c3fb8fe0) 
thrown [s\src\hotspot\share\interpreter\linkResolver.cpp, line 771]
Event: 3.061 Thread 0x00000241288fae30 Exception <a 'java/lang/NoSuchMethodError'{0x00000000c54047b0}: 'int java.lang.invoke.DirectMethodHandle$Holder.invokeVirtual(java.lang.Object, java.lang.Object)'> (0x00000000c54047b0) 
thrown [s\src\hotspot\share\interpreter\linkResolver.cpp, line 771]
Event: 3.097 Thread 0x00000241288fae30 Exception <a 'java/lang/NoSuchMethodError'{0x00000000c54a0098}: 'java.lang.Object java.lang.invoke.Invokers$Holder.invokeExact_MT(java.lang.Object, java.lang.Object, java.lang.Object, java.lang.Object, java.lang.Object, java.lang.Object)'> (0x00000000c54a0098) 
thrown [s\src\hotspot\share\interpreter\linkResolver.cpp, line 771]
Event: 4.168 Thread 0x00000241288fae30 Implicit null exception at 0x00000241338c7c72 to 0x00000241338c828c
Event: 4.367 Thread 0x00000241288fae30 Implicit null exception at 0x00000241338c88f2 to 0x00000241338c8f2c
Event: 4.458 Thread 0x00000241288fae30 Exception <a 'java/lang/NoSuchMethodError'{0x00000000c5b8be78}: 'java.lang.Object java.lang.invoke.DirectMethodHandle$Holder.invokeVirtual(java.lang.Object, java.lang.Object, java.lang.Object)'> (0x00000000c5b8be78) 
thrown [s\src\hotspot\share\interpreter\linkResolver.cpp, line 771]
Event: 5.992 Thread 0x00000241288fae30 Exception <a 'java/lang/NoSuchMethodError'{0x00000000c5827820}: 'java.lang.Object java.lang.invoke.DirectMethodHandle$Holder.newInvokeSpecial(java.lang.Object, java.lang.Object, int)'> (0x00000000c5827820) 
thrown [s\src\hotspot\share\interpreter\linkResolver.cpp, line 771]
Event: 6.601 Thread 0x00000241288fae30 Exception <a 'java/lang/NoSuchMethodError'{0x00000000c53008e8}: 'java.lang.Object java.lang.invoke.DirectMethodHandle$Holder.newInvokeSpecial(java.lang.Object, java.lang.Object, java.lang.Object, int)'> (0x00000000c53008e8) 
thrown [s\src\hotspot\share\interpreter\linkResolver.cpp, line 771]
Event: 6.602 Thread 0x00000241288fae30 Exception <a 'java/lang/NoSuchMethodError'{0x00000000c5304f70}: 'java.lang.Object java.lang.invoke.DirectMethodHandle$Holder.invokeSpecial(java.lang.Object, java.lang.Object, java.lang.Object, java.lang.Object, int)'> (0x00000000c5304f70) 
thrown [s\src\hotspot\share\interpreter\linkResolver.cpp, line 771]
Event: 6.602 Thread 0x00000241288fae30 Exception <a 'java/lang/NoSuchMethodError'{0x00000000c5308de0}: 'java.lang.Object java.lang.invoke.Invokers$Holder.linkToTargetMethod(java.lang.Object, java.lang.Object, int, java.lang.Object)'> (0x00000000c5308de0) 
thrown [s\src\hotspot\share\interpreter\linkResolver.cpp, line 771]
Event: 9.147 Thread 0x00000241288fae30 Exception <a 'java/lang/NoSuchMethodError'{0x00000000c5b20bd8}: 'java.lang.Object java.lang.invoke.DirectMethodHandle$Holder.newInvokeSpecial(java.lang.Object, java.lang.Object, java.lang.Object, java.lang.Object, java.lang.Object, java.lang.Object)'> (0x00000000c5b20bd8) 
thrown [s\src\hotspot\share\interpreter\linkResolver.cpp, line 771]
Event: 9.669 Thread 0x00000241288fae30 Exception <a 'java/lang/NoSuchMethodError'{0x00000000c6fc4a68}: 'java.lang.Object java.lang.invoke.DirectMethodHandle$Holder.invokeStaticInit(java.lang.Object, java.lang.Object, java.lang.Object)'> (0x00000000c6fc4a68) 
thrown [s\src\hotspot\share\interpreter\linkResolver.cpp, line 771]
Event: 10.678 Thread 0x00000241288fae30 Exception <a 'java/lang/NoSuchMethodError'{0x00000000c650c8b8}: 'int java.lang.invoke.DirectMethodHandle$Holder.invokeStaticInit(java.lang.Object, int)'> (0x00000000c650c8b8) 
thrown [s\src\hotspot\share\interpreter\linkResolver.cpp, line 771]
Event: 10.702 Thread 0x00000241288fae30 Implicit null exception at 0x0000024133afbfe0 to 0x0000024133afc500
Event: 10.774 Thread 0x00000241288fae30 Implicit null exception at 0x00000241338ff58e to 0x00000241338ff810
Event: 12.538 Thread 0x00000241288fae30 Implicit null exception at 0x0000024133b88740 to 0x0000024133b88bb8

VM Operations (20 events):
Event: 11.566 Executing VM operation: ICBufferFull done
Event: 11.852 Executing VM operation: ICBufferFull
Event: 11.852 Executing VM operation: ICBufferFull done
Event: 11.900 Executing VM operation: G1CollectForAllocation
Event: 11.906 Executing VM operation: G1CollectForAllocation done
Event: 11.984 Executing VM operation: G1CollectForAllocation
Event: 11.988 Executing VM operation: G1CollectForAllocation done
Event: 12.392 Executing VM operation: HandshakeAllThreads
Event: 12.392 Executing VM operation: HandshakeAllThreads done
Event: 12.395 Executing VM operation: ICBufferFull
Event: 12.396 Executing VM operation: ICBufferFull done
Event: 12.419 Executing VM operation: HandshakeAllThreads
Event: 12.426 Executing VM operation: HandshakeAllThreads done
Event: 12.442 Executing VM operation: HandshakeAllThreads
Event: 12.443 Executing VM operation: HandshakeAllThreads done
Event: 12.493 Executing VM operation: ICBufferFull
Event: 12.493 Executing VM operation: ICBufferFull done
Event: 12.661 Executing VM operation: ICBufferFull
Event: 12.661 Executing VM operation: ICBufferFull done
Event: 12.681 Executing VM operation: G1CollectForAllocation

Events (20 events):
Event: 12.453 Thread 0x000002413f9fcc40 flushing nmethod 0x000002412cba4090
Event: 12.453 Thread 0x000002413f9fcc40 flushing nmethod 0x000002412cbaa910
Event: 12.453 Thread 0x000002413f9fcc40 flushing nmethod 0x000002412cbab710
Event: 12.453 Thread 0x000002413f9fcc40 flushing nmethod 0x000002412cbb0b10
Event: 12.453 Thread 0x000002413f9fcc40 flushing nmethod 0x000002412cbbe790
Event: 12.453 Thread 0x000002413f9fcc40 flushing nmethod 0x000002412cbd3f90
Event: 12.453 Thread 0x000002413f9fcc40 flushing nmethod 0x000002412cbe2510
Event: 12.453 Thread 0x000002413f9fcc40 flushing nmethod 0x000002412cbe3490
Event: 12.453 Thread 0x000002413f9fcc40 flushing nmethod 0x000002412cbe4890
Event: 12.453 Thread 0x000002413f9fcc40 flushing nmethod 0x000002412cbe4f10
Event: 12.453 Thread 0x000002413f9fcc40 flushing nmethod 0x000002412cbe6d90
Event: 12.453 Thread 0x000002413f9fcc40 flushing nmethod 0x000002412cbea610
Event: 12.453 Thread 0x000002413f9fcc40 flushing nmethod 0x000002412cc14190
Event: 12.454 Thread 0x000002413f9fcc40 flushing nmethod 0x000002412cc3b690
Event: 12.454 Thread 0x000002413f9fcc40 flushing nmethod 0x000002412ccf6790
Event: 12.454 Thread 0x000002413f9fcc40 flushing nmethod 0x000002412cd00810
Event: 12.455 Thread 0x000002413f9fcc40 flushing nmethod 0x000002412cdb9390
Event: 12.455 Thread 0x000002413f9fcc40 flushing nmethod 0x000002412cdbe610
Event: 12.455 Thread 0x000002413f9fcc40 flushing nmethod 0x000002412cdc3990
Event: 12.455 Thread 0x000002413f9fcc40 flushing nmethod 0x000002412cddf610


Dynamic libraries:
0x00007ff6c86e0000 - 0x00007ff6c86ea000 	C:\Program Files\Android\Android Studio\jbr\bin\java.exe
0x00007fffda240000 - 0x00007fffda449000 	C:\WINDOWS\SYSTEM32\ntdll.dll
0x00007fffd8b70000 - 0x00007fffd8c2d000 	C:\WINDOWS\System32\KERNEL32.DLL
0x00007fffd78e0000 - 0x00007fffd7c64000 	C:\WINDOWS\System32\KERNELBASE.dll
0x00007fffd7eb0000 - 0x00007fffd7fc1000 	C:\WINDOWS\System32\ucrtbase.dll
0x00007fffbe3d0000 - 0x00007fffbe3eb000 	C:\Program Files\Android\Android Studio\jbr\bin\VCRUNTIME140.dll
0x00007fffbf400000 - 0x00007fffbf417000 	C:\Program Files\Android\Android Studio\jbr\bin\jli.dll
0x00007fffd9960000 - 0x00007fffd9b0d000 	C:\WINDOWS\System32\USER32.dll
0x00007fffd7e80000 - 0x00007fffd7ea6000 	C:\WINDOWS\System32\win32u.dll
0x00007fffd8c30000 - 0x00007fffd8c5a000 	C:\WINDOWS\System32\GDI32.dll
0x00007fffd7750000 - 0x00007fffd786e000 	C:\WINDOWS\System32\gdi32full.dll
0x00007fffd7de0000 - 0x00007fffd7e7d000 	C:\WINDOWS\System32\msvcp_win.dll
0x00007fffbca80000 - 0x00007fffbcd25000 	C:\WINDOWS\WinSxS\amd64_microsoft.windows.common-controls_6595b64144ccf1df_6.0.22000.120_none_9d947278b86cc467\COMCTL32.dll
0x00007fffd86b0000 - 0x00007fffd8753000 	C:\WINDOWS\System32\msvcrt.dll
0x00007fffd9d00000 - 0x00007fffd9d31000 	C:\WINDOWS\System32\IMM32.DLL
0x00007fffbf260000 - 0x00007fffbf26c000 	C:\Program Files\Android\Android Studio\jbr\bin\vcruntime140_1.dll
0x00007fff8bbc0000 - 0x00007fff8bc4d000 	C:\Program Files\Android\Android Studio\jbr\bin\msvcp140.dll
0x00007fff62040000 - 0x00007fff62cc3000 	C:\Program Files\Android\Android Studio\jbr\bin\server\jvm.dll
0x00007fffd89d0000 - 0x00007fffd8a7e000 	C:\WINDOWS\System32\ADVAPI32.dll
0x00007fffd9ec0000 - 0x00007fffd9f5e000 	C:\WINDOWS\System32\sechost.dll
0x00007fffd9bd0000 - 0x00007fffd9cf1000 	C:\WINDOWS\System32\RPCRT4.dll
0x00007fffb7170000 - 0x00007fffb7179000 	C:\WINDOWS\SYSTEM32\WSOCK32.dll
0x00007fffd8af0000 - 0x00007fffd8b5f000 	C:\WINDOWS\System32\WS2_32.dll
0x00007fffd1c20000 - 0x00007fffd1c53000 	C:\WINDOWS\SYSTEM32\WINMM.dll
0x00007fffd75a0000 - 0x00007fffd75ed000 	C:\WINDOWS\SYSTEM32\POWRPROF.dll
0x00007fffcfc20000 - 0x00007fffcfc2a000 	C:\WINDOWS\SYSTEM32\VERSION.dll
0x00007fffd7580000 - 0x00007fffd7593000 	C:\WINDOWS\SYSTEM32\UMPDC.dll
0x00007fffd6740000 - 0x00007fffd6758000 	C:\WINDOWS\SYSTEM32\kernel.appcore.dll
0x00007fffd4620000 - 0x00007fffd462a000 	C:\Program Files\Android\Android Studio\jbr\bin\jimage.dll
0x00007fffd51b0000 - 0x00007fffd53d1000 	C:\WINDOWS\SYSTEM32\DBGHELP.DLL
0x00007fffb70a0000 - 0x00007fffb70d1000 	C:\WINDOWS\SYSTEM32\dbgcore.DLL
0x00007fffd76d0000 - 0x00007fffd774f000 	C:\WINDOWS\System32\bcryptPrimitives.dll
0x00007fffd3440000 - 0x00007fffd3465000 	C:\Program Files\Android\Android Studio\jbr\bin\java.dll
0x00007fffd1e30000 - 0x00007fffd1e48000 	C:\Program Files\Android\Android Studio\jbr\bin\zip.dll
0x00007fffd8fe0000 - 0x00007fffd97a5000 	C:\WINDOWS\System32\SHELL32.dll
0x00007fffd57a0000 - 0x00007fffd6002000 	C:\WINDOWS\SYSTEM32\windows.storage.dll
0x00007fffd8c60000 - 0x00007fffd8fd6000 	C:\WINDOWS\System32\combase.dll
0x00007fffd5630000 - 0x00007fffd5797000 	C:\WINDOWS\SYSTEM32\wintypes.dll
0x00007fffd8760000 - 0x00007fffd884a000 	C:\WINDOWS\System32\SHCORE.dll
0x00007fffd8970000 - 0x00007fffd89cd000 	C:\WINDOWS\System32\shlwapi.dll
0x00007fffd7600000 - 0x00007fffd7625000 	C:\WINDOWS\SYSTEM32\profapi.dll
0x00007fffc4740000 - 0x00007fffc4759000 	C:\Program Files\Android\Android Studio\jbr\bin\net.dll
0x00007fffd17c0000 - 0x00007fffd18d4000 	C:\WINDOWS\SYSTEM32\WINHTTP.dll
0x00007fffd6bf0000 - 0x00007fffd6c57000 	C:\WINDOWS\system32\mswsock.dll
0x00007fffbf9e0000 - 0x00007fffbf9f6000 	C:\Program Files\Android\Android Studio\jbr\bin\nio.dll
0x00007fffd4000000 - 0x00007fffd4010000 	C:\Program Files\Android\Android Studio\jbr\bin\verify.dll

dbghelp: loaded successfully - version: 4.0.5 - missing functions: none
symbol engine: initialized successfully - sym options: 0x614 - pdb path: .;C:\Program Files\Android\Android Studio\jbr\bin;C:\WINDOWS\SYSTEM32;C:\WINDOWS\WinSxS\amd64_microsoft.windows.common-controls_6595b64144ccf1df_6.0.22000.120_none_9d947278b86cc467;C:\Program Files\Android\Android Studio\jbr\bin\server

VM Arguments:
java_command: org.jetbrains.kotlin.cli.jvm.K2JVMCompiler @C:\Ciclo8\DSM\SIAMO\App_SIAMO\app\build\20241027_15029390188480694771.compiler.options
java_class_path (initial): C:\Users\HP SUPPORT\.gradle\caches\modules-2\files-2.1\org.jetbrains.kotlin\kotlin-compiler-embeddable\1.9.0\2c8c3a7402becca891f12739b3e9fd2dc2adbd7a\kotlin-compiler-embeddable-1.9.0.jar;C:\Users\HP SUPPORT\.gradle\caches\modules-2\files-2.1\org.jetbrains.kotlin\kotlin-stdlib\1.9.0\8ee15ef0c67dc83d874f412d84378d7f0eb50b63\kotlin-stdlib-1.9.0.jar;C:\Users\HP SUPPORT\.gradle\caches\modules-2\files-2.1\org.jetbrains.kotlin\kotlin-script-runtime\1.9.0\4b3102cbbb7e1b58d9d1adf89563f00069ffa7d1\kotlin-script-runtime-1.9.0.jar;C:\Users\HP SUPPORT\.gradle\caches\modules-2\files-2.1\org.jetbrains.kotlin\kotlin-reflect\1.6.10\1cbe9c92c12a94eea200d23c2bbaedaf3daf5132\kotlin-reflect-1.6.10.jar;C:\Users\HP SUPPORT\.gradle\caches\modules-2\files-2.1\org.jetbrains.kotlin\kotlin-daemon-embeddable\1.9.0\186543f5e28cf8d9a0290fecc2cf34301c40a65c\kotlin-daemon-embeddable-1.9.0.jar;C:\Users\HP SUPPORT\.gradle\caches\modules-2\files-2.1\org.jetbrains.intellij.deps\trove4j\1.0.20200330\3afb14d5f9ceb459d724e907a21145e8ff394f02\trove4j-1.0.20200330.jar;C:\Users\HP SUPPORT\.gradle\caches\modules-2\files-2.1\org.jetbrains.kotlin\kotlin-stdlib-common\1.9.0\cd65c21cfd1eec4d44ef09f9f52b6d9f8a720636\kotlin-stdlib-common-1.9.0.jar;C:\Users\HP SUPPORT\.gradle\caches\modules-2\files-2.1\org.jetbrains\annotations\13.0\919f0dfe192fb4e063e7dacadee7f8bb9a2672a9\annotations-13.0.jar
Launcher Type: SUN_STANDARD

[Global flags]
     intx CICompilerCount                          = 3                                         {product} {ergonomic}
     uint ConcGCThreads                            = 1                                         {product} {ergonomic}
     uint G1ConcRefinementThreads                  = 4                                         {product} {ergonomic}
   size_t G1HeapRegionSize                         = 1048576                                   {product} {ergonomic}
    uintx GCDrainStackTargetSize                   = 64                                        {product} {ergonomic}
   size_t InitialHeapSize                          = 65011712                                  {product} {ergonomic}
   size_t MarkStackSize                            = 4194304                                   {product} {ergonomic}
   size_t MaxHeapSize                              = 1023410176                                {product} {ergonomic}
   size_t MaxNewSize                               = 613416960                                 {product} {ergonomic}
   size_t MinHeapDeltaBytes                        = 1048576                                   {product} {ergonomic}
   size_t MinHeapSize                              = 8388608                                   {product} {ergonomic}
    uintx NonNMethodCodeHeapSize                   = 5832780                                {pd product} {ergonomic}
    uintx NonProfiledCodeHeapSize                  = 122912730                              {pd product} {ergonomic}
    uintx ProfiledCodeHeapSize                     = 122912730                              {pd product} {ergonomic}
    uintx ReservedCodeCacheSize                    = 251658240                              {pd product} {ergonomic}
     bool SegmentedCodeCache                       = true                                      {product} {ergonomic}
   size_t SoftMaxHeapSize                          = 1023410176                             {manageable} {ergonomic}
     bool UseCompressedClassPointers               = true                           {product lp64_product} {ergonomic}
     bool UseCompressedOops                        = true                           {product lp64_product} {ergonomic}
     bool UseG1GC                                  = true                                      {product} {ergonomic}
     bool UseLargePagesIndividualAllocation        = false                                  {pd product} {ergonomic}

Logging:
Log output configuration:
 #0: stdout all=warning uptime,level,tags
 #1: stderr all=off uptime,level,tags

Environment Variables:
PATH=C:\ProgramData\Oracle\Java\javapath;C:\Program Files\Common Files\Oracle\Java\javapath;C:\Program Files (x86)\Common Files\Oracle\Java\javapath;C:\ORACLE\bin;C:\WINDOWS\system32;C:\WINDOWS;C:\WINDOWS\System32\Wbem;C:\WINDOWS\System32\WindowsPowerShell\v1.0\;C:\WINDOWS\System32\OpenSSH\;C:\Program Files (x86)\Rational\common;C:\Program Files\nodejs\;C:\scrcpy;C:\Program Files\Git\cmd;C:\Program Files\Git\mingw64\bin;C:\Program Files\Git\usr\bin;C:\Program Files\MySQL\MySQL Shell 8.0\bin\;C:\Users\HP SUPPORT\AppData\Local\Microsoft\WindowsApps;C:\Users\HP SUPPORT\AppData\Local\Programs\Microsoft VS Code\bin;C:\Users\HP SUPPORT\AppData\Roaming\npm
USERNAME=HP SUPPORT
OS=Windows_NT
PROCESSOR_IDENTIFIER=Intel64 Family 6 Model 142 Stepping 12, GenuineIntel
TMP=C:\Users\HPSUPP~1\AppData\Local\Temp
TEMP=C:\Users\HPSUPP~1\AppData\Local\Temp



Periodic native trim disabled

JNI global refs:
JNI global refs: 10, weak refs: 14

JNI global refs memory usage: 843, weak refs: 841

Process memory usage:
Resident Set Size: 206356K (5% of 3994612K total physical memory with 403436K free physical memory)

OOME stack traces (most recent first):
Classloader memory used:
Loader jdk.internal.loader.ClassLoaders$AppClassLoader                                 : 5768K
Loader bootstrap                                                                       : 1313K
Loader java.net.URLClassLoader                                                         : 28789B
Loader jdk.internal.reflect.DelegatingClassLoader                                      : 12843B


---------------  S Y S T E M  ---------------

OS:
 Windows 11 , 64 bit Build 22000 (10.0.22000.2538)
OS uptime: 6 days 13:48 hours

CPU: total 4 (initial active 4) (2 cores per cpu, 2 threads per core) family 6 model 142 stepping 12 microcode 0xde, cx8, cmov, fxsr, ht, mmx, 3dnowpref, sse, sse2, sse3, ssse3, sse4.1, sse4.2, popcnt, lzcnt, tsc, tscinvbit, avx, avx2, aes, erms, clmul, bmi1, bmi2, adx, fma, vzeroupper, clflush, clflushopt
Processor Information for all 4 processors :
  Max Mhz: 2592, Current Mhz: 2093, Mhz Limit: 2073

Memory: 4k page, system-wide physical 3900M (390M free)
TotalPageFile size 15676M (AvailPageFile size 65M)
current process WorkingSet (physical memory assigned to process): 201M, peak: 203M
current process commit charge ("private bytes"): 256M, peak: 367M

vm_info: OpenJDK 64-Bit Server VM (17.0.11+0--11852314) for windows-amd64 JRE (17.0.11+0--11852314), built on May 16 2024 21:29:20 by "androidbuild" with MS VC++ 16.10 / 16.11 (VS2019)

END.
