#
# There is insufficient memory for the Java Runtime Environment to continue.
# Native memory allocation (mmap) failed to map 65011712 bytes. Error detail: G1 virtual space
# Possible reasons:
#   The system is out of physical RAM or swap space
#   This process is running with CompressedOops enabled, and the Java Heap may be blocking the growth of the native heap
# Possible solutions:
#   Reduce memory load on the system
#   Increase physical memory or swap space
#   Check if swap backing store is full
#   Decrease Java heap size (-Xmx/-Xms)
#   Decrease number of Java threads
#   Decrease Java thread stack sizes (-Xss)
#   Set larger code cache with -XX:ReservedCodeCacheSize=
#   JVM is running with Unscaled Compressed Oops mode in which the Java heap is
#     placed in the first 4GB address space. The Java Heap base address is the
#     maximum limit for the native heap growth. Please use -XX:HeapBaseMinAddress
#     to set the Java Heap base and to place the Java Heap above 4GB virtual address.
# This output file may be truncated or incomplete.
#
#  Out of Memory Error (os_windows.cpp:3825), pid=24852, tid=13392
#
# JRE version:  (17.0.11) (build )
# Java VM: OpenJDK 64-Bit Server VM (17.0.11+0--11852314, mixed mode, sharing, tiered, compressed oops, compressed class ptrs, g1 gc, windows-amd64)
# No core dump will be written. Minidumps are not enabled by default on client versions of Windows
#

---------------  S U M M A R Y ------------

Command Line: org.jetbrains.kotlin.cli.jvm.K2JVMCompiler @C:\Ciclo8\DSM\SIAMO\App_SIAMO\app\build\20241027_11814449261560041393.compiler.options

Host: Intel(R) Core(TM) i3-10110U CPU @ 2.10GHz, 4 cores, 3G,  Windows 11 , 64 bit Build 22000 (10.0.22000.2538)
Time: Sun Oct 27 15:10:17 2024 Hora est. Pacífico, Sudamérica elapsed time: 0.299412 seconds (0d 0h 0m 0s)

---------------  T H R E A D  ---------------

Current thread (0x000002202ea379a0):  JavaThread "Unknown thread" [_thread_in_vm, id=13392, stack(0x0000005c99800000,0x0000005c99900000)]

Stack: [0x0000005c99800000,0x0000005c99900000]
Native frames: (J=compiled Java code, j=interpreted, Vv=VM code, C=native code)
V  [jvm.dll+0x687bb9]
V  [jvm.dll+0x84142a]
V  [jvm.dll+0x8430ae]
V  [jvm.dll+0x843713]
V  [jvm.dll+0x24a35f]
V  [jvm.dll+0x684989]
V  [jvm.dll+0x67923a]
V  [jvm.dll+0x30af0b]
V  [jvm.dll+0x3123b6]
V  [jvm.dll+0x361dfe]
V  [jvm.dll+0x36202f]
V  [jvm.dll+0x2e0d38]
V  [jvm.dll+0x2e1ca4]
V  [jvm.dll+0x811f21]
V  [jvm.dll+0x36fb68]
V  [jvm.dll+0x7f0896]
V  [jvm.dll+0x3f3d2f]
V  [jvm.dll+0x3f58e1]
C  [jli.dll+0x528f]
C  [ucrtbase.dll+0x26c0c]
C  [KERNEL32.DLL+0x153e0]
C  [ntdll.dll+0x485b]


---------------  P R O C E S S  ---------------

Threads class SMR info:
_java_thread_list=0x00007fff5068efd8, length=0, elements={
}

Java Threads: ( => current thread )

Other Threads:
  0x000002202ea74520 GCTaskThread "GC Thread#0" [stack: 0x0000005c99900000,0x0000005c99a00000] [id=2968]
  0x000002202ea7ce70 ConcurrentGCThread "G1 Main Marker" [stack: 0x0000005c99a00000,0x0000005c99b00000] [id=30012]
  0x000002202ea7d890 ConcurrentGCThread "G1 Conc#0" [stack: 0x0000005c99b00000,0x0000005c99c00000] [id=33316]

[error occurred during error reporting (printing all threads), id 0xc0000005, EXCEPTION_ACCESS_VIOLATION (0xc0000005) at pc=0x00007fff4fe41907]

VM state: not at safepoint (not fully initialized)

VM Mutex/Monitor currently owned by a thread:  ([mutex/lock_event])
[0x000002202ea34f90] Heap_lock - owner thread: 0x000002202ea379a0

Heap address: 0x00000000c3000000, size: 976 MB, Compressed Oops mode: 32-bit

CDS archive(s) mapped at: [0x0000000000000000-0x0000000000000000-0x0000000000000000), size 0, SharedBaseAddress: 0x0000000800000000, ArchiveRelocationMode: 1.
Narrow klass base: 0x0000000000000000, Narrow klass shift: 0, Narrow klass range: 0x0

GC Precious Log:
<Empty>

Heap:
 garbage-first heap   total 0K, used 0K [0x00000000c3000000, 0x0000000100000000)
  region size 1024K, 0 young (0K), 0 survivors (0K)
 Metaspace       used 0K, committed 0K, reserved 0K
  class space    used 0K, committed 0K, reserved 0K

Heap Regions: E=young(eden), S=young(survivor), O=old, HS=humongous(starts), HC=humongous(continues), CS=collection set, F=free, OA=open archive, CA=closed archive, TAMS=top-at-mark-start (previous, next)

Card table byte_map: [0x0000022041110000,0x0000022041300000] _byte_map_base: 0x0000022040af8000

Marking Bits (Prev, Next): (CMBitMap*) 0x000002202ea74b40, (CMBitMap*) 0x000002202ea74b80
 Prev Bits: [0x00000220414f0000, 0x0000022042430000)
 Next Bits: [0x0000022042430000, 0x0000022043370000)

GC Heap History (0 events):
No events

Dll operation events (1 events):
Event: 0.156 Loaded shared library C:\Program Files\Android\Android Studio\jbr\bin\java.dll

Deoptimization events (0 events):
No events

Classes unloaded (0 events):
No events

Classes redefined (0 events):
No events

Internal exceptions (0 events):
No events

VM Operations (0 events):
No events

Events (0 events):
No events


Dynamic libraries:
0x00007ff6aa1e0000 - 0x00007ff6aa1ea000 	C:\Program Files\Android\Android Studio\jbr\bin\java.exe
0x00007fffda240000 - 0x00007fffda449000 	C:\WINDOWS\SYSTEM32\ntdll.dll
0x00007fffd8b70000 - 0x00007fffd8c2d000 	C:\WINDOWS\System32\KERNEL32.DLL
0x00007fffd78e0000 - 0x00007fffd7c64000 	C:\WINDOWS\System32\KERNELBASE.dll
0x00007fffd7eb0000 - 0x00007fffd7fc1000 	C:\WINDOWS\System32\ucrtbase.dll
0x00007fffbd7d0000 - 0x00007fffbd7e7000 	C:\Program Files\Android\Android Studio\jbr\bin\jli.dll
0x00007fffd9960000 - 0x00007fffd9b0d000 	C:\WINDOWS\System32\USER32.dll
0x00007fffd7e80000 - 0x00007fffd7ea6000 	C:\WINDOWS\System32\win32u.dll
0x00007fffd8c30000 - 0x00007fffd8c5a000 	C:\WINDOWS\System32\GDI32.dll
0x00007fffd7750000 - 0x00007fffd786e000 	C:\WINDOWS\System32\gdi32full.dll
0x00007fffd7de0000 - 0x00007fffd7e7d000 	C:\WINDOWS\System32\msvcp_win.dll
0x00007fffbd210000 - 0x00007fffbd22b000 	C:\Program Files\Android\Android Studio\jbr\bin\VCRUNTIME140.dll
0x00007fffbca80000 - 0x00007fffbcd25000 	C:\WINDOWS\WinSxS\amd64_microsoft.windows.common-controls_6595b64144ccf1df_6.0.22000.120_none_9d947278b86cc467\COMCTL32.dll
0x00007fffd86b0000 - 0x00007fffd8753000 	C:\WINDOWS\System32\msvcrt.dll
0x00007fffd9d00000 - 0x00007fffd9d31000 	C:\WINDOWS\System32\IMM32.DLL
0x00007fffc4760000 - 0x00007fffc476c000 	C:\Program Files\Android\Android Studio\jbr\bin\vcruntime140_1.dll
0x00007fff8d310000 - 0x00007fff8d39d000 	C:\Program Files\Android\Android Studio\jbr\bin\msvcp140.dll
0x00007fff4fb50000 - 0x00007fff507d3000 	C:\Program Files\Android\Android Studio\jbr\bin\server\jvm.dll
0x00007fffd89d0000 - 0x00007fffd8a7e000 	C:\WINDOWS\System32\ADVAPI32.dll
0x00007fffd9ec0000 - 0x00007fffd9f5e000 	C:\WINDOWS\System32\sechost.dll
0x00007fffd9bd0000 - 0x00007fffd9cf1000 	C:\WINDOWS\System32\RPCRT4.dll
0x00007fffd75a0000 - 0x00007fffd75ed000 	C:\WINDOWS\SYSTEM32\POWRPROF.dll
0x00007fffd1c20000 - 0x00007fffd1c53000 	C:\WINDOWS\SYSTEM32\WINMM.dll
0x00007fffb7170000 - 0x00007fffb7179000 	C:\WINDOWS\SYSTEM32\WSOCK32.dll
0x00007fffd8af0000 - 0x00007fffd8b5f000 	C:\WINDOWS\System32\WS2_32.dll
0x00007fffcfc20000 - 0x00007fffcfc2a000 	C:\WINDOWS\SYSTEM32\VERSION.dll
0x00007fffd7580000 - 0x00007fffd7593000 	C:\WINDOWS\SYSTEM32\UMPDC.dll
0x00007fffd6740000 - 0x00007fffd6758000 	C:\WINDOWS\SYSTEM32\kernel.appcore.dll
0x00007fffd45d0000 - 0x00007fffd45da000 	C:\Program Files\Android\Android Studio\jbr\bin\jimage.dll
0x00007fffd51b0000 - 0x00007fffd53d1000 	C:\WINDOWS\SYSTEM32\DBGHELP.DLL
0x00007fffb70a0000 - 0x00007fffb70d1000 	C:\WINDOWS\SYSTEM32\dbgcore.DLL
0x00007fffd76d0000 - 0x00007fffd774f000 	C:\WINDOWS\System32\bcryptPrimitives.dll
0x00007fffd3440000 - 0x00007fffd3465000 	C:\Program Files\Android\Android Studio\jbr\bin\java.dll

dbghelp: loaded successfully - version: 4.0.5 - missing functions: none
symbol engine: initialized successfully - sym options: 0x614 - pdb path: .;C:\Program Files\Android\Android Studio\jbr\bin;C:\WINDOWS\SYSTEM32;C:\WINDOWS\WinSxS\amd64_microsoft.windows.common-controls_6595b64144ccf1df_6.0.22000.120_none_9d947278b86cc467;C:\Program Files\Android\Android Studio\jbr\bin\server

VM Arguments:
java_command: org.jetbrains.kotlin.cli.jvm.K2JVMCompiler @C:\Ciclo8\DSM\SIAMO\App_SIAMO\app\build\20241027_11814449261560041393.compiler.options
java_class_path (initial): C:\Users\HP SUPPORT\.gradle\caches\modules-2\files-2.1\org.jetbrains.kotlin\kotlin-compiler-embeddable\1.9.0\2c8c3a7402becca891f12739b3e9fd2dc2adbd7a\kotlin-compiler-embeddable-1.9.0.jar;C:\Users\HP SUPPORT\.gradle\caches\modules-2\files-2.1\org.jetbrains.kotlin\kotlin-stdlib\1.9.0\8ee15ef0c67dc83d874f412d84378d7f0eb50b63\kotlin-stdlib-1.9.0.jar;C:\Users\HP SUPPORT\.gradle\caches\modules-2\files-2.1\org.jetbrains.kotlin\kotlin-script-runtime\1.9.0\4b3102cbbb7e1b58d9d1adf89563f00069ffa7d1\kotlin-script-runtime-1.9.0.jar;C:\Users\HP SUPPORT\.gradle\caches\modules-2\files-2.1\org.jetbrains.kotlin\kotlin-reflect\1.6.10\1cbe9c92c12a94eea200d23c2bbaedaf3daf5132\kotlin-reflect-1.6.10.jar;C:\Users\HP SUPPORT\.gradle\caches\modules-2\files-2.1\org.jetbrains.kotlin\kotlin-daemon-embeddable\1.9.0\186543f5e28cf8d9a0290fecc2cf34301c40a65c\kotlin-daemon-embeddable-1.9.0.jar;C:\Users\HP SUPPORT\.gradle\caches\modules-2\files-2.1\org.jetbrains.intellij.deps\trove4j\1.0.20200330\3afb14d5f9ceb459d724e907a21145e8ff394f02\trove4j-1.0.20200330.jar;C:\Users\HP SUPPORT\.gradle\caches\modules-2\files-2.1\org.jetbrains.kotlin\kotlin-stdlib-common\1.9.0\cd65c21cfd1eec4d44ef09f9f52b6d9f8a720636\kotlin-stdlib-common-1.9.0.jar;C:\Users\HP SUPPORT\.gradle\caches\modules-2\files-2.1\org.jetbrains\annotations\13.0\919f0dfe192fb4e063e7dacadee7f8bb9a2672a9\annotations-13.0.jar
Launcher Type: SUN_STANDARD

[Global flags]
     intx CICompilerCount                          = 3                                         {product} {ergonomic}
     uint ConcGCThreads                            = 1                                         {product} {ergonomic}
     uint G1ConcRefinementThreads                  = 4                                         {product} {ergonomic}
   size_t G1HeapRegionSize                         = 1048576                                   {product} {ergonomic}
    uintx GCDrainStackTargetSize                   = 64                                        {product} {ergonomic}
   size_t InitialHeapSize                          = 65011712                                  {product} {ergonomic}
   size_t MarkStackSize                            = 4194304                                   {product} {ergonomic}
   size_t MaxHeapSize                              = 1023410176                                {product} {ergonomic}
   size_t MinHeapDeltaBytes                        = 1048576                                   {product} {ergonomic}
   size_t MinHeapSize                              = 8388608                                   {product} {ergonomic}
    uintx NonNMethodCodeHeapSize                   = 5832780                                {pd product} {ergonomic}
    uintx NonProfiledCodeHeapSize                  = 122912730                              {pd product} {ergonomic}
    uintx ProfiledCodeHeapSize                     = 122912730                              {pd product} {ergonomic}
    uintx ReservedCodeCacheSize                    = 251658240                              {pd product} {ergonomic}
     bool SegmentedCodeCache                       = true                                      {product} {ergonomic}
   size_t SoftMaxHeapSize                          = 1023410176                             {manageable} {ergonomic}
     bool UseCompressedClassPointers               = true                           {product lp64_product} {ergonomic}
     bool UseCompressedOops                        = true                           {product lp64_product} {ergonomic}
     bool UseG1GC                                  = true                                      {product} {ergonomic}
     bool UseLargePagesIndividualAllocation        = false                                  {pd product} {ergonomic}

Logging:
Log output configuration:
 #0: stdout all=warning uptime,level,tags
 #1: stderr all=off uptime,level,tags

Environment Variables:
PATH=C:\ProgramData\Oracle\Java\javapath;C:\Program Files\Common Files\Oracle\Java\javapath;C:\Program Files (x86)\Common Files\Oracle\Java\javapath;C:\ORACLE\bin;C:\WINDOWS\system32;C:\WINDOWS;C:\WINDOWS\System32\Wbem;C:\WINDOWS\System32\WindowsPowerShell\v1.0\;C:\WINDOWS\System32\OpenSSH\;C:\Program Files (x86)\Rational\common;C:\Program Files\nodejs\;C:\Program Files\Git\cmd;C:\Program Files\Git\mingw64\bin;C:\Program Files\Git\usr\bin;C:\scrcpy;C:\Program Files\MySQL\MySQL Shell 8.0\bin\;C:\Users\HP SUPPORT\AppData\Local\Microsoft\WindowsApps;C:\Users\HP SUPPORT\AppData\Local\Programs\Microsoft VS Code\bin;C:\Users\HP SUPPORT\AppData\Roaming\npm
USERNAME=HP SUPPORT
OS=Windows_NT
PROCESSOR_IDENTIFIER=Intel64 Family 6 Model 142 Stepping 12, GenuineIntel
TMP=C:\Users\HPSUPP~1\AppData\Local\Temp
TEMP=C:\Users\HPSUPP~1\AppData\Local\Temp



Periodic native trim disabled

JNI global refs:
JNI global refs: 0, weak refs: 0

JNI global refs memory usage: 0, weak refs: 0

Process memory usage:
Resident Set Size: 10272K (0% of 3994612K total physical memory with 54180K free physical memory)

OOME stack traces (most recent first):
Classloader memory used:


---------------  S Y S T E M  ---------------

OS:
 Windows 11 , 64 bit Build 22000 (10.0.22000.2538)
OS uptime: 6 days 7:52 hours

CPU: total 4 (initial active 4) (2 cores per cpu, 2 threads per core) family 6 model 142 stepping 12 microcode 0xde, cx8, cmov, fxsr, ht, mmx, 3dnowpref, sse, sse2, sse3, ssse3, sse4.1, sse4.2, popcnt, lzcnt, tsc, tscinvbit, avx, avx2, aes, erms, clmul, bmi1, bmi2, adx, fma, vzeroupper, clflush, clflushopt
Processor Information for all 4 processors :
  Max Mhz: 2592, Current Mhz: 2093, Mhz Limit: 2073

Memory: 4k page, system-wide physical 3900M (52M free)
TotalPageFile size 15676M (AvailPageFile size 4M)
current process WorkingSet (physical memory assigned to process): 10M, peak: 10M
current process commit charge ("private bytes"): 51M, peak: 113M

vm_info: OpenJDK 64-Bit Server VM (17.0.11+0--11852314) for windows-amd64 JRE (17.0.11+0--11852314), built on May 16 2024 21:29:20 by "androidbuild" with MS VC++ 16.10 / 16.11 (VS2019)

END.
