#
# There is insufficient memory for the Java Runtime Environment to continue.
# Native memory allocation (mmap) failed to map 288358400 bytes. Error detail: G1 virtual space
# Possible reasons:
#   The system is out of physical RAM or swap space
#   This process is running with CompressedOops enabled, and the Java Heap may be blocking the growth of the native heap
# Possible solutions:
#   Reduce memory load on the system
#   Increase physical memory or swap space
#   Check if swap backing store is full
#   Decrease Java heap size (-Xmx/-Xms)
#   Decrease number of Java threads
#   Decrease Java thread stack sizes (-Xss)
#   Set larger code cache with -XX:ReservedCodeCacheSize=
#   JVM is running with Unscaled Compressed Oops mode in which the Java heap is
#     placed in the first 4GB address space. The Java Heap base address is the
#     maximum limit for the native heap growth. Please use -XX:HeapBaseMinAddress
#     to set the Java Heap base and to place the Java Heap above 4GB virtual address.
# This output file may be truncated or incomplete.
#
#  Out of Memory Error (os_windows.cpp:3825), pid=15164, tid=35396
#
# JRE version: OpenJDK Runtime Environment (17.0.11) (build 17.0.11+0--11852314)
# Java VM: OpenJDK 64-Bit Server VM (17.0.11+0--11852314, mixed mode, tiered, compressed oops, compressed class ptrs, g1 gc, windows-amd64)
# No core dump will be written. Minidumps are not enabled by default on client versions of Windows
#

---------------  S U M M A R Y ------------

Command Line: --add-opens=java.base/java.util=ALL-UNNAMED --add-opens=java.base/java.lang=ALL-UNNAMED --add-opens=java.base/java.lang.invoke=ALL-UNNAMED --add-opens=java.prefs/java.util.prefs=ALL-UNNAMED --add-opens=java.base/java.nio.charset=ALL-UNNAMED --add-opens=java.base/java.net=ALL-UNNAMED --add-opens=java.base/java.util.concurrent.atomic=ALL-UNNAMED -Xmx2048m -Dfile.encoding=UTF-8 -Duser.country=ES -Duser.language=es -Duser.variant -javaagent:C:\Users\HP SUPPORT\.gradle\wrapper\dists\gradle-8.7-bin\bhs2wmbdwecv87pi65oeuq5iu\gradle-8.7\lib\agents\gradle-instrumentation-agent-8.7.jar org.gradle.launcher.daemon.bootstrap.GradleDaemon 8.7

Host: Intel(R) Core(TM) i3-10110U CPU @ 2.10GHz, 4 cores, 3G,  Windows 11 , 64 bit Build 22000 (10.0.22000.2538)
Time: Sun Oct 27 00:57:46 2024 Hora est. Pacífico, Sudamérica elapsed time: 21.648683 seconds (0d 0h 0m 21s)

---------------  T H R E A D  ---------------

Current thread (0x000001c238d294e0):  VMThread "VM Thread" [stack: 0x0000007f3af00000,0x0000007f3b000000] [id=35396]

Stack: [0x0000007f3af00000,0x0000007f3b000000]
Native frames: (J=compiled Java code, j=interpreted, Vv=VM code, C=native code)
V  [jvm.dll+0x687bb9]
V  [jvm.dll+0x84142a]
V  [jvm.dll+0x8430ae]
V  [jvm.dll+0x843713]
V  [jvm.dll+0x24a35f]
V  [jvm.dll+0x684989]
V  [jvm.dll+0x67923a]
V  [jvm.dll+0x30af0b]
V  [jvm.dll+0x3123b6]
V  [jvm.dll+0x361dfe]
V  [jvm.dll+0x36202f]
V  [jvm.dll+0x2e0d38]
V  [jvm.dll+0x2df144]
V  [jvm.dll+0x2de74c]
V  [jvm.dll+0x32305b]
V  [jvm.dll+0x847e0b]
V  [jvm.dll+0x848b42]
V  [jvm.dll+0x84905d]
V  [jvm.dll+0x849434]
V  [jvm.dll+0x849500]
V  [jvm.dll+0x7efa4a]
V  [jvm.dll+0x686a35]
C  [ucrtbase.dll+0x26c0c]
C  [KERNEL32.DLL+0x153e0]
C  [ntdll.dll+0x485b]

VM_Operation (0x0000007f3c5f1b00): G1CollectForAllocation, mode: safepoint, requested by thread 0x000001c23eb3ea00


---------------  P R O C E S S  ---------------

Threads class SMR info:
_java_thread_list=0x000001c240c9fbb0, length=42, elements={
0x000001c21f788cb0, 0x000001c238d2d430, 0x000001c238d2e2b0, 0x000001c238d8f010,
0x000001c238d8f9d0, 0x000001c238d52910, 0x000001c238d532d0, 0x000001c238d53fc0,
0x000001c23d000080, 0x000001c238d9dc80, 0x000001c23d177890, 0x000001c23d260b20,
0x000001c23eb3f710, 0x000001c23e257bb0, 0x000001c23f267b70, 0x000001c23ffc0d50,
0x000001c23e4f8db0, 0x000001c23eaa52c0, 0x000001c23eb3ea00, 0x000001c23ea6d380,
0x000001c23ea6ba30, 0x000001c23ea6a0e0, 0x000001c23ea6a5f0, 0x000001c23ea6bf40,
0x000001c23ea6ab00, 0x000001c23ea6d890, 0x000001c23ea6b010, 0x000001c23ea6c450,
0x000001c23ea6c960, 0x000001c23ea6ce70, 0x000001c23f931ec0, 0x000001c23f933810,
0x000001c23f92f640, 0x000001c23f9323d0, 0x000001c23f934c50, 0x000001c23f9328e0,
0x000001c23f935670, 0x000001c23f92f130, 0x000001c23f932df0, 0x000001c23f933d20,
0x000001c23f934230, 0x000001c23f9319b0
}

Java Threads: ( => current thread )
  0x000001c21f788cb0 JavaThread "main" [_thread_blocked, id=34344, stack(0x0000007f3a900000,0x0000007f3aa00000)]
  0x000001c238d2d430 JavaThread "Reference Handler" daemon [_thread_blocked, id=12308, stack(0x0000007f3b000000,0x0000007f3b100000)]
  0x000001c238d2e2b0 JavaThread "Finalizer" daemon [_thread_blocked, id=18580, stack(0x0000007f3b100000,0x0000007f3b200000)]
  0x000001c238d8f010 JavaThread "Signal Dispatcher" daemon [_thread_blocked, id=21660, stack(0x0000007f3b200000,0x0000007f3b300000)]
  0x000001c238d8f9d0 JavaThread "Attach Listener" daemon [_thread_blocked, id=25720, stack(0x0000007f3b300000,0x0000007f3b400000)]
  0x000001c238d52910 JavaThread "Service Thread" daemon [_thread_blocked, id=28484, stack(0x0000007f3b400000,0x0000007f3b500000)]
  0x000001c238d532d0 JavaThread "Monitor Deflation Thread" daemon [_thread_blocked, id=30416, stack(0x0000007f3b500000,0x0000007f3b600000)]
  0x000001c238d53fc0 JavaThread "C2 CompilerThread0" daemon [_thread_blocked, id=25092, stack(0x0000007f3b600000,0x0000007f3b700000)]
  0x000001c23d000080 JavaThread "C1 CompilerThread0" daemon [_thread_blocked, id=9520, stack(0x0000007f3b700000,0x0000007f3b800000)]
  0x000001c238d9dc80 JavaThread "Sweeper thread" daemon [_thread_blocked, id=34024, stack(0x0000007f3b800000,0x0000007f3b900000)]
  0x000001c23d177890 JavaThread "Common-Cleaner" daemon [_thread_blocked, id=16952, stack(0x0000007f3b900000,0x0000007f3ba00000)]
  0x000001c23d260b20 JavaThread "Notification Thread" daemon [_thread_blocked, id=28376, stack(0x0000007f3ba00000,0x0000007f3bb00000)]
  0x000001c23eb3f710 JavaThread "Daemon health stats" [_thread_blocked, id=4976, stack(0x0000007f3bf00000,0x0000007f3c000000)]
  0x000001c23e257bb0 JavaThread "Incoming local TCP Connector on port 61400" [_thread_in_native, id=35504, stack(0x0000007f3c000000,0x0000007f3c100000)]
  0x000001c23f267b70 JavaThread "Daemon periodic checks" [_thread_blocked, id=26968, stack(0x0000007f3c100000,0x0000007f3c200000)]
  0x000001c23ffc0d50 JavaThread "Daemon" [_thread_blocked, id=32088, stack(0x0000007f3c200000,0x0000007f3c300000)]
  0x000001c23e4f8db0 JavaThread "Handler for socket connection from /127.0.0.1:61400 to /127.0.0.1:61402" [_thread_in_native, id=29360, stack(0x0000007f3c300000,0x0000007f3c400000)]
  0x000001c23eaa52c0 JavaThread "Cancel handler" [_thread_blocked, id=15176, stack(0x0000007f3c400000,0x0000007f3c500000)]
  0x000001c23eb3ea00 JavaThread "Daemon worker" [_thread_blocked, id=33908, stack(0x0000007f3c500000,0x0000007f3c600000)]
  0x000001c23ea6d380 JavaThread "Asynchronous log dispatcher for DefaultDaemonConnection: socket connection from /127.0.0.1:61400 to /127.0.0.1:61402" [_thread_blocked, id=29240, stack(0x0000007f3c600000,0x0000007f3c700000)]
  0x000001c23ea6ba30 JavaThread "Stdin handler" [_thread_blocked, id=33716, stack(0x0000007f3c700000,0x0000007f3c800000)]
  0x000001c23ea6a0e0 JavaThread "Daemon client event forwarder" [_thread_blocked, id=3456, stack(0x0000007f3c800000,0x0000007f3c900000)]
  0x000001c23ea6a5f0 JavaThread "Cache worker for journal cache (C:\Users\HP SUPPORT\.gradle\caches\journal-1)" [_thread_blocked, id=26296, stack(0x0000007f3c900000,0x0000007f3ca00000)]
  0x000001c23ea6bf40 JavaThread "File lock request listener" [_thread_in_native, id=2848, stack(0x0000007f3ca00000,0x0000007f3cb00000)]
  0x000001c23ea6ab00 JavaThread "Cache worker for file hash cache (C:\Users\HP SUPPORT\.gradle\caches\8.7\fileHashes)" [_thread_blocked, id=5684, stack(0x0000007f3cb00000,0x0000007f3cc00000)]
  0x000001c23ea6d890 JavaThread "Cache worker for file hash cache (C:\Ciclo8\DSM\SIAMO\App_SIAMO\.gradle\8.7\fileHashes)" [_thread_blocked, id=32008, stack(0x0000007f3cc00000,0x0000007f3cd00000)]
  0x000001c23ea6b010 JavaThread "File watcher server" daemon [_thread_blocked, id=33756, stack(0x0000007f3cd00000,0x0000007f3ce00000)]
  0x000001c23ea6c450 JavaThread "File watcher consumer" daemon [_thread_blocked, id=8260, stack(0x0000007f3ce00000,0x0000007f3cf00000)]
  0x000001c23ea6c960 JavaThread "jar transforms" [_thread_blocked, id=22284, stack(0x0000007f3cf00000,0x0000007f3d000000)]
  0x000001c23ea6ce70 JavaThread "jar transforms Thread 2" [_thread_blocked, id=26140, stack(0x0000007f3d000000,0x0000007f3d100000)]
  0x000001c23f931ec0 JavaThread "jar transforms Thread 3" [_thread_blocked, id=33300, stack(0x0000007f3d100000,0x0000007f3d200000)]
  0x000001c23f933810 JavaThread "jar transforms Thread 4" [_thread_blocked, id=17300, stack(0x0000007f3d200000,0x0000007f3d300000)]
  0x000001c23f92f640 JavaThread "Cache worker for checksums cache (C:\Ciclo8\DSM\SIAMO\App_SIAMO\.gradle\8.7\checksums)" [_thread_blocked, id=19248, stack(0x0000007f3d300000,0x0000007f3d400000)]
  0x000001c23f9323d0 JavaThread "Cache worker for cache directory md-supplier (C:\Users\HP SUPPORT\.gradle\caches\8.7\md-supplier)" [_thread_blocked, id=16544, stack(0x0000007f3d400000,0x0000007f3d500000)]
  0x000001c23f934c50 JavaThread "Cache worker for cache directory md-rule (C:\Users\HP SUPPORT\.gradle\caches\8.7\md-rule)" [_thread_blocked, id=28208, stack(0x0000007f3d500000,0x0000007f3d600000)]
  0x000001c23f9328e0 JavaThread "Cache worker for file content cache (C:\Users\HP SUPPORT\.gradle\caches\8.7\fileContent)" [_thread_blocked, id=16500, stack(0x0000007f3d600000,0x0000007f3d700000)]
  0x000001c23f935670 JavaThread "Unconstrained build operations" [_thread_blocked, id=27268, stack(0x0000007f3d700000,0x0000007f3d800000)]
  0x000001c23f92f130 JavaThread "Unconstrained build operations Thread 2" [_thread_blocked, id=15756, stack(0x0000007f3d800000,0x0000007f3d900000)]
  0x000001c23f932df0 JavaThread "Unconstrained build operations Thread 3" [_thread_blocked, id=21052, stack(0x0000007f3d900000,0x0000007f3da00000)]
  0x000001c23f933d20 JavaThread "Unconstrained build operations Thread 4" [_thread_blocked, id=32856, stack(0x0000007f3da00000,0x0000007f3db00000)]
  0x000001c23f934230 JavaThread "Unconstrained build operations Thread 5" [_thread_blocked, id=33012, stack(0x0000007f3db00000,0x0000007f3dc00000)]
  0x000001c23f9319b0 JavaThread "Cache worker for Build Output Cleanup Cache (C:\Ciclo8\DSM\SIAMO\App_SIAMO\.gradle\buildOutputCleanup)" [_thread_blocked, id=35552, stack(0x0000007f3dc00000,0x0000007f3dd00000)]

Other Threads:
=>0x000001c238d294e0 VMThread "VM Thread" [stack: 0x0000007f3af00000,0x0000007f3b000000] [id=35396]
  0x000001c23d2b37d0 WatcherThread [stack: 0x0000007f3bb00000,0x0000007f3bc00000] [id=32764]
  0x000001c21f7e5150 GCTaskThread "GC Thread#0" [stack: 0x0000007f3aa00000,0x0000007f3ab00000] [id=33532]
  0x000001c23d65f6c0 GCTaskThread "GC Thread#1" [stack: 0x0000007f3bc00000,0x0000007f3bd00000] [id=34324]
  0x000001c23d63d2f0 GCTaskThread "GC Thread#2" [stack: 0x0000007f3bd00000,0x0000007f3be00000] [id=34188]
  0x000001c23dc070f0 GCTaskThread "GC Thread#3" [stack: 0x0000007f3be00000,0x0000007f3bf00000] [id=16276]
  0x000001c21f7f60a0 ConcurrentGCThread "G1 Main Marker" [stack: 0x0000007f3ab00000,0x0000007f3ac00000] [id=33816]
  0x000001c21f7f6ac0 ConcurrentGCThread "G1 Conc#0" [stack: 0x0000007f3ac00000,0x0000007f3ad00000] [id=31324]
  0x000001c21f8416d0 ConcurrentGCThread "G1 Refine#0" [stack: 0x0000007f3ad00000,0x0000007f3ae00000] [id=1572]
  0x000001c241401810 ConcurrentGCThread "G1 Refine#1" [stack: 0x0000007f3dd00000,0x0000007f3de00000] [id=6716]
  0x000001c241401230 ConcurrentGCThread "G1 Refine#2" [stack: 0x0000007f3de00000,0x0000007f3df00000] [id=34296]
  0x000001c21f842100 ConcurrentGCThread "G1 Service" [stack: 0x0000007f3ae00000,0x0000007f3af00000] [id=27088]

Threads with active compile tasks:
C2 CompilerThread0    21706 8241   !   4       java.net.URLClassLoader::defineClass (224 bytes)

VM state: at safepoint (normal execution)

VM Mutex/Monitor currently owned by a thread:  ([mutex/lock_event])
[0x000001c21f784c20] Threads_lock - owner thread: 0x000001c238d294e0
[0x000001c21f7852e0] Heap_lock - owner thread: 0x000001c23eb3ea00

Heap address: 0x0000000080000000, size: 2048 MB, Compressed Oops mode: 32-bit

CDS archive(s) not mapped
Compressed class space mapped at: 0x0000000100000000-0x0000000140000000, reserved size: 1073741824
Narrow klass base: 0x0000000000000000, Narrow klass shift: 3, Narrow klass range: 0x140000000

GC Precious Log:
 CPUs: 4 total, 4 available
 Memory: 3900M
 Large Page Support: Disabled
 NUMA Support: Disabled
 Compressed Oops: Enabled (32-bit)
 Heap Region Size: 1M
 Heap Min Capacity: 8M
 Heap Initial Capacity: 62M
 Heap Max Capacity: 2G
 Pre-touch: Disabled
 Parallel Workers: 4
 Concurrent Workers: 1
 Concurrent Refinement Workers: 4
 Periodic GC: Disabled

Heap:
 garbage-first heap   total 178176K, used 103947K [0x0000000080000000, 0x0000000100000000)
  region size 1024K, 2 young (2048K), 2 survivors (2048K)
 Metaspace       used 101964K, committed 102656K, reserved 1179648K
  class space    used 13755K, committed 14080K, reserved 1048576K

Heap Regions: E=young(eden), S=young(survivor), O=old, HS=humongous(starts), HC=humongous(continues), CS=collection set, F=free, OA=open archive, CA=closed archive, TAMS=top-at-mark-start (previous, next)
|   0|0x0000000080000000, 0x0000000080100000, 0x0000000080100000|100%| O|  |TAMS 0x0000000080100000, 0x0000000080100000| Untracked 
|   1|0x0000000080100000, 0x0000000080200000, 0x0000000080200000|100%|HS|  |TAMS 0x0000000080200000, 0x0000000080200000| Complete 
|   2|0x0000000080200000, 0x0000000080300000, 0x0000000080300000|100%|HC|  |TAMS 0x0000000080300000, 0x0000000080300000| Complete 
|   3|0x0000000080300000, 0x0000000080400000, 0x0000000080400000|100%|HC|  |TAMS 0x0000000080400000, 0x0000000080400000| Complete 
|   4|0x0000000080400000, 0x0000000080500000, 0x0000000080500000|100%|HC|  |TAMS 0x0000000080500000, 0x0000000080500000| Complete 
|   5|0x0000000080500000, 0x0000000080600000, 0x0000000080600000|100%| O|  |TAMS 0x0000000080600000, 0x0000000080600000| Untracked 
|   6|0x0000000080600000, 0x0000000080700000, 0x0000000080700000|100%| O|  |TAMS 0x0000000080700000, 0x0000000080700000| Untracked 
|   7|0x0000000080700000, 0x0000000080800000, 0x0000000080800000|100%| O|  |TAMS 0x0000000080800000, 0x0000000080800000| Untracked 
|   8|0x0000000080800000, 0x0000000080900000, 0x0000000080900000|100%| O|  |TAMS 0x0000000080900000, 0x0000000080900000| Untracked 
|   9|0x0000000080900000, 0x0000000080a00000, 0x0000000080a00000|100%| O|  |TAMS 0x0000000080a00000, 0x0000000080a00000| Untracked 
|  10|0x0000000080a00000, 0x0000000080b00000, 0x0000000080b00000|100%| O|  |TAMS 0x0000000080b00000, 0x0000000080b00000| Untracked 
|  11|0x0000000080b00000, 0x0000000080c00000, 0x0000000080c00000|100%| O|  |TAMS 0x0000000080c00000, 0x0000000080c00000| Untracked 
|  12|0x0000000080c00000, 0x0000000080d00000, 0x0000000080d00000|100%| O|  |TAMS 0x0000000080d00000, 0x0000000080d00000| Untracked 
|  13|0x0000000080d00000, 0x0000000080e00000, 0x0000000080e00000|100%| O|  |TAMS 0x0000000080e00000, 0x0000000080e00000| Untracked 
|  14|0x0000000080e00000, 0x0000000080f00000, 0x0000000080f00000|100%| O|  |TAMS 0x0000000080f00000, 0x0000000080f00000| Untracked 
|  15|0x0000000080f00000, 0x0000000081000000, 0x0000000081000000|100%| O|  |TAMS 0x0000000081000000, 0x0000000081000000| Untracked 
|  16|0x0000000081000000, 0x0000000081100000, 0x0000000081100000|100%| O|  |TAMS 0x0000000081100000, 0x0000000081100000| Untracked 
|  17|0x0000000081100000, 0x0000000081200000, 0x0000000081200000|100%| O|  |TAMS 0x0000000081200000, 0x0000000081200000| Untracked 
|  18|0x0000000081200000, 0x0000000081300000, 0x0000000081300000|100%| O|  |TAMS 0x0000000081300000, 0x0000000081300000| Untracked 
|  19|0x0000000081300000, 0x0000000081400000, 0x0000000081400000|100%|HS|  |TAMS 0x0000000081400000, 0x0000000081400000| Complete 
|  20|0x0000000081400000, 0x0000000081500000, 0x0000000081500000|100%|HC|  |TAMS 0x0000000081500000, 0x0000000081500000| Complete 
|  21|0x0000000081500000, 0x0000000081600000, 0x0000000081600000|100%|HC|  |TAMS 0x0000000081600000, 0x0000000081600000| Complete 
|  22|0x0000000081600000, 0x0000000081700000, 0x0000000081700000|100%|HC|  |TAMS 0x0000000081700000, 0x0000000081700000| Complete 
|  23|0x0000000081700000, 0x0000000081800000, 0x0000000081800000|100%|HC|  |TAMS 0x0000000081800000, 0x0000000081800000| Complete 
|  24|0x0000000081800000, 0x0000000081900000, 0x0000000081900000|100%| O|  |TAMS 0x0000000081900000, 0x0000000081900000| Untracked 
|  25|0x0000000081900000, 0x0000000081a00000, 0x0000000081a00000|100%|HS|  |TAMS 0x0000000081a00000, 0x0000000081a00000| Complete 
|  26|0x0000000081a00000, 0x0000000081b00000, 0x0000000081b00000|100%|HC|  |TAMS 0x0000000081b00000, 0x0000000081b00000| Complete 
|  27|0x0000000081b00000, 0x0000000081c00000, 0x0000000081c00000|100%|HC|  |TAMS 0x0000000081c00000, 0x0000000081c00000| Complete 
|  28|0x0000000081c00000, 0x0000000081d00000, 0x0000000081d00000|100%| O|  |TAMS 0x0000000081d00000, 0x0000000081d00000| Untracked 
|  29|0x0000000081d00000, 0x0000000081e00000, 0x0000000081e00000|100%| O|  |TAMS 0x0000000081e00000, 0x0000000081e00000| Untracked 
|  30|0x0000000081e00000, 0x0000000081f00000, 0x0000000081f00000|100%| O|  |TAMS 0x0000000081f00000, 0x0000000081f00000| Untracked 
|  31|0x0000000081f00000, 0x0000000082000000, 0x0000000082000000|100%| O|  |TAMS 0x0000000082000000, 0x0000000082000000| Untracked 
|  32|0x0000000082000000, 0x0000000082100000, 0x0000000082100000|100%| O|  |TAMS 0x0000000082100000, 0x0000000082100000| Untracked 
|  33|0x0000000082100000, 0x0000000082200000, 0x0000000082200000|100%|HS|  |TAMS 0x0000000082100000, 0x0000000082200000| Complete 
|  34|0x0000000082200000, 0x0000000082300000, 0x0000000082300000|100%|HS|  |TAMS 0x0000000082300000, 0x0000000082300000| Complete 
|  35|0x0000000082300000, 0x0000000082400000, 0x0000000082400000|100%|HC|  |TAMS 0x0000000082400000, 0x0000000082400000| Complete 
|  36|0x0000000082400000, 0x0000000082500000, 0x0000000082500000|100%|HC|  |TAMS 0x0000000082500000, 0x0000000082500000| Complete 
|  37|0x0000000082500000, 0x0000000082600000, 0x0000000082600000|100%|HS|  |TAMS 0x0000000082600000, 0x0000000082600000| Complete 
|  38|0x0000000082600000, 0x0000000082700000, 0x0000000082700000|100%| O|  |TAMS 0x0000000082700000, 0x0000000082700000| Untracked 
|  39|0x0000000082700000, 0x0000000082800000, 0x0000000082800000|100%| O|  |TAMS 0x0000000082800000, 0x0000000082800000| Untracked 
|  40|0x0000000082800000, 0x0000000082900000, 0x0000000082900000|100%| O|  |TAMS 0x0000000082900000, 0x0000000082900000| Untracked 
|  41|0x0000000082900000, 0x0000000082a00000, 0x0000000082a00000|100%| O|  |TAMS 0x0000000082a00000, 0x0000000082a00000| Untracked 
|  42|0x0000000082a00000, 0x0000000082b00000, 0x0000000082b00000|100%| O|  |TAMS 0x0000000082b00000, 0x0000000082b00000| Untracked 
|  43|0x0000000082b00000, 0x0000000082c00000, 0x0000000082c00000|100%| O|  |TAMS 0x0000000082c00000, 0x0000000082c00000| Untracked 
|  44|0x0000000082c00000, 0x0000000082c00000, 0x0000000082d00000|  0%| F|  |TAMS 0x0000000082c00000, 0x0000000082c00000| Untracked 
|  45|0x0000000082d00000, 0x0000000082e00000, 0x0000000082e00000|100%| O|  |TAMS 0x0000000082e00000, 0x0000000082e00000| Untracked 
|  46|0x0000000082e00000, 0x0000000082f00000, 0x0000000082f00000|100%| O|  |TAMS 0x0000000082f00000, 0x0000000082f00000| Untracked 
|  47|0x0000000082f00000, 0x0000000083000000, 0x0000000083000000|100%|HS|  |TAMS 0x0000000083000000, 0x0000000083000000| Complete 
|  48|0x0000000083000000, 0x0000000083100000, 0x0000000083100000|100%|HC|  |TAMS 0x0000000083100000, 0x0000000083100000| Complete 
|  49|0x0000000083100000, 0x0000000083200000, 0x0000000083200000|100%|HC|  |TAMS 0x0000000083200000, 0x0000000083200000| Complete 
|  50|0x0000000083200000, 0x0000000083300000, 0x0000000083300000|100%| O|  |TAMS 0x0000000083300000, 0x0000000083300000| Untracked 
|  51|0x0000000083300000, 0x0000000083400000, 0x0000000083400000|100%| O|  |TAMS 0x0000000083400000, 0x0000000083400000| Untracked 
|  52|0x0000000083400000, 0x0000000083500000, 0x0000000083500000|100%|HS|  |TAMS 0x0000000083500000, 0x0000000083500000| Complete 
|  53|0x0000000083500000, 0x0000000083600000, 0x0000000083600000|100%|HC|  |TAMS 0x0000000083600000, 0x0000000083600000| Complete 
|  54|0x0000000083600000, 0x0000000083700000, 0x0000000083700000|100%|HC|  |TAMS 0x0000000083700000, 0x0000000083700000| Complete 
|  55|0x0000000083700000, 0x0000000083800000, 0x0000000083800000|100%|HC|  |TAMS 0x0000000083800000, 0x0000000083800000| Complete 
|  56|0x0000000083800000, 0x0000000083900000, 0x0000000083900000|100%|HC|  |TAMS 0x0000000083900000, 0x0000000083900000| Complete 
|  57|0x0000000083900000, 0x0000000083a00000, 0x0000000083a00000|100%| O|  |TAMS 0x0000000083a00000, 0x0000000083a00000| Untracked 
|  58|0x0000000083a00000, 0x0000000083b00000, 0x0000000083b00000|100%|HS|  |TAMS 0x0000000083b00000, 0x0000000083b00000| Complete 
|  59|0x0000000083b00000, 0x0000000083c00000, 0x0000000083c00000|100%|HC|  |TAMS 0x0000000083c00000, 0x0000000083c00000| Complete 
|  60|0x0000000083c00000, 0x0000000083d00000, 0x0000000083d00000|100%|HC|  |TAMS 0x0000000083d00000, 0x0000000083d00000| Complete 
|  61|0x0000000083d00000, 0x0000000083e00000, 0x0000000083e00000|100%|HC|  |TAMS 0x0000000083e00000, 0x0000000083e00000| Complete 
|  62|0x0000000083e00000, 0x0000000083f00000, 0x0000000083f00000|100%|HC|  |TAMS 0x0000000083f00000, 0x0000000083f00000| Complete 
|  63|0x0000000083f00000, 0x0000000084000000, 0x0000000084000000|100%| O|  |TAMS 0x0000000084000000, 0x0000000084000000| Untracked 
|  64|0x0000000084000000, 0x0000000084100000, 0x0000000084100000|100%| O|  |TAMS 0x0000000084100000, 0x0000000084100000| Untracked 
|  65|0x0000000084100000, 0x0000000084200000, 0x0000000084200000|100%| O|  |TAMS 0x0000000084200000, 0x0000000084200000| Untracked 
|  66|0x0000000084200000, 0x0000000084300000, 0x0000000084300000|100%| O|  |TAMS 0x0000000084300000, 0x0000000084300000| Untracked 
|  67|0x0000000084300000, 0x0000000084400000, 0x0000000084400000|100%| O|  |TAMS 0x0000000084400000, 0x0000000084400000| Untracked 
|  68|0x0000000084400000, 0x0000000084500000, 0x0000000084500000|100%| O|  |TAMS 0x0000000084500000, 0x0000000084500000| Untracked 
|  69|0x0000000084500000, 0x0000000084600000, 0x0000000084600000|100%| O|  |TAMS 0x0000000084600000, 0x0000000084600000| Untracked 
|  70|0x0000000084600000, 0x0000000084700000, 0x0000000084700000|100%| O|  |TAMS 0x0000000084700000, 0x0000000084700000| Untracked 
|  71|0x0000000084700000, 0x0000000084800000, 0x0000000084800000|100%| O|  |TAMS 0x0000000084800000, 0x0000000084800000| Untracked 
|  72|0x0000000084800000, 0x0000000084900000, 0x0000000084900000|100%| O|  |TAMS 0x0000000084900000, 0x0000000084900000| Untracked 
|  73|0x0000000084900000, 0x0000000084a00000, 0x0000000084a00000|100%| O|  |TAMS 0x0000000084a00000, 0x0000000084a00000| Untracked 
|  74|0x0000000084a00000, 0x0000000084b00000, 0x0000000084b00000|100%| O|  |TAMS 0x0000000084b00000, 0x0000000084b00000| Untracked 
|  75|0x0000000084b00000, 0x0000000084c00000, 0x0000000084c00000|100%| O|  |TAMS 0x0000000084c00000, 0x0000000084c00000| Untracked 
|  76|0x0000000084c00000, 0x0000000084d00000, 0x0000000084d00000|100%| O|  |TAMS 0x0000000084d00000, 0x0000000084d00000| Untracked 
|  77|0x0000000084d00000, 0x0000000084e00000, 0x0000000084e00000|100%| O|  |TAMS 0x0000000084e00000, 0x0000000084e00000| Untracked 
|  78|0x0000000084e00000, 0x0000000084f00000, 0x0000000084f00000|100%| O|  |TAMS 0x0000000084f00000, 0x0000000084f00000| Untracked 
|  79|0x0000000084f00000, 0x0000000085000000, 0x0000000085000000|100%| O|  |TAMS 0x0000000085000000, 0x0000000085000000| Untracked 
|  80|0x0000000085000000, 0x0000000085100000, 0x0000000085100000|100%| O|  |TAMS 0x0000000085100000, 0x0000000085100000| Untracked 
|  81|0x0000000085100000, 0x0000000085200000, 0x0000000085200000|100%| O|  |TAMS 0x0000000085200000, 0x0000000085200000| Untracked 
|  82|0x0000000085200000, 0x0000000085300000, 0x0000000085300000|100%| O|  |TAMS 0x0000000085300000, 0x0000000085300000| Untracked 
|  83|0x0000000085300000, 0x0000000085400000, 0x0000000085400000|100%| O|  |TAMS 0x0000000085400000, 0x0000000085400000| Untracked 
|  84|0x0000000085400000, 0x0000000085500000, 0x0000000085500000|100%| O|  |TAMS 0x0000000085500000, 0x0000000085500000| Untracked 
|  85|0x0000000085500000, 0x0000000085600000, 0x0000000085600000|100%| O|  |TAMS 0x0000000085600000, 0x0000000085600000| Untracked 
|  86|0x0000000085600000, 0x0000000085700000, 0x0000000085700000|100%| O|  |TAMS 0x0000000085700000, 0x0000000085700000| Untracked 
|  87|0x0000000085700000, 0x0000000085800000, 0x0000000085800000|100%| O|  |TAMS 0x0000000085800000, 0x0000000085800000| Untracked 
|  88|0x0000000085800000, 0x0000000085900000, 0x0000000085900000|100%| O|  |TAMS 0x0000000085900000, 0x0000000085900000| Untracked 
|  89|0x0000000085900000, 0x0000000085a00000, 0x0000000085a00000|100%| O|  |TAMS 0x000000008595e600, 0x0000000085a00000| Untracked 
|  90|0x0000000085a00000, 0x0000000085b00000, 0x0000000085b00000|100%|HS|  |TAMS 0x0000000085a00000, 0x0000000085b00000| Complete 
|  91|0x0000000085b00000, 0x0000000085c00000, 0x0000000085c00000|100%|HC|  |TAMS 0x0000000085b00000, 0x0000000085c00000| Complete 
|  92|0x0000000085c00000, 0x0000000085d00000, 0x0000000085d00000|100%|HC|  |TAMS 0x0000000085c00000, 0x0000000085d00000| Complete 
|  93|0x0000000085d00000, 0x0000000085e00000, 0x0000000085e00000|100%|HC|  |TAMS 0x0000000085d00000, 0x0000000085e00000| Complete 
|  94|0x0000000085e00000, 0x0000000085f00000, 0x0000000085f00000|100%|HC|  |TAMS 0x0000000085e00000, 0x0000000085f00000| Complete 
|  95|0x0000000085f00000, 0x0000000086000000, 0x0000000086000000|100%|HC|  |TAMS 0x0000000085f00000, 0x0000000086000000| Complete 
|  96|0x0000000086000000, 0x0000000086100000, 0x0000000086100000|100%| O|  |TAMS 0x0000000086000000, 0x0000000086100000| Untracked 
|  97|0x0000000086100000, 0x0000000086200000, 0x0000000086200000|100%| O|  |TAMS 0x0000000086100000, 0x0000000086200000| Untracked 
|  98|0x0000000086200000, 0x0000000086300000, 0x0000000086300000|100%| O|  |TAMS 0x0000000086200000, 0x0000000086300000| Untracked 
|  99|0x0000000086300000, 0x0000000086400000, 0x0000000086400000|100%| O|  |TAMS 0x0000000086300000, 0x0000000086400000| Untracked 
| 100|0x0000000086400000, 0x00000000864a4a00, 0x0000000086500000| 64%| O|  |TAMS 0x0000000086400000, 0x00000000864a4a00| Untracked 
| 101|0x0000000086500000, 0x0000000086500000, 0x0000000086600000|  0%| F|  |TAMS 0x0000000086500000, 0x0000000086500000| Untracked 
| 102|0x0000000086600000, 0x0000000086600000, 0x0000000086700000|  0%| F|  |TAMS 0x0000000086600000, 0x0000000086600000| Untracked 
| 103|0x0000000086700000, 0x0000000086700000, 0x0000000086800000|  0%| F|  |TAMS 0x0000000086700000, 0x0000000086700000| Untracked 
| 104|0x0000000086800000, 0x0000000086800000, 0x0000000086900000|  0%| F|  |TAMS 0x0000000086800000, 0x0000000086800000| Untracked 
| 105|0x0000000086900000, 0x0000000086900000, 0x0000000086a00000|  0%| F|  |TAMS 0x0000000086900000, 0x0000000086900000| Untracked 
| 106|0x0000000086a00000, 0x0000000086a00000, 0x0000000086b00000|  0%| F|  |TAMS 0x0000000086a00000, 0x0000000086a00000| Untracked 
| 107|0x0000000086b00000, 0x0000000086b00000, 0x0000000086c00000|  0%| F|  |TAMS 0x0000000086b00000, 0x0000000086b00000| Untracked 
| 108|0x0000000086c00000, 0x0000000086c00000, 0x0000000086d00000|  0%| F|  |TAMS 0x0000000086c00000, 0x0000000086c00000| Untracked 
| 109|0x0000000086d00000, 0x0000000086d00000, 0x0000000086e00000|  0%| F|  |TAMS 0x0000000086d00000, 0x0000000086d00000| Untracked 
| 110|0x0000000086e00000, 0x0000000086e00000, 0x0000000086f00000|  0%| F|  |TAMS 0x0000000086e00000, 0x0000000086e00000| Untracked 
| 111|0x0000000086f00000, 0x0000000086f00000, 0x0000000087000000|  0%| F|  |TAMS 0x0000000086f00000, 0x0000000086f00000| Untracked 
| 112|0x0000000087000000, 0x0000000087000000, 0x0000000087100000|  0%| F|  |TAMS 0x0000000087000000, 0x0000000087000000| Untracked 
| 113|0x0000000087100000, 0x0000000087100000, 0x0000000087200000|  0%| F|  |TAMS 0x0000000087100000, 0x0000000087100000| Untracked 
| 114|0x0000000087200000, 0x0000000087200000, 0x0000000087300000|  0%| F|  |TAMS 0x0000000087200000, 0x0000000087200000| Untracked 
| 115|0x0000000087300000, 0x0000000087300000, 0x0000000087400000|  0%| F|  |TAMS 0x0000000087300000, 0x0000000087300000| Untracked 
| 116|0x0000000087400000, 0x0000000087400000, 0x0000000087500000|  0%| F|  |TAMS 0x0000000087400000, 0x0000000087400000| Untracked 
| 117|0x0000000087500000, 0x0000000087500000, 0x0000000087600000|  0%| F|  |TAMS 0x0000000087500000, 0x0000000087500000| Untracked 
| 118|0x0000000087600000, 0x0000000087600000, 0x0000000087700000|  0%| F|  |TAMS 0x0000000087600000, 0x0000000087600000| Untracked 
| 119|0x0000000087700000, 0x0000000087700000, 0x0000000087800000|  0%| F|  |TAMS 0x0000000087700000, 0x0000000087700000| Untracked 
| 120|0x0000000087800000, 0x0000000087800000, 0x0000000087900000|  0%| F|  |TAMS 0x0000000087800000, 0x0000000087800000| Untracked 
| 121|0x0000000087900000, 0x0000000087900000, 0x0000000087a00000|  0%| F|  |TAMS 0x0000000087900000, 0x0000000087900000| Untracked 
| 122|0x0000000087a00000, 0x0000000087a00000, 0x0000000087b00000|  0%| F|  |TAMS 0x0000000087a00000, 0x0000000087a00000| Untracked 
| 123|0x0000000087b00000, 0x0000000087b00000, 0x0000000087c00000|  0%| F|  |TAMS 0x0000000087b00000, 0x0000000087b00000| Untracked 
| 124|0x0000000087c00000, 0x0000000087c00000, 0x0000000087d00000|  0%| F|  |TAMS 0x0000000087c00000, 0x0000000087c00000| Untracked 
| 125|0x0000000087d00000, 0x0000000087d00000, 0x0000000087e00000|  0%| F|  |TAMS 0x0000000087d00000, 0x0000000087d00000| Untracked 
| 126|0x0000000087e00000, 0x0000000087e00000, 0x0000000087f00000|  0%| F|  |TAMS 0x0000000087e00000, 0x0000000087e00000| Untracked 
| 127|0x0000000087f00000, 0x0000000087f00000, 0x0000000088000000|  0%| F|  |TAMS 0x0000000087f00000, 0x0000000087f00000| Untracked 
| 128|0x0000000088000000, 0x00000000880de2b0, 0x0000000088100000| 86%| S|CS|TAMS 0x0000000088000000, 0x0000000088000000| Complete 
| 129|0x0000000088100000, 0x0000000088200000, 0x0000000088200000|100%| S|CS|TAMS 0x0000000088100000, 0x0000000088100000| Complete 
| 130|0x0000000088200000, 0x0000000088200000, 0x0000000088300000|  0%| F|  |TAMS 0x0000000088200000, 0x0000000088200000| Untracked 
| 131|0x0000000088300000, 0x0000000088300000, 0x0000000088400000|  0%| F|  |TAMS 0x0000000088300000, 0x0000000088300000| Untracked 
| 132|0x0000000088400000, 0x0000000088400000, 0x0000000088500000|  0%| F|  |TAMS 0x0000000088400000, 0x0000000088400000| Untracked 
| 133|0x0000000088500000, 0x0000000088500000, 0x0000000088600000|  0%| F|  |TAMS 0x0000000088500000, 0x0000000088500000| Untracked 
| 134|0x0000000088600000, 0x0000000088600000, 0x0000000088700000|  0%| F|  |TAMS 0x0000000088600000, 0x0000000088600000| Untracked 
| 135|0x0000000088700000, 0x0000000088700000, 0x0000000088800000|  0%| F|  |TAMS 0x0000000088700000, 0x0000000088700000| Untracked 
| 136|0x0000000088800000, 0x0000000088800000, 0x0000000088900000|  0%| F|  |TAMS 0x0000000088800000, 0x0000000088800000| Untracked 
| 137|0x0000000088900000, 0x0000000088900000, 0x0000000088a00000|  0%| F|  |TAMS 0x0000000088900000, 0x0000000088900000| Untracked 
| 138|0x0000000088a00000, 0x0000000088a00000, 0x0000000088b00000|  0%| F|  |TAMS 0x0000000088a00000, 0x0000000088a00000| Untracked 
| 139|0x0000000088b00000, 0x0000000088b00000, 0x0000000088c00000|  0%| F|  |TAMS 0x0000000088b00000, 0x0000000088b00000| Untracked 
| 140|0x0000000088c00000, 0x0000000088c00000, 0x0000000088d00000|  0%| F|  |TAMS 0x0000000088c00000, 0x0000000088c00000| Untracked 
| 141|0x0000000088d00000, 0x0000000088d00000, 0x0000000088e00000|  0%| F|  |TAMS 0x0000000088d00000, 0x0000000088d00000| Untracked 
| 142|0x0000000088e00000, 0x0000000088e00000, 0x0000000088f00000|  0%| F|  |TAMS 0x0000000088e00000, 0x0000000088e00000| Untracked 
| 143|0x0000000088f00000, 0x0000000088f00000, 0x0000000089000000|  0%| F|  |TAMS 0x0000000088f00000, 0x0000000088f00000| Untracked 
| 144|0x0000000089000000, 0x0000000089000000, 0x0000000089100000|  0%| F|  |TAMS 0x0000000089000000, 0x0000000089000000| Untracked 
| 145|0x0000000089100000, 0x0000000089100000, 0x0000000089200000|  0%| F|  |TAMS 0x0000000089100000, 0x0000000089100000| Untracked 
| 146|0x0000000089200000, 0x0000000089200000, 0x0000000089300000|  0%| F|  |TAMS 0x0000000089200000, 0x0000000089200000| Untracked 
| 147|0x0000000089300000, 0x0000000089300000, 0x0000000089400000|  0%| F|  |TAMS 0x0000000089300000, 0x0000000089300000| Untracked 
| 148|0x0000000089400000, 0x0000000089400000, 0x0000000089500000|  0%| F|  |TAMS 0x0000000089400000, 0x0000000089400000| Untracked 
| 149|0x0000000089500000, 0x0000000089500000, 0x0000000089600000|  0%| F|  |TAMS 0x0000000089500000, 0x0000000089500000| Untracked 
| 150|0x0000000089600000, 0x0000000089600000, 0x0000000089700000|  0%| F|  |TAMS 0x0000000089600000, 0x0000000089600000| Untracked 
| 151|0x0000000089700000, 0x0000000089700000, 0x0000000089800000|  0%| F|  |TAMS 0x0000000089700000, 0x0000000089700000| Untracked 
| 152|0x0000000089800000, 0x0000000089800000, 0x0000000089900000|  0%| F|  |TAMS 0x0000000089800000, 0x0000000089800000| Untracked 
| 153|0x0000000089900000, 0x0000000089900000, 0x0000000089a00000|  0%| F|  |TAMS 0x0000000089900000, 0x0000000089900000| Untracked 
| 154|0x0000000089a00000, 0x0000000089a00000, 0x0000000089b00000|  0%| F|  |TAMS 0x0000000089a00000, 0x0000000089a00000| Untracked 
| 155|0x0000000089b00000, 0x0000000089b00000, 0x0000000089c00000|  0%| F|  |TAMS 0x0000000089b00000, 0x0000000089b00000| Untracked 
| 156|0x0000000089c00000, 0x0000000089c00000, 0x0000000089d00000|  0%| F|  |TAMS 0x0000000089c00000, 0x0000000089c00000| Untracked 
| 157|0x0000000089d00000, 0x0000000089d00000, 0x0000000089e00000|  0%| F|  |TAMS 0x0000000089d00000, 0x0000000089d00000| Untracked 
| 158|0x0000000089e00000, 0x0000000089e00000, 0x0000000089f00000|  0%| F|  |TAMS 0x0000000089e00000, 0x0000000089e00000| Untracked 
| 159|0x0000000089f00000, 0x0000000089f00000, 0x000000008a000000|  0%| F|  |TAMS 0x0000000089f00000, 0x0000000089f00000| Untracked 
| 160|0x000000008a000000, 0x000000008a000000, 0x000000008a100000|  0%| F|  |TAMS 0x000000008a000000, 0x000000008a000000| Untracked 
| 161|0x000000008a100000, 0x000000008a100000, 0x000000008a200000|  0%| F|  |TAMS 0x000000008a100000, 0x000000008a100000| Untracked 
| 162|0x000000008a200000, 0x000000008a200000, 0x000000008a300000|  0%| F|  |TAMS 0x000000008a200000, 0x000000008a200000| Untracked 
| 163|0x000000008a300000, 0x000000008a300000, 0x000000008a400000|  0%| F|  |TAMS 0x000000008a300000, 0x000000008a300000| Untracked 
| 164|0x000000008a400000, 0x000000008a400000, 0x000000008a500000|  0%| F|  |TAMS 0x000000008a400000, 0x000000008a400000| Untracked 
| 165|0x000000008a500000, 0x000000008a500000, 0x000000008a600000|  0%| F|  |TAMS 0x000000008a500000, 0x000000008a500000| Untracked 
| 166|0x000000008a600000, 0x000000008a600000, 0x000000008a700000|  0%| F|  |TAMS 0x000000008a600000, 0x000000008a600000| Untracked 
| 167|0x000000008a700000, 0x000000008a700000, 0x000000008a800000|  0%| F|  |TAMS 0x000000008a700000, 0x000000008a700000| Untracked 
| 168|0x000000008a800000, 0x000000008a800000, 0x000000008a900000|  0%| F|  |TAMS 0x000000008a800000, 0x000000008a800000| Untracked 
| 169|0x000000008a900000, 0x000000008a900000, 0x000000008aa00000|  0%| F|  |TAMS 0x000000008a900000, 0x000000008a900000| Untracked 
| 170|0x000000008aa00000, 0x000000008aa00000, 0x000000008ab00000|  0%| F|  |TAMS 0x000000008aa00000, 0x000000008aa00000| Untracked 
| 171|0x000000008ab00000, 0x000000008ab00000, 0x000000008ac00000|  0%| F|  |TAMS 0x000000008ab00000, 0x000000008ab00000| Untracked 
| 172|0x000000008ac00000, 0x000000008ac00000, 0x000000008ad00000|  0%| F|  |TAMS 0x000000008ac00000, 0x000000008ac00000| Untracked 
| 173|0x000000008ad00000, 0x000000008ad00000, 0x000000008ae00000|  0%| F|  |TAMS 0x000000008ad00000, 0x000000008ad00000| Untracked 

Card table byte_map: [0x000001c232070000,0x000001c232470000] _byte_map_base: 0x000001c231c70000

Marking Bits (Prev, Next): (CMBitMap*) 0x000001c21f7e57b0, (CMBitMap*) 0x000001c21f7e5770
 Prev Bits: [0x000001c234870000, 0x000001c236870000)
 Next Bits: [0x000001c232870000, 0x000001c234870000)

Polling page: 0x000001c21d750000

Metaspace:

Usage:
  Non-class:     86.14 MB used.
      Class:     13.43 MB used.
       Both:     99.57 MB used.

Virtual space:
  Non-class space:      128.00 MB reserved,      86.50 MB ( 68%) committed,  2 nodes.
      Class space:        1.00 GB reserved,      13.75 MB (  1%) committed,  1 nodes.
             Both:        1.12 GB reserved,     100.25 MB (  9%) committed. 

Chunk freelists:
   Non-Class:  8.88 MB
       Class:  2.27 MB
        Both:  11.14 MB

MaxMetaspaceSize: unlimited
CompressedClassSpaceSize: 1.00 GB
Initial GC threshold: 21.00 MB
Current GC threshold: 149.69 MB
CDS: off
MetaspaceReclaimPolicy: balanced
 - commit_granule_bytes: 65536.
 - commit_granule_words: 8192.
 - virtual_space_node_default_size: 8388608.
 - enlarge_chunks_in_place: 1.
 - new_chunks_are_fully_committed: 0.
 - uncommit_free_chunks: 1.
 - use_allocation_guard: 0.
 - handle_deallocations: 1.


Internal statistics:

num_allocs_failed_limit: 3.
num_arena_births: 842.
num_arena_deaths: 0.
num_vsnodes_births: 3.
num_vsnodes_deaths: 0.
num_space_committed: 1602.
num_space_uncommitted: 0.
num_chunks_returned_to_freelist: 3.
num_chunks_taken_from_freelist: 4330.
num_chunk_merges: 3.
num_chunk_splits: 3186.
num_chunks_enlarged: 2485.
num_inconsistent_stats: 0.

CodeHeap 'non-profiled nmethods': size=120000Kb used=3565Kb max_used=3565Kb free=116434Kb
 bounds [0x000001c22a740000, 0x000001c22aac0000, 0x000001c231c70000]
CodeHeap 'profiled nmethods': size=120000Kb used=15356Kb max_used=15356Kb free=104643Kb
 bounds [0x000001c222c70000, 0x000001c223b70000, 0x000001c22a1a0000]
CodeHeap 'non-nmethods': size=5760Kb used=2405Kb max_used=2440Kb free=3354Kb
 bounds [0x000001c22a1a0000, 0x000001c22a410000, 0x000001c22a740000]
 total_blobs=8335 nmethods=7388 adapters=859
 compilation: enabled
              stopped_count=0, restarted_count=0
 full_count=0

Compilation events (20 events):
Event: 21.542 Thread 0x000001c23d000080 8235       3       org.jetbrains.kotlin.serialization.deserialization.descriptors.DeserializedPackageMemberScope::getContributedClassifier (26 bytes)
Event: 21.542 Thread 0x000001c238d53fc0 nmethod 8215 0x000001c22aab8890 code [0x000001c22aab8a20, 0x000001c22aab8d98]
Event: 21.542 Thread 0x000001c238d53fc0 8230       4       java.lang.Thread::interrupted (23 bytes)
Event: 21.543 Thread 0x000001c238d53fc0 nmethod 8230 0x000001c22aab8e90 code [0x000001c22aab9000, 0x000001c22aab9098]
Event: 21.543 Thread 0x000001c238d53fc0 8204       4       org.jetbrains.kotlin.protobuf.CodedInputStream::checkLastTagWas (13 bytes)
Event: 21.543 Thread 0x000001c238d53fc0 nmethod 8204 0x000001c22aab9190 code [0x000001c22aab9300, 0x000001c22aab9398]
Event: 21.543 Thread 0x000001c238d53fc0 8140   !   4       java.util.zip.ZipFile$ZipFileInflaterInputStream::close (67 bytes)
Event: 21.543 Thread 0x000001c23d000080 nmethod 8235 0x000001c223b67490 code [0x000001c223b67840, 0x000001c223b68cb8]
Event: 21.543 Thread 0x000001c23d000080 8236       3       org.jetbrains.kotlin.serialization.deserialization.descriptors.DeserializedPackageMemberScope::recordLookup (33 bytes)
Event: 21.544 Thread 0x000001c23d000080 nmethod 8236 0x000001c223b69410 code [0x000001c223b696a0, 0x000001c223b6a168]
Event: 21.550 Thread 0x000001c23d000080 8237   !   3       org.jetbrains.kotlin.storage.LockBasedStorageManager$MapBasedMemoizedFunction::invoke (410 bytes)
Event: 21.551 Thread 0x000001c23d000080 nmethod 8237 0x000001c223b6a590 code [0x000001c223b6aaa0, 0x000001c223b6ca68]
Event: 21.555 Thread 0x000001c23d000080 8238       3       java.util.concurrent.locks.ReentrantLock::tryLock (13 bytes)
Event: 21.555 Thread 0x000001c23d000080 nmethod 8238 0x000001c223b6dc10 code [0x000001c223b6ddc0, 0x000001c223b6df58]
Event: 21.555 Thread 0x000001c23d000080 8239       3       java.util.concurrent.locks.ReentrantLock$Sync::tryLockNanos (36 bytes)
Event: 21.556 Thread 0x000001c23d000080 nmethod 8239 0x000001c223b6e090 code [0x000001c223b6e280, 0x000001c223b6e738]
Event: 21.556 Thread 0x000001c23d000080 8240   !   3       org.jetbrains.kotlin.storage.CancellableSimpleLock::lock (44 bytes)
Event: 21.557 Thread 0x000001c23d000080 nmethod 8240 0x000001c223b6e910 code [0x000001c223b6eae0, 0x000001c223b6ef48]
Event: 21.569 Thread 0x000001c238d53fc0 nmethod 8140 0x000001c22aab9490 code [0x000001c22aab96e0, 0x000001c22aababa0]
Event: 21.601 Thread 0x000001c238d53fc0 8241   !   4       java.net.URLClassLoader::defineClass (224 bytes)

GC Heap History (20 events):
Event: 15.699 GC heap after
{Heap after GC invocations=38 (full 0):
 garbage-first heap   total 178176K, used 78484K [0x0000000080000000, 0x0000000100000000)
  region size 1024K, 8 young (8192K), 8 survivors (8192K)
 Metaspace       used 65960K, committed 66560K, reserved 1114112K
  class space    used 8808K, committed 9088K, reserved 1048576K
}
Event: 17.340 GC heap before
{Heap before GC invocations=38 (full 0):
 garbage-first heap   total 178176K, used 133780K [0x0000000080000000, 0x0000000100000000)
  region size 1024K, 62 young (63488K), 8 survivors (8192K)
 Metaspace       used 73139K, committed 73792K, reserved 1114112K
  class space    used 10290K, committed 10560K, reserved 1048576K
}
Event: 17.351 GC heap after
{Heap after GC invocations=39 (full 0):
 garbage-first heap   total 178176K, used 78296K [0x0000000080000000, 0x0000000100000000)
  region size 1024K, 3 young (3072K), 3 survivors (3072K)
 Metaspace       used 73139K, committed 73792K, reserved 1114112K
  class space    used 10290K, committed 10560K, reserved 1048576K
}
Event: 18.363 GC heap before
{Heap before GC invocations=39 (full 0):
 garbage-first heap   total 178176K, used 136664K [0x0000000080000000, 0x0000000100000000)
  region size 1024K, 60 young (61440K), 3 survivors (3072K)
 Metaspace       used 80378K, committed 81088K, reserved 1179648K
  class space    used 11269K, committed 11584K, reserved 1048576K
}
Event: 18.369 GC heap after
{Heap after GC invocations=40 (full 0):
 garbage-first heap   total 178176K, used 79485K [0x0000000080000000, 0x0000000100000000)
  region size 1024K, 5 young (5120K), 5 survivors (5120K)
 Metaspace       used 80378K, committed 81088K, reserved 1179648K
  class space    used 11269K, committed 11584K, reserved 1048576K
}
Event: 19.117 GC heap before
{Heap before GC invocations=40 (full 0):
 garbage-first heap   total 178176K, used 118397K [0x0000000080000000, 0x0000000100000000)
  region size 1024K, 44 young (45056K), 5 survivors (5120K)
 Metaspace       used 86337K, committed 87104K, reserved 1179648K
  class space    used 12026K, committed 12352K, reserved 1048576K
}
Event: 19.127 GC heap after
{Heap after GC invocations=41 (full 0):
 garbage-first heap   total 178176K, used 80237K [0x0000000080000000, 0x0000000100000000)
  region size 1024K, 5 young (5120K), 5 survivors (5120K)
 Metaspace       used 86337K, committed 87104K, reserved 1179648K
  class space    used 12026K, committed 12352K, reserved 1048576K
}
Event: 19.212 GC heap before
{Heap before GC invocations=41 (full 0):
 garbage-first heap   total 178176K, used 86381K [0x0000000080000000, 0x0000000100000000)
  region size 1024K, 6 young (6144K), 5 survivors (5120K)
 Metaspace       used 86337K, committed 87104K, reserved 1179648K
  class space    used 12026K, committed 12352K, reserved 1048576K
}
Event: 19.221 GC heap after
{Heap after GC invocations=42 (full 0):
 garbage-first heap   total 178176K, used 86447K [0x0000000080000000, 0x0000000100000000)
  region size 1024K, 3 young (3072K), 3 survivors (3072K)
 Metaspace       used 86337K, committed 87104K, reserved 1179648K
  class space    used 12026K, committed 12352K, reserved 1048576K
}
Event: 19.927 GC heap before
{Heap before GC invocations=43 (full 0):
 garbage-first heap   total 178176K, used 147887K [0x0000000080000000, 0x0000000100000000)
  region size 1024K, 62 young (63488K), 3 survivors (3072K)
 Metaspace       used 89444K, committed 90176K, reserved 1179648K
  class space    used 12403K, committed 12736K, reserved 1048576K
}
Event: 19.954 GC heap after
{Heap after GC invocations=44 (full 0):
 garbage-first heap   total 178176K, used 90729K [0x0000000080000000, 0x0000000100000000)
  region size 1024K, 8 young (8192K), 8 survivors (8192K)
 Metaspace       used 89444K, committed 90176K, reserved 1179648K
  class space    used 12403K, committed 12736K, reserved 1048576K
}
Event: 19.978 GC heap before
{Heap before GC invocations=44 (full 0):
 garbage-first heap   total 178176K, used 91753K [0x0000000080000000, 0x0000000100000000)
  region size 1024K, 9 young (9216K), 8 survivors (8192K)
 Metaspace       used 89615K, committed 90304K, reserved 1179648K
  class space    used 12419K, committed 12736K, reserved 1048576K
}
Event: 19.994 GC heap after
{Heap after GC invocations=45 (full 0):
 garbage-first heap   total 178176K, used 91965K [0x0000000080000000, 0x0000000100000000)
  region size 1024K, 2 young (2048K), 2 survivors (2048K)
 Metaspace       used 89615K, committed 90304K, reserved 1179648K
  class space    used 12419K, committed 12736K, reserved 1048576K
}
Event: 20.143 GC heap before
{Heap before GC invocations=45 (full 0):
 garbage-first heap   total 178176K, used 101181K [0x0000000080000000, 0x0000000100000000)
  region size 1024K, 12 young (12288K), 2 survivors (2048K)
 Metaspace       used 90717K, committed 91456K, reserved 1179648K
  class space    used 12542K, committed 12864K, reserved 1048576K
}
Event: 20.146 GC heap after
{Heap after GC invocations=46 (full 0):
 garbage-first heap   total 178176K, used 91681K [0x0000000080000000, 0x0000000100000000)
  region size 1024K, 2 young (2048K), 2 survivors (2048K)
 Metaspace       used 90717K, committed 91456K, reserved 1179648K
  class space    used 12542K, committed 12864K, reserved 1048576K
}
Event: 20.825 GC heap before
{Heap before GC invocations=47 (full 0):
 garbage-first heap   total 178176K, used 151073K [0x0000000080000000, 0x0000000100000000)
  region size 1024K, 53 young (54272K), 2 survivors (2048K)
 Metaspace       used 96548K, committed 97344K, reserved 1179648K
  class space    used 13087K, committed 13440K, reserved 1048576K
}
Event: 20.831 GC heap after
{Heap after GC invocations=48 (full 0):
 garbage-first heap   total 178176K, used 102624K [0x0000000080000000, 0x0000000100000000)
  region size 1024K, 5 young (5120K), 5 survivors (5120K)
 Metaspace       used 96548K, committed 97344K, reserved 1179648K
  class space    used 13087K, committed 13440K, reserved 1048576K
}
Event: 20.860 GC heap before
{Heap before GC invocations=48 (full 0):
 garbage-first heap   total 178176K, used 104672K [0x0000000080000000, 0x0000000100000000)
  region size 1024K, 8 young (8192K), 5 survivors (5120K)
 Metaspace       used 96789K, committed 97536K, reserved 1179648K
  class space    used 13118K, committed 13440K, reserved 1048576K
}
Event: 20.879 GC heap after
{Heap after GC invocations=49 (full 0):
 garbage-first heap   total 178176K, used 103058K [0x0000000080000000, 0x0000000100000000)
  region size 1024K, 1 young (1024K), 1 survivors (1024K)
 Metaspace       used 96789K, committed 97536K, reserved 1179648K
  class space    used 13118K, committed 13440K, reserved 1048576K
}
Event: 21.635 GC heap before
{Heap before GC invocations=49 (full 0):
 garbage-first heap   total 178176K, used 147090K [0x0000000080000000, 0x0000000100000000)
  region size 1024K, 44 young (45056K), 1 survivors (1024K)
 Metaspace       used 101964K, committed 102656K, reserved 1179648K
  class space    used 13755K, committed 14080K, reserved 1048576K
}

Dll operation events (3 events):
Event: 0.027 Loaded shared library C:\Program Files\Android\Android Studio\jbr\bin\java.dll
Event: 0.251 Loaded shared library C:\Program Files\Android\Android Studio\jbr\bin\zip.dll
Event: 0.979 Loaded shared library C:\Program Files\Android\Android Studio\jbr\bin\verify.dll

Deoptimization events (20 events):
Event: 21.244 Thread 0x000001c23eb3ea00 Uncommon trap: trap_request=0xffffffc6 fr.pc=0x000001c22aa744d4 relative=0x00000000000005f4
Event: 21.244 Thread 0x000001c23eb3ea00 Uncommon trap: reason=bimorphic_or_optimized_type_check action=maybe_recompile pc=0x000001c22aa744d4 method=org.jetbrains.kotlin.protobuf.CodedInputStream.tryRefillBuffer(I)Z @ 177 c2
Event: 21.244 Thread 0x000001c23eb3ea00 DEOPT PACKING pc=0x000001c22aa744d4 sp=0x0000007f3c5f3ae0
Event: 21.244 Thread 0x000001c23eb3ea00 DEOPT UNPACKING pc=0x000001c22a1f69a3 sp=0x0000007f3c5f39c8 mode 2
Event: 21.245 Thread 0x000001c23eb3ea00 Uncommon trap: trap_request=0xffffffc6 fr.pc=0x000001c22aa744d4 relative=0x00000000000005f4
Event: 21.245 Thread 0x000001c23eb3ea00 Uncommon trap: reason=bimorphic_or_optimized_type_check action=maybe_recompile pc=0x000001c22aa744d4 method=org.jetbrains.kotlin.protobuf.CodedInputStream.tryRefillBuffer(I)Z @ 177 c2
Event: 21.245 Thread 0x000001c23eb3ea00 DEOPT PACKING pc=0x000001c22aa744d4 sp=0x0000007f3c5f39b0
Event: 21.245 Thread 0x000001c23eb3ea00 DEOPT UNPACKING pc=0x000001c22a1f69a3 sp=0x0000007f3c5f3890 mode 2
Event: 21.247 Thread 0x000001c23eb3ea00 Uncommon trap: trap_request=0xffffffc6 fr.pc=0x000001c22aa744d4 relative=0x00000000000005f4
Event: 21.247 Thread 0x000001c23eb3ea00 Uncommon trap: reason=bimorphic_or_optimized_type_check action=maybe_recompile pc=0x000001c22aa744d4 method=org.jetbrains.kotlin.protobuf.CodedInputStream.tryRefillBuffer(I)Z @ 177 c2
Event: 21.247 Thread 0x000001c23eb3ea00 DEOPT PACKING pc=0x000001c22aa744d4 sp=0x0000007f3c5f39b0
Event: 21.247 Thread 0x000001c23eb3ea00 DEOPT UNPACKING pc=0x000001c22a1f69a3 sp=0x0000007f3c5f3890 mode 2
Event: 21.264 Thread 0x000001c23eb3ea00 Uncommon trap: trap_request=0xffffff45 fr.pc=0x000001c22aa60744 relative=0x00000000000005a4
Event: 21.264 Thread 0x000001c23eb3ea00 Uncommon trap: reason=unstable_if action=reinterpret pc=0x000001c22aa60744 method=org.jetbrains.org.objectweb.asm.ClassReader.readUtf(II[C)Ljava/lang/String; @ 41 c2
Event: 21.264 Thread 0x000001c23eb3ea00 DEOPT PACKING pc=0x000001c22aa60744 sp=0x0000007f3c5f2da0
Event: 21.264 Thread 0x000001c23eb3ea00 DEOPT UNPACKING pc=0x000001c22a1f69a3 sp=0x0000007f3c5f2d48 mode 2
Event: 21.265 Thread 0x000001c23eb3ea00 Uncommon trap: trap_request=0xffffffc6 fr.pc=0x000001c22aa758f4 relative=0x0000000000000334
Event: 21.265 Thread 0x000001c23eb3ea00 Uncommon trap: reason=bimorphic_or_optimized_type_check action=maybe_recompile pc=0x000001c22aa758f4 method=org.jetbrains.kotlin.protobuf.CodedInputStream.tryRefillBuffer(I)Z @ 177 c2
Event: 21.265 Thread 0x000001c23eb3ea00 DEOPT PACKING pc=0x000001c22aa758f4 sp=0x0000007f3c5f3070
Event: 21.265 Thread 0x000001c23eb3ea00 DEOPT UNPACKING pc=0x000001c22a1f69a3 sp=0x0000007f3c5f2fa8 mode 2

Classes unloaded (0 events):
No events

Classes redefined (0 events):
No events

Internal exceptions (20 events):
Event: 16.502 Thread 0x000001c23eb3ea00 Exception <a 'java/lang/NoSuchMethodError'{0x00000000893c0790}: 'java.lang.Object java.lang.invoke.DelegatingMethodHandle$Holder.delegate(java.lang.Object, java.lang.Object, java.lang.Object, java.lang.Object, java.lang.Object, java.lang.Object, java.lang.Object, java.lang.Object, java.lang.Object, java.lang.Object, java.lang.Object, java.lang.Object, java.lang.Object, java.lang.Object, java.lang.Object, java.lang.Object, java.lang.Object, java.lang.Object, java.lang.Object, java.lang.Object, java.lang.Obj
Event: 16.611 Thread 0x000001c23eb3ea00 Exception <a 'java/lang/NoSuchMethodError'{0x000000008928d778}: 'java.lang.Object java.lang.invoke.DirectMethodHandle$Holder.invokeStatic(java.lang.Object, java.lang.Object, java.lang.Object, java.lang.Object, java.lang.Object, java.lang.Object, java.lang.Object, java.lang.Object, java.lang.Object, java.lang.Object, java.lang.Object, java.lang.Object, java.lang.Object, java.lang.Object, java.lang.Object, java.lang.Object, java.lang.Object, java.lang.Object, java.lang.Object, java.lang.Object, java.lang.Obj
Event: 16.844 Thread 0x000001c23eb3ea00 Exception <a 'java/lang/NoSuchMethodError'{0x0000000088ca72b0}: 'java.lang.Object java.lang.invoke.DirectMethodHandle$Holder.invokeStaticInit(java.lang.Object, int)'> (0x0000000088ca72b0) 
thrown [s\src\hotspot\share\interpreter\linkResolver.cpp, line 771]
Event: 17.649 Thread 0x000001c23eb3ea00 Implicit null exception at 0x000001c22a7836f2 to 0x000001c22a783d0c
Event: 17.796 Thread 0x000001c23eb3ea00 Implicit null exception at 0x000001c22a784cf2 to 0x000001c22a78532c
Event: 18.002 Thread 0x000001c23eb3ea00 Exception <a 'sun/nio/fs/WindowsException'{0x0000000088cde870}> (0x0000000088cde870) 
thrown [s\src\hotspot\share\prims\jni.cpp, line 531]
Event: 18.002 Thread 0x000001c23eb3ea00 Exception <a 'sun/nio/fs/WindowsException'{0x0000000088ce0628}> (0x0000000088ce0628) 
thrown [s\src\hotspot\share\prims\jni.cpp, line 531]
Event: 18.182 Thread 0x000001c23eb3ea00 Exception <a 'java/lang/NoSuchMethodError'{0x0000000088198240}: 'long java.lang.invoke.DirectMethodHandle$Holder.invokeStatic(java.lang.Object)'> (0x0000000088198240) 
thrown [s\src\hotspot\share\interpreter\linkResolver.cpp, line 771]
Event: 18.182 Thread 0x000001c23eb3ea00 Exception <a 'java/lang/NoSuchMethodError'{0x000000008819d0d0}: 'long java.lang.invoke.DirectMethodHandle$Holder.invokeStaticInit(java.lang.Object)'> (0x000000008819d0d0) 
thrown [s\src\hotspot\share\interpreter\linkResolver.cpp, line 771]
Event: 18.246 Thread 0x000001c23eb3ea00 Exception <a 'java/lang/NoSuchMethodError'{0x0000000087cf3738}: 'long java.lang.invoke.Invokers$Holder.invoke_MT(java.lang.Object, java.lang.Object, java.lang.Object, java.lang.Object)'> (0x0000000087cf3738) 
thrown [s\src\hotspot\share\interpreter\linkResolver.cpp, line 771]
Event: 18.246 Thread 0x000001c23eb3ea00 Exception <a 'java/lang/NoSuchMethodError'{0x0000000087cfcd88}: 'int java.lang.invoke.Invokers$Holder.invoke_MT(java.lang.Object, java.lang.Object, java.lang.Object, java.lang.Object)'> (0x0000000087cfcd88) 
thrown [s\src\hotspot\share\interpreter\linkResolver.cpp, line 771]
Event: 18.248 Thread 0x000001c23eb3ea00 Exception <a 'java/lang/NoSuchMethodError'{0x0000000087b0deb0}: 'void java.lang.invoke.DelegatingMethodHandle$Holder.reinvoke_L(java.lang.Object, java.lang.Object, java.lang.Object, long, java.lang.Object)'> (0x0000000087b0deb0) 
thrown [s\src\hotspot\share\interpreter\linkResolver.cpp, line 771]
Event: 18.248 Thread 0x000001c23eb3ea00 Exception <a 'java/lang/NoSuchMethodError'{0x0000000087b16958}: 'java.lang.Object java.lang.invoke.DirectMethodHandle$Holder.invokeSpecial(java.lang.Object, java.lang.Object, java.lang.Object, java.lang.Object, long)'> (0x0000000087b16958) 
thrown [s\src\hotspot\share\interpreter\linkResolver.cpp, line 771]
Event: 18.249 Thread 0x000001c23eb3ea00 Exception <a 'java/lang/NoSuchMethodError'{0x0000000087b273d0}: 'int java.lang.invoke.DelegatingMethodHandle$Holder.reinvoke_L(java.lang.Object, java.lang.Object, java.lang.Object, long, java.lang.Object, java.lang.Object)'> (0x0000000087b273d0) 
thrown [s\src\hotspot\share\interpreter\linkResolver.cpp, line 771]
Event: 18.251 Thread 0x000001c23eb3ea00 Exception <a 'java/lang/NoSuchMethodError'{0x0000000087b37b60}: 'int java.lang.invoke.DelegatingMethodHandle$Holder.reinvoke_L(java.lang.Object, java.lang.Object, java.lang.Object, long, int, int)'> (0x0000000087b37b60) 
thrown [s\src\hotspot\share\interpreter\linkResolver.cpp, line 771]
Event: 18.252 Thread 0x000001c23eb3ea00 Exception <a 'java/lang/NoSuchMethodError'{0x0000000087b47c80}: 'int java.lang.invoke.DelegatingMethodHandle$Holder.reinvoke_L(java.lang.Object, java.lang.Object, java.lang.Object, long, long, long)'> (0x0000000087b47c80) 
thrown [s\src\hotspot\share\interpreter\linkResolver.cpp, line 771]
Event: 18.254 Thread 0x000001c23eb3ea00 Exception <a 'java/lang/NoSuchMethodError'{0x0000000087b57a80}: 'int java.lang.invoke.DelegatingMethodHandle$Holder.reinvoke_L(java.lang.Object, java.lang.Object, java.lang.Object, long, int)'> (0x0000000087b57a80) 
thrown [s\src\hotspot\share\interpreter\linkResolver.cpp, line 771]
Event: 18.983 Thread 0x000001c23eb3ea00 Exception <a 'java/lang/NoSuchMethodError'{0x0000000088a30aa0}: 'java.lang.Object java.lang.invoke.Invokers$Holder.invokeExact_MT(java.lang.Object, java.lang.Object, long, java.lang.Object)'> (0x0000000088a30aa0) 
thrown [s\src\hotspot\share\interpreter\linkResolver.cpp, line 771]
Event: 19.057 Thread 0x000001c23eb3ea00 Exception <a 'java/lang/NoSuchMethodError'{0x00000000888aea08}: 'java.lang.Object java.lang.invoke.Invokers$Holder.invoke_MT(java.lang.Object, java.lang.Object, java.lang.Object)'> (0x00000000888aea08) 
thrown [s\src\hotspot\share\interpreter\linkResolver.cpp, line 771]
Event: 19.541 Thread 0x000001c23eb3ea00 Implicit null exception at 0x000001c22aa55176 to 0x000001c22aa56204

VM Operations (20 events):
Event: 19.995 Executing VM operation: G1CollectForAllocation done
Event: 20.142 Executing VM operation: G1TryInitiateConcMark
Event: 20.146 Executing VM operation: G1TryInitiateConcMark done
Event: 20.260 Executing VM operation: G1PauseRemark
Event: 20.278 Executing VM operation: G1PauseRemark done
Event: 20.336 Executing VM operation: G1PauseCleanup
Event: 20.336 Executing VM operation: G1PauseCleanup done
Event: 20.825 Executing VM operation: G1CollectForAllocation
Event: 20.831 Executing VM operation: G1CollectForAllocation done
Event: 20.860 Executing VM operation: G1CollectForAllocation
Event: 20.880 Executing VM operation: G1CollectForAllocation done
Event: 21.079 Executing VM operation: HandshakeAllThreads
Event: 21.079 Executing VM operation: HandshakeAllThreads done
Event: 21.149 Executing VM operation: HandshakeAllThreads
Event: 21.149 Executing VM operation: HandshakeAllThreads done
Event: 21.237 Executing VM operation: HandshakeAllThreads
Event: 21.238 Executing VM operation: HandshakeAllThreads done
Event: 21.429 Executing VM operation: HandshakeAllThreads
Event: 21.430 Executing VM operation: HandshakeAllThreads done
Event: 21.635 Executing VM operation: G1CollectForAllocation

Events (20 events):
Event: 19.058 loading class jdk/internal/access/foreign/UnmapperProxy
Event: 19.059 loading class jdk/internal/access/foreign/UnmapperProxy done
Event: 19.059 loading class sun/nio/ch/FileChannelImpl$Unmapper done
Event: 19.059 loading class sun/nio/ch/FileChannelImpl$DefaultUnmapper done
Event: 19.059 loading class sun/nio/ch/Util$4
Event: 19.059 loading class sun/nio/ch/Util$4 done
Event: 19.061 loading class java/io/UTFDataFormatException
Event: 19.061 loading class java/io/UTFDataFormatException done
Event: 19.553 Thread 0x000001c238d9dc80 flushing nmethod 0x000001c223109290
Event: 19.557 Thread 0x000001c238d9dc80 flushing nmethod 0x000001c22375fa10
Event: 19.592 loading class java/nio/channels/NonWritableChannelException
Event: 19.592 loading class java/nio/channels/NonWritableChannelException done
Event: 21.282 loading class java/text/StringCharacterIterator
Event: 21.282 loading class java/text/CharacterIterator
Event: 21.282 loading class java/text/CharacterIterator done
Event: 21.282 loading class java/text/StringCharacterIterator done
Event: 21.329 loading class java/io/NotSerializableException
Event: 21.329 loading class java/io/NotSerializableException done
Event: 21.428 loading class java/util/AbstractList$ListItr
Event: 21.429 loading class java/util/AbstractList$ListItr done


Dynamic libraries:
0x00007ff631f70000 - 0x00007ff631f7a000 	C:\Program Files\Android\Android Studio\jbr\bin\java.exe
0x00007fffda240000 - 0x00007fffda449000 	C:\WINDOWS\SYSTEM32\ntdll.dll
0x00007fffd8b70000 - 0x00007fffd8c2d000 	C:\WINDOWS\System32\KERNEL32.DLL
0x00007fffd78e0000 - 0x00007fffd7c64000 	C:\WINDOWS\System32\KERNELBASE.dll
0x00007fffd7eb0000 - 0x00007fffd7fc1000 	C:\WINDOWS\System32\ucrtbase.dll
0x00007fffbd7d0000 - 0x00007fffbd7e7000 	C:\Program Files\Android\Android Studio\jbr\bin\jli.dll
0x00007fffbd770000 - 0x00007fffbd78b000 	C:\Program Files\Android\Android Studio\jbr\bin\VCRUNTIME140.dll
0x00007fffd9960000 - 0x00007fffd9b0d000 	C:\WINDOWS\System32\USER32.dll
0x00007fffd7e80000 - 0x00007fffd7ea6000 	C:\WINDOWS\System32\win32u.dll
0x00007fffd8c30000 - 0x00007fffd8c5a000 	C:\WINDOWS\System32\GDI32.dll
0x00007fffd7750000 - 0x00007fffd786e000 	C:\WINDOWS\System32\gdi32full.dll
0x00007fffd7de0000 - 0x00007fffd7e7d000 	C:\WINDOWS\System32\msvcp_win.dll
0x00007fffbca80000 - 0x00007fffbcd25000 	C:\WINDOWS\WinSxS\amd64_microsoft.windows.common-controls_6595b64144ccf1df_6.0.22000.120_none_9d947278b86cc467\COMCTL32.dll
0x00007fffd86b0000 - 0x00007fffd8753000 	C:\WINDOWS\System32\msvcrt.dll
0x00007fffd9d00000 - 0x00007fffd9d31000 	C:\WINDOWS\System32\IMM32.DLL
0x00007fffd4550000 - 0x00007fffd455c000 	C:\Program Files\Android\Android Studio\jbr\bin\vcruntime140_1.dll
0x00007fff899e0000 - 0x00007fff89a6d000 	C:\Program Files\Android\Android Studio\jbr\bin\msvcp140.dll
0x00007fff4fb50000 - 0x00007fff507d3000 	C:\Program Files\Android\Android Studio\jbr\bin\server\jvm.dll
0x00007fffd89d0000 - 0x00007fffd8a7e000 	C:\WINDOWS\System32\ADVAPI32.dll
0x00007fffd9ec0000 - 0x00007fffd9f5e000 	C:\WINDOWS\System32\sechost.dll
0x00007fffd9bd0000 - 0x00007fffd9cf1000 	C:\WINDOWS\System32\RPCRT4.dll
0x00007fffd75a0000 - 0x00007fffd75ed000 	C:\WINDOWS\SYSTEM32\POWRPROF.dll
0x00007fffb7170000 - 0x00007fffb7179000 	C:\WINDOWS\SYSTEM32\WSOCK32.dll
0x00007fffd8af0000 - 0x00007fffd8b5f000 	C:\WINDOWS\System32\WS2_32.dll
0x00007fffd1c20000 - 0x00007fffd1c53000 	C:\WINDOWS\SYSTEM32\WINMM.dll
0x00007fffcfc20000 - 0x00007fffcfc2a000 	C:\WINDOWS\SYSTEM32\VERSION.dll
0x00007fffd7580000 - 0x00007fffd7593000 	C:\WINDOWS\SYSTEM32\UMPDC.dll
0x00007fffd6740000 - 0x00007fffd6758000 	C:\WINDOWS\SYSTEM32\kernel.appcore.dll
0x00007fffd45d0000 - 0x00007fffd45da000 	C:\Program Files\Android\Android Studio\jbr\bin\jimage.dll
0x00007fffd51b0000 - 0x00007fffd53d1000 	C:\WINDOWS\SYSTEM32\DBGHELP.DLL
0x00007fffb70a0000 - 0x00007fffb70d1000 	C:\WINDOWS\SYSTEM32\dbgcore.DLL
0x00007fffd76d0000 - 0x00007fffd774f000 	C:\WINDOWS\System32\bcryptPrimitives.dll
0x00007fffbf2e0000 - 0x00007fffbf2ee000 	C:\Program Files\Android\Android Studio\jbr\bin\instrument.dll
0x00007fffd3440000 - 0x00007fffd3465000 	C:\Program Files\Android\Android Studio\jbr\bin\java.dll
0x00007fffbf9e0000 - 0x00007fffbf9f8000 	C:\Program Files\Android\Android Studio\jbr\bin\zip.dll
0x00007fffd8fe0000 - 0x00007fffd97a5000 	C:\WINDOWS\System32\SHELL32.dll
0x00007fffd57a0000 - 0x00007fffd6002000 	C:\WINDOWS\SYSTEM32\windows.storage.dll
0x00007fffd8c60000 - 0x00007fffd8fd6000 	C:\WINDOWS\System32\combase.dll
0x00007fffd5630000 - 0x00007fffd5797000 	C:\WINDOWS\SYSTEM32\wintypes.dll
0x00007fffd8760000 - 0x00007fffd884a000 	C:\WINDOWS\System32\SHCORE.dll
0x00007fffd8970000 - 0x00007fffd89cd000 	C:\WINDOWS\System32\shlwapi.dll
0x00007fffd7600000 - 0x00007fffd7625000 	C:\WINDOWS\SYSTEM32\profapi.dll
0x00007fffbf400000 - 0x00007fffbf419000 	C:\Program Files\Android\Android Studio\jbr\bin\net.dll
0x00007fffd17c0000 - 0x00007fffd18d4000 	C:\WINDOWS\SYSTEM32\WINHTTP.dll
0x00007fffd6bf0000 - 0x00007fffd6c57000 	C:\WINDOWS\system32\mswsock.dll
0x00007fffbe3d0000 - 0x00007fffbe3e6000 	C:\Program Files\Android\Android Studio\jbr\bin\nio.dll
0x00007fffbfc10000 - 0x00007fffbfc20000 	C:\Program Files\Android\Android Studio\jbr\bin\verify.dll
0x00007fffbb910000 - 0x00007fffbb937000 	C:\Users\HP SUPPORT\.gradle\native\c067742578af261105cb4f569cf0c3c89f3d7b1fecec35dd04571415982c5e48\windows-amd64\native-platform.dll
0x00007fff80370000 - 0x00007fff804b4000 	C:\Users\HP SUPPORT\.gradle\native\38dada09dfb8b06ba9b0570ebf7e218e3eb74d4ef43ca46872605cf95ebc2f47\windows-amd64\native-platform-file-events.dll
0x00007fffc4740000 - 0x00007fffc4749000 	C:\Program Files\Android\Android Studio\jbr\bin\management.dll
0x00007fffc02e0000 - 0x00007fffc02eb000 	C:\Program Files\Android\Android Studio\jbr\bin\management_ext.dll
0x00007fffd97b0000 - 0x00007fffd97b8000 	C:\WINDOWS\System32\PSAPI.DLL
0x00007fffd6e30000 - 0x00007fffd6e48000 	C:\WINDOWS\SYSTEM32\CRYPTSP.dll
0x00007fffd66a0000 - 0x00007fffd66d5000 	C:\WINDOWS\system32\rsaenh.dll
0x00007fffd6ce0000 - 0x00007fffd6d0c000 	C:\WINDOWS\SYSTEM32\USERENV.dll
0x00007fffd6fb0000 - 0x00007fffd6fd7000 	C:\WINDOWS\SYSTEM32\bcrypt.dll
0x00007fffd6e50000 - 0x00007fffd6e5c000 	C:\WINDOWS\SYSTEM32\CRYPTBASE.dll
0x00007fffd6260000 - 0x00007fffd628d000 	C:\WINDOWS\SYSTEM32\IPHLPAPI.DLL
0x00007fffd8b60000 - 0x00007fffd8b69000 	C:\WINDOWS\System32\NSI.dll
0x00007fffd1c00000 - 0x00007fffd1c19000 	C:\WINDOWS\SYSTEM32\dhcpcsvc6.DLL
0x00007fffd21a0000 - 0x00007fffd21be000 	C:\WINDOWS\SYSTEM32\dhcpcsvc.DLL
0x00007fffd62d0000 - 0x00007fffd63b7000 	C:\WINDOWS\SYSTEM32\DNSAPI.dll
0x00007fffd4580000 - 0x00007fffd4589000 	C:\Program Files\Android\Android Studio\jbr\bin\extnet.dll
0x00007fffd45b0000 - 0x00007fffd45b8000 	C:\WINDOWS\system32\wshunix.dll

dbghelp: loaded successfully - version: 4.0.5 - missing functions: none
symbol engine: initialized successfully - sym options: 0x614 - pdb path: .;C:\Program Files\Android\Android Studio\jbr\bin;C:\WINDOWS\SYSTEM32;C:\WINDOWS\WinSxS\amd64_microsoft.windows.common-controls_6595b64144ccf1df_6.0.22000.120_none_9d947278b86cc467;C:\Program Files\Android\Android Studio\jbr\bin\server;C:\Users\HP SUPPORT\.gradle\native\c067742578af261105cb4f569cf0c3c89f3d7b1fecec35dd04571415982c5e48\windows-amd64;C:\Users\HP SUPPORT\.gradle\native\38dada09dfb8b06ba9b0570ebf7e218e3eb74d4ef43ca46872605cf95ebc2f47\windows-amd64

VM Arguments:
jvm_args: --add-opens=java.base/java.util=ALL-UNNAMED --add-opens=java.base/java.lang=ALL-UNNAMED --add-opens=java.base/java.lang.invoke=ALL-UNNAMED --add-opens=java.prefs/java.util.prefs=ALL-UNNAMED --add-opens=java.base/java.nio.charset=ALL-UNNAMED --add-opens=java.base/java.net=ALL-UNNAMED --add-opens=java.base/java.util.concurrent.atomic=ALL-UNNAMED -Xmx2048m -Dfile.encoding=UTF-8 -Duser.country=ES -Duser.language=es -Duser.variant -javaagent:C:\Users\HP SUPPORT\.gradle\wrapper\dists\gradle-8.7-bin\bhs2wmbdwecv87pi65oeuq5iu\gradle-8.7\lib\agents\gradle-instrumentation-agent-8.7.jar 
java_command: org.gradle.launcher.daemon.bootstrap.GradleDaemon 8.7
java_class_path (initial): C:\Users\HP SUPPORT\.gradle\wrapper\dists\gradle-8.7-bin\bhs2wmbdwecv87pi65oeuq5iu\gradle-8.7\lib\gradle-launcher-8.7.jar
Launcher Type: SUN_STANDARD

[Global flags]
     intx CICompilerCount                          = 3                                         {product} {ergonomic}
     uint ConcGCThreads                            = 1                                         {product} {ergonomic}
     uint G1ConcRefinementThreads                  = 4                                         {product} {ergonomic}
   size_t G1HeapRegionSize                         = 1048576                                   {product} {ergonomic}
    uintx GCDrainStackTargetSize                   = 64                                        {product} {ergonomic}
   size_t InitialHeapSize                          = 65011712                                  {product} {ergonomic}
   size_t MarkStackSize                            = 4194304                                   {product} {ergonomic}
   size_t MaxHeapSize                              = 2147483648                                {product} {command line}
   size_t MaxNewSize                               = 1287651328                                {product} {ergonomic}
   size_t MinHeapDeltaBytes                        = 1048576                                   {product} {ergonomic}
   size_t MinHeapSize                              = 8388608                                   {product} {ergonomic}
    uintx NonNMethodCodeHeapSize                   = 5832780                                {pd product} {ergonomic}
    uintx NonProfiledCodeHeapSize                  = 122912730                              {pd product} {ergonomic}
    uintx ProfiledCodeHeapSize                     = 122912730                              {pd product} {ergonomic}
    uintx ReservedCodeCacheSize                    = 251658240                              {pd product} {ergonomic}
     bool SegmentedCodeCache                       = true                                      {product} {ergonomic}
   size_t SoftMaxHeapSize                          = 2147483648                             {manageable} {ergonomic}
     bool UseCompressedClassPointers               = true                           {product lp64_product} {ergonomic}
     bool UseCompressedOops                        = true                           {product lp64_product} {ergonomic}
     bool UseG1GC                                  = true                                      {product} {ergonomic}
     bool UseLargePagesIndividualAllocation        = false                                  {pd product} {ergonomic}

Logging:
Log output configuration:
 #0: stdout all=warning uptime,level,tags
 #1: stderr all=off uptime,level,tags

Environment Variables:
PATH=C:\ProgramData\Oracle\Java\javapath;C:\Program Files\Common Files\Oracle\Java\javapath;C:\Program Files (x86)\Common Files\Oracle\Java\javapath;C:\ORACLE\bin;C:\WINDOWS\system32;C:\WINDOWS;C:\WINDOWS\System32\Wbem;C:\WINDOWS\System32\WindowsPowerShell\v1.0\;C:\WINDOWS\System32\OpenSSH\;C:\Program Files (x86)\Rational\common;C:\Program Files\nodejs\;C:\Program Files\Git\cmd;C:\Program Files\Git\mingw64\bin;C:\Program Files\Git\usr\bin;C:\scrcpy;C:\Program Files\MySQL\MySQL Shell 8.0\bin\;C:\Users\HP SUPPORT\AppData\Local\Microsoft\WindowsApps;C:\Users\HP SUPPORT\AppData\Local\Programs\Microsoft VS Code\bin;C:\Users\HP SUPPORT\AppData\Roaming\npm
USERNAME=HP SUPPORT
OS=Windows_NT
PROCESSOR_IDENTIFIER=Intel64 Family 6 Model 142 Stepping 12, GenuineIntel
TMP=C:\Users\HPSUPP~1\AppData\Local\Temp
TEMP=C:\Users\HPSUPP~1\AppData\Local\Temp



Periodic native trim disabled

JNI global refs:
JNI global refs: 25, weak refs: 0

JNI global refs memory usage: 843, weak refs: 841

Process memory usage:
Resident Set Size: 328468K (8% of 3994612K total physical memory with 57668K free physical memory)

OOME stack traces (most recent first):
Classloader memory used:
Loader org.gradle.internal.classloader.VisitableURLClassLoader                         : 7840K
Loader bootstrap                                                                       : 2548K
Loader jdk.internal.loader.ClassLoaders$AppClassLoader                                 : 1020K
Loader org.gradle.initialization.MixInLegacyTypesClassLoader                           : 967K
Loader org.gradle.internal.classloader.VisitableURLClassLoader                         : 111K
Loader jdk.internal.loader.ClassLoaders$PlatformClassLoader                            : 91363B
Loader org.gradle.internal.classloader.VisitableURLClassLoader$InstrumentingVisitableURLClassLoader: 90419B
Loader jdk.internal.jrtfs.JrtFileSystemProvider$JrtFsLoader                            : 37943B
Loader jdk.internal.reflect.DelegatingClassLoader                                      : 28078B
Loader org.gradle.groovy.scripts.internal.DefaultScriptCompilationHandler$ScriptClassLoader: 10734B
Loader org.codehaus.groovy.runtime.callsite.CallSiteClassLoader                        : 5853B

Classes loaded by more than one classloader:
Class org.gradle.internal.Cast                                                        : loaded 3 times (x 69B)
Class org.gradle.api.GradleException                                                  : loaded 3 times (x 80B)
Class org.jetbrains.plugins.gradle.model.MavenRepositoryModel                         : loaded 2 times (x 68B)
Class org.gradle.internal.classpath.ClassPath                                         : loaded 2 times (x 68B)
Class org.gradle.api.internal.classpath.DefaultModuleRegistry                         : loaded 2 times (x 84B)
Class org.gradle.internal.exceptions.NonGradleCauseExceptionsHolder                   : loaded 2 times (x 68B)
Class Settings_gradle$1$1                                                             : loaded 2 times (x 72B)
Class jdk.internal.jimage.BasicImageReader$1                                          : loaded 2 times (x 75B)
Class org.gradle.api.Action                                                           : loaded 2 times (x 68B)
Class org.jetbrains.kotlin.idea.gradleTooling.model.samWithReceiver.SamWithReceiverModel: loaded 2 times (x 68B)
Class org.jetbrains.plugins.gradle.model.ExternalProject                              : loaded 2 times (x 68B)
Class org.jetbrains.plugins.gradle.model.IntelliJSettings                             : loaded 2 times (x 68B)
Class jdk.internal.jimage.ImageBufferCache$1                                          : loaded 2 times (x 78B)
Class jdk.internal.jimage.ImageBufferCache$2                                          : loaded 2 times (x 89B)
Class org.jetbrains.kotlin.idea.gradleTooling.KotlinMPPGradleModel                    : loaded 2 times (x 68B)
Class org.gradle.api.internal.DefaultClassPathProvider                                : loaded 2 times (x 74B)
Class org.gradle.internal.installation.GradleInstallation$1                           : loaded 2 times (x 73B)
Class jdk.internal.jrtfs.SystemImage$1                                                : loaded 2 times (x 76B)
Class jdk.internal.jrtfs.SystemImage$2                                                : loaded 2 times (x 74B)
Class org.gradle.internal.exceptions.DefaultMultiCauseException                       : loaded 2 times (x 93B)
Class org.gradle.tooling.model.UnsupportedMethodException                             : loaded 2 times (x 80B)
Class org.gradle.util.GradleVersion                                                   : loaded 2 times (x 81B)
Class org.gradle.internal.classloader.FilteringClassLoader                            : loaded 2 times (x 103B)
Class jdk.internal.jimage.ImageReader$Resource                                        : loaded 2 times (x 82B)
Class jdk.internal.jrtfs.SystemImage                                                  : loaded 2 times (x 72B)
Class org.gradle.tooling.model.Model                                                  : loaded 2 times (x 68B)
Class org.gradle.internal.classpath.DefaultClassPath$ImmutableUniqueList$Builder      : loaded 2 times (x 73B)
Class org.jetbrains.kotlin.idea.gradleTooling.KotlinSourceSetContainer                : loaded 2 times (x 68B)
Class jdk.internal.jrtfs.JrtDirectoryStream$1                                         : loaded 2 times (x 81B)
Class org.gradle.internal.classloader.ClassLoaderVisitor                              : loaded 2 times (x 74B)
Class org.gradle.internal.time.DefaultCountdownTimer                                  : loaded 2 times (x 86B)
Class org.gradle.internal.service.DefaultServiceLocator                               : loaded 2 times (x 81B)
Class org.jetbrains.plugins.gradle.model.jar.JarTaskManifestConfiguration             : loaded 2 times (x 68B)
Class org.gradle.internal.service.UnknownServiceException                             : loaded 2 times (x 81B)
Class org.jetbrains.plugins.gradle.model.DependencyAccessorsModel                     : loaded 2 times (x 68B)
Class org.gradle.internal.classloader.DefaultClassLoaderFactory                       : loaded 2 times (x 80B)
Class jdk.internal.jimage.ImageReader$SharedImageReader                               : loaded 2 times (x 93B)
Class org.jetbrains.plugins.gradle.model.GradleExtensions                             : loaded 2 times (x 68B)
Class jdk.internal.jimage.decompressor.ZipDecompressorFactory                         : loaded 2 times (x 72B)
Class org.jetbrains.plugins.gradle.model.VersionCatalogsModel                         : loaded 2 times (x 68B)
Class org.gradle.internal.classloader.VisitableURLClassLoader$Spec                    : loaded 2 times (x 72B)
Class org.gradle.tooling.model.ProjectModel                                           : loaded 2 times (x 68B)
Class org.gradle.internal.time.MonotonicClock                                         : loaded 2 times (x 75B)
Class org.gradle.tooling.internal.gradle.DefaultProjectIdentifier                     : loaded 2 times (x 84B)
Class org.gradle.api.internal.classpath.ModuleRegistry                                : loaded 2 times (x 68B)
Class org.jetbrains.plugins.gradle.model.RepositoriesModel                            : loaded 2 times (x 68B)
Class kotlin.jvm.internal.markers.KMappedMarker                                       : loaded 2 times (x 68B)
Class org.gradle.api.internal.ClassPathProvider                                       : loaded 2 times (x 68B)
Class org.gradle.internal.classloader.ClasspathUtil$1                                 : loaded 2 times (x 74B)
Class org.gradle.internal.classloader.ClassLoaderFactory                              : loaded 2 times (x 68B)
Class jdk.internal.jimage.ImageHeader                                                 : loaded 2 times (x 69B)
Class org.gradle.api.internal.classpath.ManifestUtil                                  : loaded 2 times (x 69B)
Class org.gradle.api.specs.Spec                                                       : loaded 2 times (x 68B)
Class org.gradle.tooling.internal.gradle.GradleBuildIdentity                          : loaded 2 times (x 68B)
Class org.gradle.internal.IoActions                                                   : loaded 2 times (x 69B)
Class jdk.internal.jimage.decompressor.StringSharingDecompressorFactory               : loaded 2 times (x 72B)
Class org.gradle.api.internal.classpath.EffectiveClassPath                            : loaded 2 times (x 88B)
Class kotlin.jvm.internal.DefaultConstructorMarker                                    : loaded 2 times (x 69B)
Class jdk.internal.jimage.ImageReader$LinkNode                                        : loaded 2 times (x 82B)
Class org.gradle.internal.exceptions.ResolutionProvider                               : loaded 2 times (x 68B)
Class org.jetbrains.kotlin.idea.gradleTooling.model.annotation.AnnotationBasedPluginModel: loaded 2 times (x 68B)
Class org.jetbrains.kotlin.idea.gradleTooling.model.assignment.AssignmentModel        : loaded 2 times (x 68B)
Class org.gradle.internal.installation.CurrentGradleInstallation                      : loaded 2 times (x 71B)
Class org.gradle.internal.agents.InstrumentingClassLoader                             : loaded 2 times (x 68B)
Class org.gradle.internal.installation.CurrentGradleInstallationLocator               : loaded 2 times (x 69B)
Class org.gradle.api.internal.classpath.Module                                        : loaded 2 times (x 68B)
Class org.gradle.internal.service.CachingServiceLocator                               : loaded 2 times (x 80B)
Class org.gradle.internal.time.Timer                                                  : loaded 2 times (x 68B)
Class org.jetbrains.plugins.gradle.model.tests.ExternalTestsModel                     : loaded 2 times (x 68B)
Class org.jetbrains.kotlin.idea.gradleTooling.KotlinDslScriptAdditionalTask           : loaded 2 times (x 68B)
Class org.gradle.internal.classpath.DefaultClassPath                                  : loaded 2 times (x 88B)
Class jdk.internal.jimage.BasicImageReader                                            : loaded 2 times (x 93B)
Class com.intellij.openapi.externalSystem.model.project.dependencies.ProjectDependencies: loaded 2 times (x 68B)
Class org.jetbrains.kotlin.idea.gradleTooling.PrepareKotlinIdeImportTaskModel         : loaded 2 times (x 68B)
Class jdk.internal.jimage.ImageLocation                                               : loaded 2 times (x 88B)
Class sync_studio_tooling9247_7q8t30k653it16glkjddl4rta                               : loaded 2 times (x 177B)
Class org.gradle.internal.impldep.com.google.common.base.Preconditions                : loaded 2 times (x 69B)
Class kotlin.jvm.functions.Function1                                                  : loaded 2 times (x 68B)
Class jdk.internal.jimage.ImageReader$Node                                            : loaded 2 times (x 82B)
Class org.gradle.internal.time.Time                                                   : loaded 2 times (x 69B)
Class jdk.internal.jimage.decompressor.CompressedResourceHeader                       : loaded 2 times (x 69B)
Class org.gradle.internal.time.TimeSource$1                                           : loaded 2 times (x 75B)
Class jdk.internal.jrtfs.JrtPath                                                      : loaded 2 times (x 116B)
Class jdk.internal.jimage.ImageStrings                                                : loaded 2 times (x 68B)
Class jdk.internal.jrtfs.JrtFileAttributes                                            : loaded 2 times (x 81B)
Class org.gradle.internal.classloader.SystemClassLoaderSpec                           : loaded 2 times (x 69B)
Class jdk.internal.jimage.decompressor.ResourceDecompressorRepository                 : loaded 2 times (x 69B)
Class kotlin.Function                                                                 : loaded 2 times (x 68B)
Class org.gradle.api.UncheckedIOException                                             : loaded 2 times (x 80B)
Class jdk.internal.jimage.decompressor.ResourceDecompressor$StringsProvider           : loaded 2 times (x 68B)
Class Program                                                                         : loaded 2 times (x 70B)
Class jdk.internal.jimage.decompressor.Decompressor                                   : loaded 2 times (x 70B)
Class jdk.internal.jrtfs.JrtFileSystem                                                : loaded 2 times (x 100B)
Class org.gradle.tooling.internal.gradle.GradleProjectIdentity                        : loaded 2 times (x 68B)
Class jdk.internal.jrtfs.JrtFileSystemProvider                                        : loaded 2 times (x 97B)
Class org.gradle.internal.time.CountdownTimer                                         : loaded 2 times (x 68B)
Class org.gradle.internal.time.Clock                                                  : loaded 2 times (x 68B)
Class org.gradle.internal.classloader.ClasspathUtil                                   : loaded 2 times (x 69B)
Class jdk.internal.jrtfs.JrtDirectoryStream                                           : loaded 2 times (x 87B)
Class org.gradle.tooling.model.BuildIdentifier                                        : loaded 2 times (x 68B)
Class jdk.internal.jimage.decompressor.ResourceDecompressor                           : loaded 2 times (x 68B)
Class org.gradle.api.internal.DefaultClassPathRegistry                                : loaded 2 times (x 74B)
Class org.gradle.api.internal.classpath.DefaultModuleRegistry$DefaultModule           : loaded 2 times (x 84B)
Class org.gradle.internal.time.TimeSource                                             : loaded 2 times (x 68B)
Class org.jetbrains.kotlin.android.synthetic.idea.AndroidExtensionsGradleModel        : loaded 2 times (x 68B)
Class org.gradle.api.internal.classpath.UnknownModuleException                        : loaded 2 times (x 80B)
Class org.jetbrains.plugins.gradle.model.IntelliJProjectSettings                      : loaded 2 times (x 68B)
Class org.gradle.internal.service.ServiceLookupException                              : loaded 2 times (x 80B)
Class sync_studio_tooling9247_7q8t30k653it16glkjddl4rta$_run_closure1                 : loaded 2 times (x 137B)
Class jdk.internal.jimage.ImageStringsReader                                          : loaded 2 times (x 78B)
Class org.gradle.cache.GlobalCache                                                    : loaded 2 times (x 68B)
Class jdk.internal.jimage.decompressor.ResourceDecompressorFactory                    : loaded 2 times (x 72B)
Class org.jetbrains.kotlin.idea.gradleTooling.model.lombok.LombokModel                : loaded 2 times (x 68B)
Class org.gradle.tooling.model.ProjectIdentifier                                      : loaded 2 times (x 68B)
Class [Lorg.gradle.api.internal.ClassPathProvider;                                    : loaded 2 times (x 67B)
Class jdk.internal.jimage.ImageReader$SharedImageReader$LocationVisitor               : loaded 2 times (x 68B)
Class org.gradle.internal.operations.MultipleBuildOperationFailures                   : loaded 2 times (x 93B)
Class org.gradle.util.internal.GUtil                                                  : loaded 2 times (x 69B)
Class jdk.internal.jimage.decompressor.ZipDecompressor                                : loaded 2 times (x 73B)
Class org.jetbrains.plugins.gradle.model.AnnotationProcessingModel                    : loaded 2 times (x 68B)
Class org.gradle.internal.classloader.ClassLoaderSpec                                 : loaded 2 times (x 69B)
Class org.gradle.internal.classloader.VisitableURLClassLoader                         : loaded 2 times (x 115B)
Class org.gradle.internal.installation.GradleInstallation                             : loaded 2 times (x 73B)
Class org.gradle.api.internal.ClassPathRegistry                                       : loaded 2 times (x 68B)
Class ijInit1_vvjc1mi0a8ma1vc4xrj76ugd                                                : loaded 2 times (x 177B)
Class org.gradle.internal.classloader.VisitableURLClassLoader$InstrumentingVisitableURLClassLoader: loaded 2 times (x 121B)
Class org.gradle.internal.classloader.ClassLoaderHierarchy                            : loaded 2 times (x 68B)
Class org.gradle.internal.exceptions.MultiCauseException                              : loaded 2 times (x 68B)
Class jdk.internal.jimage.ImageReader                                                 : loaded 2 times (x 73B)
Class org.jetbrains.kotlin.idea.gradleTooling.model.parcelize.ParcelizeGradleModel    : loaded 2 times (x 68B)
Class org.gradle.internal.InternalTransformer                                         : loaded 2 times (x 68B)
Class org.jetbrains.kotlin.idea.gradleTooling.model.noarg.NoArgModel                  : loaded 2 times (x 68B)
Class org.jetbrains.kotlin.idea.gradleTooling.KotlinGradleModel                       : loaded 2 times (x 68B)
Class org.gradle.tooling.internal.gradle.DefaultBuildIdentifier                       : loaded 2 times (x 77B)
Class org.gradle.internal.service.ServiceLocator                                      : loaded 2 times (x 68B)
Class Settings_gradle$1                                                               : loaded 2 times (x 72B)
Class org.jetbrains.kotlin.idea.gradleTooling.model.allopen.AllOpenModel              : loaded 2 times (x 68B)
Class org.gradle.internal.classpath.DefaultClassPath$ImmutableUniqueList              : loaded 2 times (x 159B)
Class jdk.internal.jimage.ImageBufferCache                                            : loaded 2 times (x 69B)
Class org.gradle.internal.time.DefaultTimer                                           : loaded 2 times (x 78B)
Class org.gradle.internal.classpath.TransformedClassPath                              : loaded 2 times (x 94B)
Class Settings_gradle                                                                 : loaded 2 times (x 126B)
Class jdk.internal.jimage.ImageReader$Directory                                       : loaded 2 times (x 82B)


---------------  S Y S T E M  ---------------

OS:
 Windows 11 , 64 bit Build 22000 (10.0.22000.2538)
OS uptime: 5 days 17:39 hours

CPU: total 4 (initial active 4) (2 cores per cpu, 2 threads per core) family 6 model 142 stepping 12 microcode 0xde, cx8, cmov, fxsr, ht, mmx, 3dnowpref, sse, sse2, sse3, ssse3, sse4.1, sse4.2, popcnt, lzcnt, tsc, tscinvbit, avx, avx2, aes, erms, clmul, bmi1, bmi2, adx, fma, vzeroupper, clflush, clflushopt
Processor Information for processor 0
  Max Mhz: 2592, Current Mhz: 1495, Mhz Limit: 2073
Processor Information for processor 1
  Max Mhz: 2592, Current Mhz: 2093, Mhz Limit: 2073
Processor Information for processor 2
  Max Mhz: 2592, Current Mhz: 2093, Mhz Limit: 2073
Processor Information for processor 3
  Max Mhz: 2592, Current Mhz: 2093, Mhz Limit: 2073

Memory: 4k page, system-wide physical 3900M (56M free)
TotalPageFile size 15676M (AvailPageFile size 233M)
current process WorkingSet (physical memory assigned to process): 321M, peak: 329M
current process commit charge ("private bytes"): 429M, peak: 704M

vm_info: OpenJDK 64-Bit Server VM (17.0.11+0--11852314) for windows-amd64 JRE (17.0.11+0--11852314), built on May 16 2024 21:29:20 by "androidbuild" with MS VC++ 16.10 / 16.11 (VS2019)

END.
