#
# There is insufficient memory for the Java Runtime Environment to continue.
# Native memory allocation (malloc) failed to allocate 2335712 bytes. Error detail: Chunk::new
# Possible reasons:
#   The system is out of physical RAM or swap space
#   This process is running with CompressedOops enabled, and the Java Heap may be blocking the growth of the native heap
# Possible solutions:
#   Reduce memory load on the system
#   Increase physical memory or swap space
#   Check if swap backing store is full
#   Decrease Java heap size (-Xmx/-Xms)
#   Decrease number of Java threads
#   Decrease Java thread stack sizes (-Xss)
#   Set larger code cache with -XX:ReservedCodeCacheSize=
#   JVM is running with Unscaled Compressed Oops mode in which the Java heap is
#     placed in the first 4GB address space. The Java Heap base address is the
#     maximum limit for the native heap growth. Please use -XX:HeapBaseMinAddress
#     to set the Java Heap base and to place the Java Heap above 4GB virtual address.
# This output file may be truncated or incomplete.
#
#  Out of Memory Error (arena.cpp:191), pid=29720, tid=23776
#
# JRE version: OpenJDK Runtime Environment (17.0.11) (build 17.0.11+0--11852314)
# Java VM: OpenJDK 64-Bit Server VM (17.0.11+0--11852314, mixed mode, tiered, compressed oops, compressed class ptrs, g1 gc, windows-amd64)
# No core dump will be written. Minidumps are not enabled by default on client versions of Windows
#

---------------  S U M M A R Y ------------

Command Line: org.jetbrains.kotlin.cli.jvm.K2JVMCompiler @C:\Ciclo8\DSM\SIAMO\App_SIAMO\app\build\20241027_13573594677206057420.compiler.options

Host: Intel(R) Core(TM) i3-10110U CPU @ 2.10GHz, 4 cores, 3G,  Windows 11 , 64 bit Build 22000 (10.0.22000.2538)
Time: Sun Oct 27 14:54:15 2024 Hora est. Pacífico, Sudamérica elapsed time: 15.296949 seconds (0d 0h 0m 15s)

---------------  T H R E A D  ---------------

Current thread (0x0000026b9a7e3480):  JavaThread "C2 CompilerThread0" daemon [_thread_in_native, id=23776, stack(0x0000009462c00000,0x0000009462d00000)]


Current CompileTask:
C2:  15297 8054   !   4       org.jetbrains.kotlin.metadata.ProtoBuf$Function::<init> (1410 bytes)

Stack: [0x0000009462c00000,0x0000009462d00000]
Native frames: (J=compiled Java code, j=interpreted, Vv=VM code, C=native code)
V  [jvm.dll+0x687bb9]
V  [jvm.dll+0x84142a]
V  [jvm.dll+0x8430ae]
V  [jvm.dll+0x843713]
V  [jvm.dll+0x24a35f]
V  [jvm.dll+0xac544]
V  [jvm.dll+0xacb8c]
V  [jvm.dll+0x369c37]
V  [jvm.dll+0x33416a]
V  [jvm.dll+0x33360a]
V  [jvm.dll+0x21bed1]
V  [jvm.dll+0x21b311]
V  [jvm.dll+0x1a63ed]
V  [jvm.dll+0x22b1ee]
V  [jvm.dll+0x229375]
V  [jvm.dll+0x7f5647]
V  [jvm.dll+0x7efa4a]
V  [jvm.dll+0x686a35]
C  [ucrtbase.dll+0x26c0c]
C  [KERNEL32.DLL+0x153e0]
C  [ntdll.dll+0x485b]


---------------  P R O C E S S  ---------------

Threads class SMR info:
_java_thread_list=0x0000026b9ab8b7e0, length=12, elements={
0x0000026b839a7ae0, 0x0000026b9a787150, 0x0000026b9a789c30, 0x0000026b9a7c28a0,
0x0000026b9a7df620, 0x0000026b9a7dfef0, 0x0000026b9a7e07c0, 0x0000026b9a7e3480,
0x0000026b9a7e7340, 0x0000026b9a7e8430, 0x0000026b9abc5930, 0x0000026b9abc78d0
}

Java Threads: ( => current thread )
  0x0000026b839a7ae0 JavaThread "main" [_thread_in_Java, id=21032, stack(0x0000009461f00000,0x0000009462000000)]
  0x0000026b9a787150 JavaThread "Reference Handler" daemon [_thread_blocked, id=24500, stack(0x0000009462600000,0x0000009462700000)]
  0x0000026b9a789c30 JavaThread "Finalizer" daemon [_thread_blocked, id=35028, stack(0x0000009462700000,0x0000009462800000)]
  0x0000026b9a7c28a0 JavaThread "Signal Dispatcher" daemon [_thread_blocked, id=13356, stack(0x0000009462800000,0x0000009462900000)]
  0x0000026b9a7df620 JavaThread "Attach Listener" daemon [_thread_blocked, id=17920, stack(0x0000009462900000,0x0000009462a00000)]
  0x0000026b9a7dfef0 JavaThread "Service Thread" daemon [_thread_blocked, id=5712, stack(0x0000009462a00000,0x0000009462b00000)]
  0x0000026b9a7e07c0 JavaThread "Monitor Deflation Thread" daemon [_thread_blocked, id=32572, stack(0x0000009462b00000,0x0000009462c00000)]
=>0x0000026b9a7e3480 JavaThread "C2 CompilerThread0" daemon [_thread_in_native, id=23776, stack(0x0000009462c00000,0x0000009462d00000)]
  0x0000026b9a7e7340 JavaThread "C1 CompilerThread0" daemon [_thread_blocked, id=34740, stack(0x0000009462d00000,0x0000009462e00000)]
  0x0000026b9a7e8430 JavaThread "Sweeper thread" daemon [_thread_blocked, id=26040, stack(0x0000009462e00000,0x0000009462f00000)]
  0x0000026b9abc5930 JavaThread "Notification Thread" daemon [_thread_blocked, id=28148, stack(0x0000009462f00000,0x0000009463000000)]
  0x0000026b9abc78d0 JavaThread "Common-Cleaner" daemon [_thread_blocked, id=32028, stack(0x0000009463100000,0x0000009463200000)]

Other Threads:
  0x0000026b9a739610 VMThread "VM Thread" [stack: 0x0000009462500000,0x0000009462600000] [id=23132]
  0x0000026b9abc6620 WatcherThread [stack: 0x0000009463000000,0x0000009463100000] [id=24264]
  0x0000026b839e4570 GCTaskThread "GC Thread#0" [stack: 0x0000009462000000,0x0000009462100000] [id=20868]
  0x0000026b9f0eec90 GCTaskThread "GC Thread#1" [stack: 0x0000009463200000,0x0000009463300000] [id=960]
  0x0000026b9f148e90 GCTaskThread "GC Thread#2" [stack: 0x0000009463300000,0x0000009463400000] [id=21472]
  0x0000026b9f149150 GCTaskThread "GC Thread#3" [stack: 0x0000009463400000,0x0000009463500000] [id=35524]
  0x0000026b839ed570 ConcurrentGCThread "G1 Main Marker" [stack: 0x0000009462100000,0x0000009462200000] [id=30348]
  0x0000026b839edea0 ConcurrentGCThread "G1 Conc#0" [stack: 0x0000009462200000,0x0000009462300000] [id=24280]
  0x0000026b83a31240 ConcurrentGCThread "G1 Refine#0" [stack: 0x0000009462300000,0x0000009462400000] [id=14640]
  0x0000026b9f74e1f0 ConcurrentGCThread "G1 Refine#1" [stack: 0x0000009463500000,0x0000009463600000] [id=26928]
  0x0000026b83a31b80 ConcurrentGCThread "G1 Service" [stack: 0x0000009462400000,0x0000009462500000] [id=30076]

Threads with active compile tasks:
C2 CompilerThread0    15441 8054   !   4       org.jetbrains.kotlin.metadata.ProtoBuf$Function::<init> (1410 bytes)

VM state: not at safepoint (normal execution)

VM Mutex/Monitor currently owned by a thread: None

Heap address: 0x00000000c3000000, size: 976 MB, Compressed Oops mode: 32-bit

CDS archive(s) not mapped
Compressed class space mapped at: 0x0000000100000000-0x0000000140000000, reserved size: 1073741824
Narrow klass base: 0x0000000000000000, Narrow klass shift: 3, Narrow klass range: 0x140000000

GC Precious Log:
 CPUs: 4 total, 4 available
 Memory: 3900M
 Large Page Support: Disabled
 NUMA Support: Disabled
 Compressed Oops: Enabled (32-bit)
 Heap Region Size: 1M
 Heap Min Capacity: 8M
 Heap Initial Capacity: 62M
 Heap Max Capacity: 976M
 Pre-touch: Disabled
 Parallel Workers: 4
 Concurrent Workers: 1
 Concurrent Refinement Workers: 4
 Periodic GC: Disabled

Heap:
 garbage-first heap   total 185344K, used 115960K [0x00000000c3000000, 0x0000000100000000)
  region size 1024K, 78 young (79872K), 1 survivors (1024K)
 Metaspace       used 57018K, committed 57216K, reserved 1114112K
  class space    used 6505K, committed 6592K, reserved 1048576K

Heap Regions: E=young(eden), S=young(survivor), O=old, HS=humongous(starts), HC=humongous(continues), CS=collection set, F=free, OA=open archive, CA=closed archive, TAMS=top-at-mark-start (previous, next)
|   0|0x00000000c3000000, 0x00000000c3100000, 0x00000000c3100000|100%|HS|  |TAMS 0x00000000c3100000, 0x00000000c3000000| Complete 
|   1|0x00000000c3100000, 0x00000000c3200000, 0x00000000c3200000|100%|HC|  |TAMS 0x00000000c3200000, 0x00000000c3100000| Complete 
|   2|0x00000000c3200000, 0x00000000c3300000, 0x00000000c3300000|100%|HC|  |TAMS 0x00000000c3300000, 0x00000000c3200000| Complete 
|   3|0x00000000c3300000, 0x00000000c3400000, 0x00000000c3400000|100%|HC|  |TAMS 0x00000000c3400000, 0x00000000c3300000| Complete 
|   4|0x00000000c3400000, 0x00000000c34ef000, 0x00000000c3500000| 93%| O|  |TAMS 0x00000000c34ef000, 0x00000000c3400000| Untracked 
|   5|0x00000000c3500000, 0x00000000c3600000, 0x00000000c3600000|100%| O|  |TAMS 0x00000000c3600000, 0x00000000c3500000| Untracked 
|   6|0x00000000c3600000, 0x00000000c3700000, 0x00000000c3700000|100%| O|  |TAMS 0x00000000c3700000, 0x00000000c3600000| Untracked 
|   7|0x00000000c3700000, 0x00000000c3800000, 0x00000000c3800000|100%| O|  |TAMS 0x00000000c3800000, 0x00000000c3700000| Untracked 
|   8|0x00000000c3800000, 0x00000000c3900000, 0x00000000c3900000|100%| O|  |TAMS 0x00000000c3900000, 0x00000000c3800000| Untracked 
|   9|0x00000000c3900000, 0x00000000c3a00000, 0x00000000c3a00000|100%| O|  |TAMS 0x00000000c3a00000, 0x00000000c3900000| Untracked 
|  10|0x00000000c3a00000, 0x00000000c3b00000, 0x00000000c3b00000|100%| O|  |TAMS 0x00000000c3b00000, 0x00000000c3a00000| Untracked 
|  11|0x00000000c3b00000, 0x00000000c3c00000, 0x00000000c3c00000|100%| O|  |TAMS 0x00000000c3c00000, 0x00000000c3b00000| Untracked 
|  12|0x00000000c3c00000, 0x00000000c3d00000, 0x00000000c3d00000|100%| O|  |TAMS 0x00000000c3d00000, 0x00000000c3c00000| Untracked 
|  13|0x00000000c3d00000, 0x00000000c3e00000, 0x00000000c3e00000|100%| O|  |TAMS 0x00000000c3e00000, 0x00000000c3d00000| Untracked 
|  14|0x00000000c3e00000, 0x00000000c3f00000, 0x00000000c3f00000|100%| O|  |TAMS 0x00000000c3f00000, 0x00000000c3e00000| Untracked 
|  15|0x00000000c3f00000, 0x00000000c4000000, 0x00000000c4000000|100%| O|  |TAMS 0x00000000c3f00000, 0x00000000c3f00000| Untracked 
|  16|0x00000000c4000000, 0x00000000c4000000, 0x00000000c4100000|  0%| F|  |TAMS 0x00000000c4000000, 0x00000000c4000000| Untracked 
|  17|0x00000000c4100000, 0x00000000c4200000, 0x00000000c4200000|100%| O|  |TAMS 0x00000000c4200000, 0x00000000c4100000| Untracked 
|  18|0x00000000c4200000, 0x00000000c4300000, 0x00000000c4300000|100%| O|  |TAMS 0x00000000c4300000, 0x00000000c4200000| Untracked 
|  19|0x00000000c4300000, 0x00000000c4400000, 0x00000000c4400000|100%| O|  |TAMS 0x00000000c4400000, 0x00000000c4300000| Untracked 
|  20|0x00000000c4400000, 0x00000000c4500000, 0x00000000c4500000|100%| O|  |TAMS 0x00000000c4500000, 0x00000000c4400000| Untracked 
|  21|0x00000000c4500000, 0x00000000c4600000, 0x00000000c4600000|100%| O|  |TAMS 0x00000000c4600000, 0x00000000c4500000| Untracked 
|  22|0x00000000c4600000, 0x00000000c4700000, 0x00000000c4700000|100%| O|  |TAMS 0x00000000c4700000, 0x00000000c4600000| Untracked 
|  23|0x00000000c4700000, 0x00000000c4800000, 0x00000000c4800000|100%|HS|  |TAMS 0x00000000c4800000, 0x00000000c4700000| Complete 
|  24|0x00000000c4800000, 0x00000000c4900000, 0x00000000c4900000|100%|HC|  |TAMS 0x00000000c4900000, 0x00000000c4800000| Complete 
|  25|0x00000000c4900000, 0x00000000c4a00000, 0x00000000c4a00000|100%| O|  |TAMS 0x00000000c4a00000, 0x00000000c4900000| Untracked 
|  26|0x00000000c4a00000, 0x00000000c4b00000, 0x00000000c4b00000|100%| O|  |TAMS 0x00000000c4b00000, 0x00000000c4a00000| Untracked 
|  27|0x00000000c4b00000, 0x00000000c4c00000, 0x00000000c4c00000|100%| O|  |TAMS 0x00000000c4c00000, 0x00000000c4b00000| Untracked 
|  28|0x00000000c4c00000, 0x00000000c4d00000, 0x00000000c4d00000|100%| O|  |TAMS 0x00000000c4d00000, 0x00000000c4c00000| Untracked 
|  29|0x00000000c4d00000, 0x00000000c4e00000, 0x00000000c4e00000|100%| O|  |TAMS 0x00000000c4d00000, 0x00000000c4d00000| Untracked 
|  30|0x00000000c4e00000, 0x00000000c4f00000, 0x00000000c4f00000|100%| O|  |TAMS 0x00000000c4f00000, 0x00000000c4e00000| Untracked 
|  31|0x00000000c4f00000, 0x00000000c5000000, 0x00000000c5000000|100%| O|  |TAMS 0x00000000c5000000, 0x00000000c4f00000| Untracked 
|  32|0x00000000c5000000, 0x00000000c5100000, 0x00000000c5100000|100%| O|  |TAMS 0x00000000c5100000, 0x00000000c5000000| Untracked 
|  33|0x00000000c5100000, 0x00000000c5200000, 0x00000000c5200000|100%| O|  |TAMS 0x00000000c5200000, 0x00000000c5100000| Untracked 
|  34|0x00000000c5200000, 0x00000000c5300000, 0x00000000c5300000|100%| O|  |TAMS 0x00000000c5300000, 0x00000000c5200000| Untracked 
|  35|0x00000000c5300000, 0x00000000c5400000, 0x00000000c5400000|100%| O|  |TAMS 0x00000000c5300000, 0x00000000c5300000| Untracked 
|  36|0x00000000c5400000, 0x00000000c5500000, 0x00000000c5500000|100%| O|  |TAMS 0x00000000c5400000, 0x00000000c5400000| Untracked 
|  37|0x00000000c5500000, 0x00000000c5600000, 0x00000000c5600000|100%| O|  |TAMS 0x00000000c5500000, 0x00000000c5500000| Untracked 
|  38|0x00000000c5600000, 0x00000000c5600000, 0x00000000c5700000|  0%| F|  |TAMS 0x00000000c5600000, 0x00000000c5600000| Untracked 
|  39|0x00000000c5700000, 0x00000000c5700000, 0x00000000c5800000|  0%| F|  |TAMS 0x00000000c5700000, 0x00000000c5700000| Untracked 
|  40|0x00000000c5800000, 0x00000000c5800000, 0x00000000c5900000|  0%| F|  |TAMS 0x00000000c5800000, 0x00000000c5800000| Untracked 
|  41|0x00000000c5900000, 0x00000000c5900000, 0x00000000c5a00000|  0%| F|  |TAMS 0x00000000c5900000, 0x00000000c5900000| Untracked 
|  42|0x00000000c5a00000, 0x00000000c5a00000, 0x00000000c5b00000|  0%| F|  |TAMS 0x00000000c5a00000, 0x00000000c5a00000| Untracked 
|  43|0x00000000c5b00000, 0x00000000c5b00000, 0x00000000c5c00000|  0%| F|  |TAMS 0x00000000c5b00000, 0x00000000c5b00000| Untracked 
|  44|0x00000000c5c00000, 0x00000000c5c00000, 0x00000000c5d00000|  0%| F|  |TAMS 0x00000000c5c00000, 0x00000000c5c00000| Untracked 
|  45|0x00000000c5d00000, 0x00000000c5d00000, 0x00000000c5e00000|  0%| F|  |TAMS 0x00000000c5d00000, 0x00000000c5d00000| Untracked 
|  46|0x00000000c5e00000, 0x00000000c5e00000, 0x00000000c5f00000|  0%| F|  |TAMS 0x00000000c5e00000, 0x00000000c5e00000| Untracked 
|  47|0x00000000c5f00000, 0x00000000c5f00000, 0x00000000c6000000|  0%| F|  |TAMS 0x00000000c5f00000, 0x00000000c5f00000| Untracked 
|  48|0x00000000c6000000, 0x00000000c6000000, 0x00000000c6100000|  0%| F|  |TAMS 0x00000000c6000000, 0x00000000c6000000| Untracked 
|  49|0x00000000c6100000, 0x00000000c6100000, 0x00000000c6200000|  0%| F|  |TAMS 0x00000000c6100000, 0x00000000c6100000| Untracked 
|  50|0x00000000c6200000, 0x00000000c6200000, 0x00000000c6300000|  0%| F|  |TAMS 0x00000000c6200000, 0x00000000c6200000| Untracked 
|  51|0x00000000c6300000, 0x00000000c6300000, 0x00000000c6400000|  0%| F|  |TAMS 0x00000000c6300000, 0x00000000c6300000| Untracked 
|  52|0x00000000c6400000, 0x00000000c6400000, 0x00000000c6500000|  0%| F|  |TAMS 0x00000000c6400000, 0x00000000c6400000| Untracked 
|  53|0x00000000c6500000, 0x00000000c6500000, 0x00000000c6600000|  0%| F|  |TAMS 0x00000000c6500000, 0x00000000c6500000| Untracked 
|  54|0x00000000c6600000, 0x00000000c6600000, 0x00000000c6700000|  0%| F|  |TAMS 0x00000000c6600000, 0x00000000c6600000| Untracked 
|  55|0x00000000c6700000, 0x00000000c6700000, 0x00000000c6800000|  0%| F|  |TAMS 0x00000000c6700000, 0x00000000c6700000| Untracked 
|  56|0x00000000c6800000, 0x00000000c6800000, 0x00000000c6900000|  0%| F|  |TAMS 0x00000000c6800000, 0x00000000c6800000| Untracked 
|  57|0x00000000c6900000, 0x00000000c6900000, 0x00000000c6a00000|  0%| F|  |TAMS 0x00000000c6900000, 0x00000000c6900000| Untracked 
|  58|0x00000000c6a00000, 0x00000000c6a00000, 0x00000000c6b00000|  0%| F|  |TAMS 0x00000000c6a00000, 0x00000000c6a00000| Untracked 
|  59|0x00000000c6b00000, 0x00000000c6b00000, 0x00000000c6c00000|  0%| F|  |TAMS 0x00000000c6b00000, 0x00000000c6b00000| Untracked 
|  60|0x00000000c6c00000, 0x00000000c6c00000, 0x00000000c6d00000|  0%| F|  |TAMS 0x00000000c6c00000, 0x00000000c6c00000| Untracked 
|  61|0x00000000c6d00000, 0x00000000c6d00000, 0x00000000c6e00000|  0%| F|  |TAMS 0x00000000c6d00000, 0x00000000c6d00000| Untracked 
|  62|0x00000000c6e00000, 0x00000000c6e4f320, 0x00000000c6f00000| 30%| S|CS|TAMS 0x00000000c6e00000, 0x00000000c6e00000| Complete 
|  63|0x00000000c6f00000, 0x00000000c6f00000, 0x00000000c7000000|  0%| F|  |TAMS 0x00000000c6f00000, 0x00000000c6f00000| Untracked 
|  64|0x00000000c7000000, 0x00000000c7000000, 0x00000000c7100000|  0%| F|  |TAMS 0x00000000c7000000, 0x00000000c7000000| Untracked 
|  65|0x00000000c7100000, 0x00000000c7100000, 0x00000000c7200000|  0%| F|  |TAMS 0x00000000c7100000, 0x00000000c7100000| Untracked 
|  66|0x00000000c7200000, 0x00000000c7200000, 0x00000000c7300000|  0%| F|  |TAMS 0x00000000c7200000, 0x00000000c7200000| Untracked 
|  67|0x00000000c7300000, 0x00000000c7300000, 0x00000000c7400000|  0%| F|  |TAMS 0x00000000c7300000, 0x00000000c7300000| Untracked 
|  68|0x00000000c7400000, 0x00000000c7400000, 0x00000000c7500000|  0%| F|  |TAMS 0x00000000c7400000, 0x00000000c7400000| Untracked 
|  69|0x00000000c7500000, 0x00000000c7500000, 0x00000000c7600000|  0%| F|  |TAMS 0x00000000c7500000, 0x00000000c7500000| Untracked 
|  70|0x00000000c7600000, 0x00000000c7600000, 0x00000000c7700000|  0%| F|  |TAMS 0x00000000c7600000, 0x00000000c7600000| Untracked 
|  71|0x00000000c7700000, 0x00000000c7700000, 0x00000000c7800000|  0%| F|  |TAMS 0x00000000c7700000, 0x00000000c7700000| Untracked 
|  72|0x00000000c7800000, 0x00000000c7800000, 0x00000000c7900000|  0%| F|  |TAMS 0x00000000c7800000, 0x00000000c7800000| Untracked 
|  73|0x00000000c7900000, 0x00000000c7900000, 0x00000000c7a00000|  0%| F|  |TAMS 0x00000000c7900000, 0x00000000c7900000| Untracked 
|  74|0x00000000c7a00000, 0x00000000c7a00000, 0x00000000c7b00000|  0%| F|  |TAMS 0x00000000c7a00000, 0x00000000c7a00000| Untracked 
|  75|0x00000000c7b00000, 0x00000000c7b00000, 0x00000000c7c00000|  0%| F|  |TAMS 0x00000000c7b00000, 0x00000000c7b00000| Untracked 
|  76|0x00000000c7c00000, 0x00000000c7c00000, 0x00000000c7d00000|  0%| F|  |TAMS 0x00000000c7c00000, 0x00000000c7c00000| Untracked 
|  77|0x00000000c7d00000, 0x00000000c7d00000, 0x00000000c7e00000|  0%| F|  |TAMS 0x00000000c7d00000, 0x00000000c7d00000| Untracked 
|  78|0x00000000c7e00000, 0x00000000c7e00000, 0x00000000c7f00000|  0%| F|  |TAMS 0x00000000c7e00000, 0x00000000c7e00000| Untracked 
|  79|0x00000000c7f00000, 0x00000000c7f00000, 0x00000000c8000000|  0%| F|  |TAMS 0x00000000c7f00000, 0x00000000c7f00000| Untracked 
|  80|0x00000000c8000000, 0x00000000c8000000, 0x00000000c8100000|  0%| F|  |TAMS 0x00000000c8000000, 0x00000000c8000000| Untracked 
|  81|0x00000000c8100000, 0x00000000c8100000, 0x00000000c8200000|  0%| F|  |TAMS 0x00000000c8100000, 0x00000000c8100000| Untracked 
|  82|0x00000000c8200000, 0x00000000c8200000, 0x00000000c8300000|  0%| F|  |TAMS 0x00000000c8200000, 0x00000000c8200000| Untracked 
|  83|0x00000000c8300000, 0x00000000c8300000, 0x00000000c8400000|  0%| F|  |TAMS 0x00000000c8300000, 0x00000000c8300000| Untracked 
|  84|0x00000000c8400000, 0x00000000c8400000, 0x00000000c8500000|  0%| F|  |TAMS 0x00000000c8400000, 0x00000000c8400000| Untracked 
|  85|0x00000000c8500000, 0x00000000c8500000, 0x00000000c8600000|  0%| F|  |TAMS 0x00000000c8500000, 0x00000000c8500000| Untracked 
|  86|0x00000000c8600000, 0x00000000c8600000, 0x00000000c8700000|  0%| F|  |TAMS 0x00000000c8600000, 0x00000000c8600000| Untracked 
|  87|0x00000000c8700000, 0x00000000c8700000, 0x00000000c8800000|  0%| F|  |TAMS 0x00000000c8700000, 0x00000000c8700000| Untracked 
|  88|0x00000000c8800000, 0x00000000c8800000, 0x00000000c8900000|  0%| F|  |TAMS 0x00000000c8800000, 0x00000000c8800000| Untracked 
|  89|0x00000000c8900000, 0x00000000c8900000, 0x00000000c8a00000|  0%| F|  |TAMS 0x00000000c8900000, 0x00000000c8900000| Untracked 
|  90|0x00000000c8a00000, 0x00000000c8a00000, 0x00000000c8b00000|  0%| F|  |TAMS 0x00000000c8a00000, 0x00000000c8a00000| Untracked 
|  91|0x00000000c8b00000, 0x00000000c8b00000, 0x00000000c8c00000|  0%| F|  |TAMS 0x00000000c8b00000, 0x00000000c8b00000| Untracked 
|  92|0x00000000c8c00000, 0x00000000c8c00000, 0x00000000c8d00000|  0%| F|  |TAMS 0x00000000c8c00000, 0x00000000c8c00000| Untracked 
|  93|0x00000000c8d00000, 0x00000000c8d00000, 0x00000000c8e00000|  0%| F|  |TAMS 0x00000000c8d00000, 0x00000000c8d00000| Untracked 
|  94|0x00000000c8e00000, 0x00000000c8e00000, 0x00000000c8f00000|  0%| F|  |TAMS 0x00000000c8e00000, 0x00000000c8e00000| Untracked 
|  95|0x00000000c8f00000, 0x00000000c8f00000, 0x00000000c9000000|  0%| F|  |TAMS 0x00000000c8f00000, 0x00000000c8f00000| Untracked 
|  96|0x00000000c9000000, 0x00000000c9000000, 0x00000000c9100000|  0%| F|  |TAMS 0x00000000c9000000, 0x00000000c9000000| Untracked 
|  97|0x00000000c9100000, 0x00000000c9100000, 0x00000000c9200000|  0%| F|  |TAMS 0x00000000c9100000, 0x00000000c9100000| Untracked 
|  98|0x00000000c9200000, 0x00000000c9200000, 0x00000000c9300000|  0%| F|  |TAMS 0x00000000c9200000, 0x00000000c9200000| Untracked 
|  99|0x00000000c9300000, 0x00000000c9300000, 0x00000000c9400000|  0%| F|  |TAMS 0x00000000c9300000, 0x00000000c9300000| Untracked 
| 100|0x00000000c9400000, 0x00000000c9400000, 0x00000000c9500000|  0%| F|  |TAMS 0x00000000c9400000, 0x00000000c9400000| Untracked 
| 101|0x00000000c9500000, 0x00000000c9500000, 0x00000000c9600000|  0%| F|  |TAMS 0x00000000c9500000, 0x00000000c9500000| Untracked 
| 102|0x00000000c9600000, 0x00000000c9600000, 0x00000000c9700000|  0%| F|  |TAMS 0x00000000c9600000, 0x00000000c9600000| Untracked 
| 103|0x00000000c9700000, 0x00000000c9700000, 0x00000000c9800000|  0%| F|  |TAMS 0x00000000c9700000, 0x00000000c9700000| Untracked 
| 104|0x00000000c9800000, 0x00000000c9900000, 0x00000000c9900000|100%| E|  |TAMS 0x00000000c9800000, 0x00000000c9800000| Complete 
| 105|0x00000000c9900000, 0x00000000c9a00000, 0x00000000c9a00000|100%| E|CS|TAMS 0x00000000c9900000, 0x00000000c9900000| Complete 
| 106|0x00000000c9a00000, 0x00000000c9b00000, 0x00000000c9b00000|100%| E|CS|TAMS 0x00000000c9a00000, 0x00000000c9a00000| Complete 
| 107|0x00000000c9b00000, 0x00000000c9c00000, 0x00000000c9c00000|100%| E|CS|TAMS 0x00000000c9b00000, 0x00000000c9b00000| Complete 
| 108|0x00000000c9c00000, 0x00000000c9d00000, 0x00000000c9d00000|100%| E|CS|TAMS 0x00000000c9c00000, 0x00000000c9c00000| Complete 
| 109|0x00000000c9d00000, 0x00000000c9e00000, 0x00000000c9e00000|100%| E|CS|TAMS 0x00000000c9d00000, 0x00000000c9d00000| Complete 
| 110|0x00000000c9e00000, 0x00000000c9f00000, 0x00000000c9f00000|100%| E|CS|TAMS 0x00000000c9e00000, 0x00000000c9e00000| Complete 
| 111|0x00000000c9f00000, 0x00000000ca000000, 0x00000000ca000000|100%| E|CS|TAMS 0x00000000c9f00000, 0x00000000c9f00000| Complete 
| 112|0x00000000ca000000, 0x00000000ca100000, 0x00000000ca100000|100%| E|CS|TAMS 0x00000000ca000000, 0x00000000ca000000| Complete 
| 113|0x00000000ca100000, 0x00000000ca200000, 0x00000000ca200000|100%| E|CS|TAMS 0x00000000ca100000, 0x00000000ca100000| Complete 
| 114|0x00000000ca200000, 0x00000000ca300000, 0x00000000ca300000|100%| E|CS|TAMS 0x00000000ca200000, 0x00000000ca200000| Complete 
| 115|0x00000000ca300000, 0x00000000ca400000, 0x00000000ca400000|100%| E|CS|TAMS 0x00000000ca300000, 0x00000000ca300000| Complete 
| 116|0x00000000ca400000, 0x00000000ca500000, 0x00000000ca500000|100%| E|CS|TAMS 0x00000000ca400000, 0x00000000ca400000| Complete 
| 117|0x00000000ca500000, 0x00000000ca600000, 0x00000000ca600000|100%| E|CS|TAMS 0x00000000ca500000, 0x00000000ca500000| Complete 
| 118|0x00000000ca600000, 0x00000000ca700000, 0x00000000ca700000|100%| E|CS|TAMS 0x00000000ca600000, 0x00000000ca600000| Complete 
| 119|0x00000000ca700000, 0x00000000ca800000, 0x00000000ca800000|100%| E|CS|TAMS 0x00000000ca700000, 0x00000000ca700000| Complete 
| 120|0x00000000ca800000, 0x00000000ca900000, 0x00000000ca900000|100%| E|CS|TAMS 0x00000000ca800000, 0x00000000ca800000| Complete 
| 121|0x00000000ca900000, 0x00000000caa00000, 0x00000000caa00000|100%| E|CS|TAMS 0x00000000ca900000, 0x00000000ca900000| Complete 
| 122|0x00000000caa00000, 0x00000000cab00000, 0x00000000cab00000|100%| E|CS|TAMS 0x00000000caa00000, 0x00000000caa00000| Complete 
| 123|0x00000000cab00000, 0x00000000cac00000, 0x00000000cac00000|100%| E|CS|TAMS 0x00000000cab00000, 0x00000000cab00000| Complete 
| 124|0x00000000cac00000, 0x00000000cad00000, 0x00000000cad00000|100%| E|CS|TAMS 0x00000000cac00000, 0x00000000cac00000| Complete 
| 125|0x00000000cad00000, 0x00000000cae00000, 0x00000000cae00000|100%| E|CS|TAMS 0x00000000cad00000, 0x00000000cad00000| Complete 
| 126|0x00000000cae00000, 0x00000000caf00000, 0x00000000caf00000|100%| E|CS|TAMS 0x00000000cae00000, 0x00000000cae00000| Complete 
| 127|0x00000000caf00000, 0x00000000cb000000, 0x00000000cb000000|100%| E|CS|TAMS 0x00000000caf00000, 0x00000000caf00000| Complete 
| 128|0x00000000cb000000, 0x00000000cb100000, 0x00000000cb100000|100%| E|CS|TAMS 0x00000000cb000000, 0x00000000cb000000| Complete 
| 129|0x00000000cb100000, 0x00000000cb200000, 0x00000000cb200000|100%| E|CS|TAMS 0x00000000cb100000, 0x00000000cb100000| Complete 
| 130|0x00000000cb200000, 0x00000000cb300000, 0x00000000cb300000|100%| E|CS|TAMS 0x00000000cb200000, 0x00000000cb200000| Complete 
| 131|0x00000000cb300000, 0x00000000cb400000, 0x00000000cb400000|100%| E|CS|TAMS 0x00000000cb300000, 0x00000000cb300000| Complete 
| 132|0x00000000cb400000, 0x00000000cb500000, 0x00000000cb500000|100%| E|CS|TAMS 0x00000000cb400000, 0x00000000cb400000| Complete 
| 133|0x00000000cb500000, 0x00000000cb600000, 0x00000000cb600000|100%| E|CS|TAMS 0x00000000cb500000, 0x00000000cb500000| Complete 
| 134|0x00000000cb600000, 0x00000000cb700000, 0x00000000cb700000|100%| E|CS|TAMS 0x00000000cb600000, 0x00000000cb600000| Complete 
| 135|0x00000000cb700000, 0x00000000cb800000, 0x00000000cb800000|100%| E|CS|TAMS 0x00000000cb700000, 0x00000000cb700000| Complete 
| 136|0x00000000cb800000, 0x00000000cb900000, 0x00000000cb900000|100%| E|CS|TAMS 0x00000000cb800000, 0x00000000cb800000| Complete 
| 137|0x00000000cb900000, 0x00000000cba00000, 0x00000000cba00000|100%| E|CS|TAMS 0x00000000cb900000, 0x00000000cb900000| Complete 
| 138|0x00000000cba00000, 0x00000000cbb00000, 0x00000000cbb00000|100%| E|CS|TAMS 0x00000000cba00000, 0x00000000cba00000| Complete 
| 139|0x00000000cbb00000, 0x00000000cbc00000, 0x00000000cbc00000|100%| E|CS|TAMS 0x00000000cbb00000, 0x00000000cbb00000| Complete 
| 140|0x00000000cbc00000, 0x00000000cbd00000, 0x00000000cbd00000|100%| E|CS|TAMS 0x00000000cbc00000, 0x00000000cbc00000| Complete 
| 141|0x00000000cbd00000, 0x00000000cbe00000, 0x00000000cbe00000|100%| E|CS|TAMS 0x00000000cbd00000, 0x00000000cbd00000| Complete 
| 142|0x00000000cbe00000, 0x00000000cbf00000, 0x00000000cbf00000|100%| E|CS|TAMS 0x00000000cbe00000, 0x00000000cbe00000| Complete 
| 143|0x00000000cbf00000, 0x00000000cc000000, 0x00000000cc000000|100%| E|CS|TAMS 0x00000000cbf00000, 0x00000000cbf00000| Complete 
| 144|0x00000000cc000000, 0x00000000cc100000, 0x00000000cc100000|100%| E|CS|TAMS 0x00000000cc000000, 0x00000000cc000000| Complete 
| 145|0x00000000cc100000, 0x00000000cc200000, 0x00000000cc200000|100%| E|CS|TAMS 0x00000000cc100000, 0x00000000cc100000| Complete 
| 146|0x00000000cc200000, 0x00000000cc300000, 0x00000000cc300000|100%| E|CS|TAMS 0x00000000cc200000, 0x00000000cc200000| Complete 
| 147|0x00000000cc300000, 0x00000000cc400000, 0x00000000cc400000|100%| E|CS|TAMS 0x00000000cc300000, 0x00000000cc300000| Complete 
| 148|0x00000000cc400000, 0x00000000cc500000, 0x00000000cc500000|100%| E|CS|TAMS 0x00000000cc400000, 0x00000000cc400000| Complete 
| 149|0x00000000cc500000, 0x00000000cc600000, 0x00000000cc600000|100%| E|CS|TAMS 0x00000000cc500000, 0x00000000cc500000| Complete 
| 150|0x00000000cc600000, 0x00000000cc700000, 0x00000000cc700000|100%| E|CS|TAMS 0x00000000cc600000, 0x00000000cc600000| Complete 
| 151|0x00000000cc700000, 0x00000000cc800000, 0x00000000cc800000|100%| E|CS|TAMS 0x00000000cc700000, 0x00000000cc700000| Complete 
| 152|0x00000000cc800000, 0x00000000cc900000, 0x00000000cc900000|100%| E|CS|TAMS 0x00000000cc800000, 0x00000000cc800000| Complete 
| 153|0x00000000cc900000, 0x00000000cca00000, 0x00000000cca00000|100%| E|CS|TAMS 0x00000000cc900000, 0x00000000cc900000| Complete 
| 154|0x00000000cca00000, 0x00000000ccb00000, 0x00000000ccb00000|100%| E|CS|TAMS 0x00000000cca00000, 0x00000000cca00000| Complete 
| 155|0x00000000ccb00000, 0x00000000ccc00000, 0x00000000ccc00000|100%| E|CS|TAMS 0x00000000ccb00000, 0x00000000ccb00000| Complete 
| 156|0x00000000ccc00000, 0x00000000ccd00000, 0x00000000ccd00000|100%| E|CS|TAMS 0x00000000ccc00000, 0x00000000ccc00000| Complete 
| 157|0x00000000ccd00000, 0x00000000cce00000, 0x00000000cce00000|100%| E|CS|TAMS 0x00000000ccd00000, 0x00000000ccd00000| Complete 
| 158|0x00000000cce00000, 0x00000000ccf00000, 0x00000000ccf00000|100%| E|CS|TAMS 0x00000000cce00000, 0x00000000cce00000| Complete 
| 159|0x00000000ccf00000, 0x00000000cd000000, 0x00000000cd000000|100%| E|CS|TAMS 0x00000000ccf00000, 0x00000000ccf00000| Complete 
| 160|0x00000000cd000000, 0x00000000cd100000, 0x00000000cd100000|100%| E|CS|TAMS 0x00000000cd000000, 0x00000000cd000000| Complete 
| 161|0x00000000cd100000, 0x00000000cd200000, 0x00000000cd200000|100%| E|CS|TAMS 0x00000000cd100000, 0x00000000cd100000| Complete 
| 162|0x00000000cd200000, 0x00000000cd300000, 0x00000000cd300000|100%| E|CS|TAMS 0x00000000cd200000, 0x00000000cd200000| Complete 
| 163|0x00000000cd300000, 0x00000000cd400000, 0x00000000cd400000|100%| E|CS|TAMS 0x00000000cd300000, 0x00000000cd300000| Complete 
| 164|0x00000000cd400000, 0x00000000cd500000, 0x00000000cd500000|100%| E|CS|TAMS 0x00000000cd400000, 0x00000000cd400000| Complete 
| 165|0x00000000cd500000, 0x00000000cd600000, 0x00000000cd600000|100%| E|CS|TAMS 0x00000000cd500000, 0x00000000cd500000| Complete 
| 166|0x00000000cd600000, 0x00000000cd700000, 0x00000000cd700000|100%| E|CS|TAMS 0x00000000cd600000, 0x00000000cd600000| Complete 
| 167|0x00000000cd700000, 0x00000000cd800000, 0x00000000cd800000|100%| E|CS|TAMS 0x00000000cd700000, 0x00000000cd700000| Complete 
| 168|0x00000000cd800000, 0x00000000cd900000, 0x00000000cd900000|100%| E|CS|TAMS 0x00000000cd800000, 0x00000000cd800000| Complete 
| 169|0x00000000cd900000, 0x00000000cda00000, 0x00000000cda00000|100%| E|CS|TAMS 0x00000000cd900000, 0x00000000cd900000| Complete 
| 170|0x00000000cda00000, 0x00000000cdb00000, 0x00000000cdb00000|100%| E|CS|TAMS 0x00000000cda00000, 0x00000000cda00000| Complete 
| 171|0x00000000cdb00000, 0x00000000cdc00000, 0x00000000cdc00000|100%| E|CS|TAMS 0x00000000cdb00000, 0x00000000cdb00000| Complete 
| 172|0x00000000cdc00000, 0x00000000cdd00000, 0x00000000cdd00000|100%| E|CS|TAMS 0x00000000cdc00000, 0x00000000cdc00000| Complete 
| 173|0x00000000cdd00000, 0x00000000cde00000, 0x00000000cde00000|100%| E|CS|TAMS 0x00000000cdd00000, 0x00000000cdd00000| Complete 
| 174|0x00000000cde00000, 0x00000000cdf00000, 0x00000000cdf00000|100%| E|CS|TAMS 0x00000000cde00000, 0x00000000cde00000| Complete 
| 175|0x00000000cdf00000, 0x00000000ce000000, 0x00000000ce000000|100%| E|CS|TAMS 0x00000000cdf00000, 0x00000000cdf00000| Complete 
| 176|0x00000000ce000000, 0x00000000ce100000, 0x00000000ce100000|100%| E|CS|TAMS 0x00000000ce000000, 0x00000000ce000000| Complete 
| 177|0x00000000ce100000, 0x00000000ce200000, 0x00000000ce200000|100%| E|CS|TAMS 0x00000000ce100000, 0x00000000ce100000| Complete 
| 178|0x00000000ce200000, 0x00000000ce300000, 0x00000000ce300000|100%| E|CS|TAMS 0x00000000ce200000, 0x00000000ce200000| Complete 
| 179|0x00000000ce300000, 0x00000000ce400000, 0x00000000ce400000|100%| E|CS|TAMS 0x00000000ce300000, 0x00000000ce300000| Complete 
| 180|0x00000000ce400000, 0x00000000ce500000, 0x00000000ce500000|100%| E|CS|TAMS 0x00000000ce400000, 0x00000000ce400000| Complete 

Card table byte_map: [0x0000026b96080000,0x0000026b96270000] _byte_map_base: 0x0000026b95a68000

Marking Bits (Prev, Next): (CMBitMap*) 0x0000026b839e4ae0, (CMBitMap*) 0x0000026b839e4aa0
 Prev Bits: [0x0000026b973a0000, 0x0000026b982e0000)
 Next Bits: [0x0000026b96460000, 0x0000026b973a0000)

Polling page: 0x0000026b83170000

Metaspace:

Usage:
  Non-class:     49.33 MB used.
      Class:      6.35 MB used.
       Both:     55.68 MB used.

Virtual space:
  Non-class space:       64.00 MB reserved,      49.44 MB ( 77%) committed,  1 nodes.
      Class space:        1.00 GB reserved,       6.44 MB ( <1%) committed,  1 nodes.
             Both:        1.06 GB reserved,      55.88 MB (  5%) committed. 

Chunk freelists:
   Non-Class:  14.45 MB
       Class:  9.52 MB
        Both:  23.97 MB

MaxMetaspaceSize: unlimited
CompressedClassSpaceSize: 1.00 GB
Initial GC threshold: 21.00 MB
Current GC threshold: 86.56 MB
CDS: off
MetaspaceReclaimPolicy: balanced
 - commit_granule_bytes: 65536.
 - commit_granule_words: 8192.
 - virtual_space_node_default_size: 8388608.
 - enlarge_chunks_in_place: 1.
 - new_chunks_are_fully_committed: 0.
 - uncommit_free_chunks: 1.
 - use_allocation_guard: 0.
 - handle_deallocations: 1.


Internal statistics:

num_allocs_failed_limit: 6.
num_arena_births: 212.
num_arena_deaths: 0.
num_vsnodes_births: 2.
num_vsnodes_deaths: 0.
num_space_committed: 892.
num_space_uncommitted: 0.
num_chunks_returned_to_freelist: 6.
num_chunks_taken_from_freelist: 1950.
num_chunk_merges: 0.
num_chunk_splits: 1599.
num_chunks_enlarged: 1429.
num_inconsistent_stats: 0.

CodeHeap 'non-profiled nmethods': size=120000Kb used=3115Kb max_used=3115Kb free=116884Kb
 bounds [0x0000026b8e960000, 0x0000026b8ec70000, 0x0000026b95e90000]
CodeHeap 'profiled nmethods': size=120000Kb used=18660Kb max_used=18660Kb free=101340Kb
 bounds [0x0000026b86e90000, 0x0000026b880d0000, 0x0000026b8e3c0000]
CodeHeap 'non-nmethods': size=5760Kb used=1289Kb max_used=1360Kb free=4470Kb
 bounds [0x0000026b8e3c0000, 0x0000026b8e630000, 0x0000026b8e960000]
 total_blobs=7728 nmethods=7129 adapters=510
 compilation: enabled
              stopped_count=0, restarted_count=0
 full_count=0

Compilation events (20 events):
Event: 15.150 Thread 0x0000026b9a7e7340 nmethod 8068 0x0000026b88076210 code [0x0000026b880763c0, 0x0000026b880766d8]
Event: 15.150 Thread 0x0000026b9a7e7340 8069       3       org.jetbrains.kotlin.metadata.jvm.JvmProtoBuf$JvmPropertySignature::<init> (24 bytes)
Event: 15.150 Thread 0x0000026b9a7e7340 nmethod 8069 0x0000026b88076890 code [0x0000026b88076a40, 0x0000026b88076cf8]
Event: 15.150 Thread 0x0000026b9a7e7340 8070       3       org.jetbrains.kotlin.metadata.jvm.JvmProtoBuf$JvmPropertySignature::access$3402 (7 bytes)
Event: 15.150 Thread 0x0000026b9a7e7340 nmethod 8070 0x0000026b88076e10 code [0x0000026b88076fa0, 0x0000026b880770d8]
Event: 15.150 Thread 0x0000026b9a7e7340 8071       3       org.jetbrains.kotlin.metadata.jvm.JvmProtoBuf$JvmPropertySignature::access$3602 (7 bytes)
Event: 15.150 Thread 0x0000026b9a7e7340 nmethod 8071 0x0000026b88077190 code [0x0000026b88077320, 0x0000026b88077458]
Event: 15.150 Thread 0x0000026b9a7e7340 8072       3       org.jetbrains.kotlin.metadata.jvm.JvmProtoBuf$JvmPropertySignature::access$3702 (7 bytes)
Event: 15.150 Thread 0x0000026b9a7e7340 nmethod 8072 0x0000026b88077510 code [0x0000026b880776a0, 0x0000026b880777d8]
Event: 15.150 Thread 0x0000026b9a7e7340 8073       3       org.jetbrains.kotlin.metadata.jvm.JvmProtoBuf$JvmPropertySignature::access$3802 (7 bytes)
Event: 15.151 Thread 0x0000026b9a7e7340 nmethod 8073 0x0000026b88077890 code [0x0000026b88077a20, 0x0000026b88077b58]
Event: 15.151 Thread 0x0000026b9a7e7340 8074       3       org.jetbrains.kotlin.metadata.jvm.JvmProtoBuf$JvmPropertySignature::access$3902 (7 bytes)
Event: 15.151 Thread 0x0000026b9a7e7340 nmethod 8074 0x0000026b88077c10 code [0x0000026b88077da0, 0x0000026b88077e98]
Event: 15.151 Thread 0x0000026b9a7e7340 8075       3       org.jetbrains.kotlin.metadata.jvm.JvmProtoBuf$JvmPropertySignature$Builder::<init> (44 bytes)
Event: 15.151 Thread 0x0000026b9a7e7340 nmethod 8075 0x0000026b88077f90 code [0x0000026b880781a0, 0x0000026b88078878]
Event: 15.162 Thread 0x0000026b9a7e7340 8076       2       org.jetbrains.kotlin.serialization.deserialization.descriptors.DeserializedMemberScope::getContributedClassifier (63 bytes)
Event: 15.163 Thread 0x0000026b9a7e7340 nmethod 8076 0x0000026b88078a90 code [0x0000026b88078d60, 0x0000026b880795f8]
Event: 15.163 Thread 0x0000026b9a7e7340 8077       2       org.jetbrains.kotlin.serialization.deserialization.descriptors.DeserializedPackageMemberScope::hasClass (116 bytes)
Event: 15.165 Thread 0x0000026b9a7e7340 nmethod 8077 0x0000026b88079b90 code [0x0000026b88079ec0, 0x0000026b8807a948]
Event: 15.278 Thread 0x0000026b9a7e7340 8078 %     3       org.jetbrains.kotlin.metadata.jvm.deserialization.JvmNameResolverKt::toExpandedRecordsList @ 68 (106 bytes)

GC Heap History (20 events):
Event: 8.153 GC heap before
{Heap before GC invocations=12 (full 0):
 garbage-first heap   total 49152K, used 36251K [0x00000000c3000000, 0x0000000100000000)
  region size 1024K, 16 young (16384K), 2 survivors (2048K)
 Metaspace       used 46068K, committed 46272K, reserved 1114112K
  class space    used 5609K, committed 5696K, reserved 1048576K
}
Event: 8.159 GC heap after
{Heap after GC invocations=13 (full 0):
 garbage-first heap   total 49152K, used 23401K [0x00000000c3000000, 0x0000000100000000)
  region size 1024K, 2 young (2048K), 2 survivors (2048K)
 Metaspace       used 46068K, committed 46272K, reserved 1114112K
  class space    used 5609K, committed 5696K, reserved 1048576K
}
Event: 8.395 GC heap before
{Heap before GC invocations=13 (full 0):
 garbage-first heap   total 49152K, used 28521K [0x00000000c3000000, 0x0000000100000000)
  region size 1024K, 8 young (8192K), 2 survivors (2048K)
 Metaspace       used 47133K, committed 47360K, reserved 1114112K
  class space    used 5731K, committed 5824K, reserved 1048576K
}
Event: 8.400 GC heap after
{Heap after GC invocations=14 (full 0):
 garbage-first heap   total 49152K, used 24171K [0x00000000c3000000, 0x0000000100000000)
  region size 1024K, 1 young (1024K), 1 survivors (1024K)
 Metaspace       used 47133K, committed 47360K, reserved 1114112K
  class space    used 5731K, committed 5824K, reserved 1048576K
}
Event: 8.706 GC heap before
{Heap before GC invocations=15 (full 0):
 garbage-first heap   total 49152K, used 39531K [0x00000000c3000000, 0x0000000100000000)
  region size 1024K, 14 young (14336K), 1 survivors (1024K)
 Metaspace       used 49008K, committed 49216K, reserved 1114112K
  class space    used 5973K, committed 6080K, reserved 1048576K
}
Event: 8.712 GC heap after
{Heap after GC invocations=16 (full 0):
 garbage-first heap   total 49152K, used 29057K [0x00000000c3000000, 0x0000000100000000)
  region size 1024K, 2 young (2048K), 2 survivors (2048K)
 Metaspace       used 49008K, committed 49216K, reserved 1114112K
  class space    used 5973K, committed 6080K, reserved 1048576K
}
Event: 8.731 GC heap before
{Heap before GC invocations=16 (full 0):
 garbage-first heap   total 49152K, used 29057K [0x00000000c3000000, 0x0000000100000000)
  region size 1024K, 3 young (3072K), 2 survivors (2048K)
 Metaspace       used 49218K, committed 49408K, reserved 1114112K
  class space    used 5990K, committed 6080K, reserved 1048576K
}
Event: 8.738 GC heap after
{Heap after GC invocations=17 (full 0):
 garbage-first heap   total 59392K, used 28894K [0x00000000c3000000, 0x0000000100000000)
  region size 1024K, 1 young (1024K), 1 survivors (1024K)
 Metaspace       used 49218K, committed 49408K, reserved 1114112K
  class space    used 5990K, committed 6080K, reserved 1048576K
}
Event: 9.222 GC heap before
{Heap before GC invocations=17 (full 0):
 garbage-first heap   total 59392K, used 44254K [0x00000000c3000000, 0x0000000100000000)
  region size 1024K, 16 young (16384K), 1 survivors (1024K)
 Metaspace       used 51761K, committed 52032K, reserved 1114112K
  class space    used 6233K, committed 6336K, reserved 1048576K
}
Event: 9.230 GC heap after
{Heap after GC invocations=18 (full 0):
 garbage-first heap   total 59392K, used 31579K [0x00000000c3000000, 0x0000000100000000)
  region size 1024K, 2 young (2048K), 2 survivors (2048K)
 Metaspace       used 51761K, committed 52032K, reserved 1114112K
  class space    used 6233K, committed 6336K, reserved 1048576K
}
Event: 10.140 GC heap before
{Heap before GC invocations=19 (full 0):
 garbage-first heap   total 59392K, used 45915K [0x00000000c3000000, 0x0000000100000000)
  region size 1024K, 16 young (16384K), 2 survivors (2048K)
 Metaspace       used 52884K, committed 53184K, reserved 1114112K
  class space    used 6284K, committed 6400K, reserved 1048576K
}
Event: 10.155 GC heap after
{Heap after GC invocations=20 (full 0):
 garbage-first heap   total 59392K, used 35230K [0x00000000c3000000, 0x0000000100000000)
  region size 1024K, 2 young (2048K), 2 survivors (2048K)
 Metaspace       used 52884K, committed 53184K, reserved 1114112K
  class space    used 6284K, committed 6400K, reserved 1048576K
}
Event: 10.167 GC heap before
{Heap before GC invocations=20 (full 0):
 garbage-first heap   total 59392K, used 35230K [0x00000000c3000000, 0x0000000100000000)
  region size 1024K, 3 young (3072K), 2 survivors (2048K)
 Metaspace       used 52891K, committed 53184K, reserved 1114112K
  class space    used 6284K, committed 6400K, reserved 1048576K
}
Event: 10.177 GC heap after
{Heap after GC invocations=21 (full 0):
 garbage-first heap   total 59392K, used 34107K [0x00000000c3000000, 0x0000000100000000)
  region size 1024K, 1 young (1024K), 1 survivors (1024K)
 Metaspace       used 52891K, committed 53184K, reserved 1114112K
  class space    used 6284K, committed 6400K, reserved 1048576K
}
Event: 10.254 GC heap before
{Heap before GC invocations=21 (full 0):
 garbage-first heap   total 59392K, used 44347K [0x00000000c3000000, 0x0000000100000000)
  region size 1024K, 12 young (12288K), 1 survivors (1024K)
 Metaspace       used 52929K, committed 53184K, reserved 1114112K
  class space    used 6284K, committed 6400K, reserved 1048576K
}
Event: 10.263 GC heap after
{Heap after GC invocations=22 (full 0):
 garbage-first heap   total 59392K, used 37510K [0x00000000c3000000, 0x0000000100000000)
  region size 1024K, 2 young (2048K), 2 survivors (2048K)
 Metaspace       used 52929K, committed 53184K, reserved 1114112K
  class space    used 6284K, committed 6400K, reserved 1048576K
}
Event: 10.461 GC heap before
{Heap before GC invocations=23 (full 0):
 garbage-first heap   total 65536K, used 46726K [0x00000000c3000000, 0x0000000100000000)
  region size 1024K, 11 young (11264K), 2 survivors (2048K)
 Metaspace       used 52935K, committed 53184K, reserved 1114112K
  class space    used 6284K, committed 6400K, reserved 1048576K
}
Event: 10.470 GC heap after
{Heap after GC invocations=24 (full 0):
 garbage-first heap   total 65536K, used 39513K [0x00000000c3000000, 0x0000000100000000)
  region size 1024K, 2 young (2048K), 2 survivors (2048K)
 Metaspace       used 52935K, committed 53184K, reserved 1114112K
  class space    used 6284K, committed 6400K, reserved 1048576K
}
Event: 10.488 GC heap before
{Heap before GC invocations=24 (full 0):
 garbage-first heap   total 65536K, used 40537K [0x00000000c3000000, 0x0000000100000000)
  region size 1024K, 3 young (3072K), 2 survivors (2048K)
 Metaspace       used 52942K, committed 53248K, reserved 1114112K
  class space    used 6286K, committed 6400K, reserved 1048576K
}
Event: 10.497 GC heap after
{Heap after GC invocations=25 (full 0):
 garbage-first heap   total 185344K, used 38136K [0x00000000c3000000, 0x0000000100000000)
  region size 1024K, 1 young (1024K), 1 survivors (1024K)
 Metaspace       used 52942K, committed 53248K, reserved 1114112K
  class space    used 6286K, committed 6400K, reserved 1048576K
}

Dll operation events (2 events):
Event: 0.052 Loaded shared library C:\Program Files\Android\Android Studio\jbr\bin\java.dll
Event: 4.748 Loaded shared library C:\Program Files\Android\Android Studio\jbr\bin\verify.dll

Deoptimization events (20 events):
Event: 15.161 Thread 0x0000026b839a7ae0 DEOPT PACKING pc=0x0000026b8eb3df60 sp=0x0000009461ff8500
Event: 15.161 Thread 0x0000026b839a7ae0 DEOPT UNPACKING pc=0x0000026b8e4169a3 sp=0x0000009461ff8480 mode 2
Event: 15.166 Thread 0x0000026b839a7ae0 Uncommon trap: trap_request=0xffffff45 fr.pc=0x0000026b8eb3efa8 relative=0x0000000000000088
Event: 15.166 Thread 0x0000026b839a7ae0 Uncommon trap: reason=unstable_if action=reinterpret pc=0x0000026b8eb3efa8 method=org.jetbrains.kotlin.types.error.ErrorUtils.isError(Lorg/jetbrains/kotlin/descriptors/DeclarationDescriptor;)Z @ 26 c2
Event: 15.166 Thread 0x0000026b839a7ae0 DEOPT PACKING pc=0x0000026b8eb3efa8 sp=0x0000009461ff9810
Event: 15.166 Thread 0x0000026b839a7ae0 DEOPT UNPACKING pc=0x0000026b8e4169a3 sp=0x0000009461ff97a8 mode 2
Event: 15.171 Thread 0x0000026b839a7ae0 DEOPT PACKING pc=0x0000026b87cac0b0 sp=0x0000009461ff9840
Event: 15.171 Thread 0x0000026b839a7ae0 DEOPT UNPACKING pc=0x0000026b8e417143 sp=0x0000009461ff8dd8 mode 3
Event: 15.177 Thread 0x0000026b839a7ae0 Uncommon trap: trap_request=0xffffff76 fr.pc=0x0000026b8ec1182c relative=0x000000000000010c
Event: 15.177 Thread 0x0000026b839a7ae0 Uncommon trap: reason=predicate action=maybe_recompile pc=0x0000026b8ec1182c method=org.jetbrains.kotlin.resolve.calls.components.candidate.ResolutionCandidate.processPart(Lorg/jetbrains/kotlin/resolve/calls/model/ResolutionPart;ZI)Z @ 22 c2
Event: 15.177 Thread 0x0000026b839a7ae0 DEOPT PACKING pc=0x0000026b8ec1182c sp=0x0000009461ff9940
Event: 15.177 Thread 0x0000026b839a7ae0 DEOPT UNPACKING pc=0x0000026b8e4169a3 sp=0x0000009461ff98c0 mode 2
Event: 15.177 Thread 0x0000026b839a7ae0 Uncommon trap: trap_request=0xffffff45 fr.pc=0x0000026b8ec0dfb4 relative=0x0000000000000094
Event: 15.177 Thread 0x0000026b839a7ae0 Uncommon trap: reason=unstable_if action=reinterpret pc=0x0000026b8ec0dfb4 method=org.jetbrains.kotlin.types.KotlinTypeKt.isError(Lorg/jetbrains/kotlin/types/KotlinType;)Z @ 17 c2
Event: 15.177 Thread 0x0000026b839a7ae0 DEOPT PACKING pc=0x0000026b8ec0dfb4 sp=0x0000009461ff9750
Event: 15.177 Thread 0x0000026b839a7ae0 DEOPT UNPACKING pc=0x0000026b8e4169a3 sp=0x0000009461ff96d8 mode 2
Event: 15.227 Thread 0x0000026b839a7ae0 Uncommon trap: trap_request=0xfffffff4 fr.pc=0x0000026b8ec0c538 relative=0x0000000000000638
Event: 15.227 Thread 0x0000026b839a7ae0 Uncommon trap: reason=null_check action=make_not_entrant pc=0x0000026b8ec0c538 method=org.jetbrains.kotlin.types.ClassifierBasedTypeConstructor.equals(Ljava/lang/Object;)Z @ 8 c2
Event: 15.227 Thread 0x0000026b839a7ae0 DEOPT PACKING pc=0x0000026b8ec0c538 sp=0x0000009461ff87b0
Event: 15.227 Thread 0x0000026b839a7ae0 DEOPT UNPACKING pc=0x0000026b8e4169a3 sp=0x0000009461ff8760 mode 2

Classes unloaded (0 events):
No events

Classes redefined (0 events):
No events

Internal exceptions (20 events):
Event: 4.952 Thread 0x0000026b839a7ae0 Exception <a 'java/lang/NoSuchMethodError'{0x00000000c41b8bb0}: 'void java.lang.invoke.DirectMethodHandle$Holder.invokeVirtual(java.lang.Object, java.lang.Object)'> (0x00000000c41b8bb0) 
thrown [s\src\hotspot\share\interpreter\linkResolver.cpp, line 771]
Event: 4.964 Thread 0x0000026b839a7ae0 Exception <a 'java/lang/NoSuchMethodError'{0x00000000c4004728}: 'int java.lang.invoke.DirectMethodHandle$Holder.invokeVirtual(java.lang.Object, java.lang.Object)'> (0x00000000c4004728) 
thrown [s\src\hotspot\share\interpreter\linkResolver.cpp, line 771]
Event: 5.005 Thread 0x0000026b839a7ae0 Exception <a 'java/lang/NoSuchMethodError'{0x00000000c409c808}: 'java.lang.Object java.lang.invoke.Invokers$Holder.invokeExact_MT(java.lang.Object, java.lang.Object, java.lang.Object, java.lang.Object, java.lang.Object, java.lang.Object)'> (0x00000000c409c808) 
thrown [s\src\hotspot\share\interpreter\linkResolver.cpp, line 771]
Event: 5.846 Thread 0x0000026b839a7ae0 Implicit null exception at 0x0000026b8e979af2 to 0x0000026b8e97a10c
Event: 6.016 Thread 0x0000026b839a7ae0 Implicit null exception at 0x0000026b8e97a772 to 0x0000026b8e97adac
Event: 6.133 Thread 0x0000026b839a7ae0 Exception <a 'java/lang/NoSuchMethodError'{0x00000000c526de78}: 'java.lang.Object java.lang.invoke.DirectMethodHandle$Holder.invokeVirtual(java.lang.Object, java.lang.Object, java.lang.Object)'> (0x00000000c526de78) 
thrown [s\src\hotspot\share\interpreter\linkResolver.cpp, line 771]
Event: 7.721 Thread 0x0000026b839a7ae0 Exception <a 'java/lang/NoSuchMethodError'{0x00000000c6db0510}: 'java.lang.Object java.lang.invoke.DirectMethodHandle$Holder.newInvokeSpecial(java.lang.Object, java.lang.Object, int)'> (0x00000000c6db0510) 
thrown [s\src\hotspot\share\interpreter\linkResolver.cpp, line 771]
Event: 7.899 Thread 0x0000026b839a7ae0 Exception <a 'java/lang/NoSuchMethodError'{0x00000000c5a24f88}: 'java.lang.Object java.lang.invoke.DirectMethodHandle$Holder.newInvokeSpecial(java.lang.Object, java.lang.Object, java.lang.Object, int)'> (0x00000000c5a24f88) 
thrown [s\src\hotspot\share\interpreter\linkResolver.cpp, line 771]
Event: 7.899 Thread 0x0000026b839a7ae0 Exception <a 'java/lang/NoSuchMethodError'{0x00000000c5a29610}: 'java.lang.Object java.lang.invoke.DirectMethodHandle$Holder.invokeSpecial(java.lang.Object, java.lang.Object, java.lang.Object, java.lang.Object, int)'> (0x00000000c5a29610) 
thrown [s\src\hotspot\share\interpreter\linkResolver.cpp, line 771]
Event: 7.900 Thread 0x0000026b839a7ae0 Exception <a 'java/lang/NoSuchMethodError'{0x00000000c5a2d480}: 'java.lang.Object java.lang.invoke.Invokers$Holder.linkToTargetMethod(java.lang.Object, java.lang.Object, int, java.lang.Object)'> (0x00000000c5a2d480) 
thrown [s\src\hotspot\share\interpreter\linkResolver.cpp, line 771]
Event: 8.921 Thread 0x0000026b839a7ae0 Exception <a 'java/lang/NoSuchMethodError'{0x00000000c63c39b0}: 'java.lang.Object java.lang.invoke.DirectMethodHandle$Holder.newInvokeSpecial(java.lang.Object, java.lang.Object, java.lang.Object, java.lang.Object, java.lang.Object, java.lang.Object)'> (0x00000000c63c39b0) 
thrown [s\src\hotspot\share\interpreter\linkResolver.cpp, line 771]
Event: 9.429 Thread 0x0000026b839a7ae0 Exception <a 'java/lang/NoSuchMethodError'{0x00000000c6651328}: 'java.lang.Object java.lang.invoke.DirectMethodHandle$Holder.invokeStaticInit(java.lang.Object, java.lang.Object, java.lang.Object)'> (0x00000000c6651328) 
thrown [s\src\hotspot\share\interpreter\linkResolver.cpp, line 771]
Event: 11.127 Thread 0x0000026b839a7ae0 Exception <a 'java/lang/NoSuchMethodError'{0x00000000cd3b36a8}: 'int java.lang.invoke.DirectMethodHandle$Holder.invokeStaticInit(java.lang.Object, int)'> (0x00000000cd3b36a8) 
thrown [s\src\hotspot\share\interpreter\linkResolver.cpp, line 771]
Event: 13.639 Thread 0x0000026b839a7ae0 Implicit null exception at 0x0000026b8eb79d85 to 0x0000026b8eb7a0fc
Event: 13.645 Thread 0x0000026b839a7ae0 Implicit null exception at 0x0000026b8ea15dc7 to 0x0000026b8ea17410
Event: 13.645 Thread 0x0000026b839a7ae0 Implicit null exception at 0x0000026b8ec3ea80 to 0x0000026b8ec3ee80
Event: 13.645 Thread 0x0000026b839a7ae0 Implicit null exception at 0x0000026b8ec11c80 to 0x0000026b8ec11fcc
Event: 13.649 Thread 0x0000026b839a7ae0 Implicit null exception at 0x0000026b8e9a638e to 0x0000026b8e9a660c
Event: 13.650 Thread 0x0000026b839a7ae0 Implicit null exception at 0x0000026b8e9b6f8f to 0x0000026b8e9b7009
Event: 15.227 Thread 0x0000026b839a7ae0 Implicit null exception at 0x0000026b8ec0bf40 to 0x0000026b8ec0c528

VM Operations (20 events):
Event: 13.707 Executing VM operation: ICBufferFull
Event: 13.707 Executing VM operation: ICBufferFull done
Event: 13.810 Executing VM operation: HandshakeAllThreads
Event: 13.810 Executing VM operation: HandshakeAllThreads done
Event: 14.343 Executing VM operation: ICBufferFull
Event: 14.343 Executing VM operation: ICBufferFull done
Event: 14.770 Executing VM operation: HandshakeAllThreads
Event: 14.770 Executing VM operation: HandshakeAllThreads done
Event: 14.773 Executing VM operation: HandshakeAllThreads
Event: 14.773 Executing VM operation: HandshakeAllThreads done
Event: 14.776 Executing VM operation: ICBufferFull
Event: 14.776 Executing VM operation: ICBufferFull done
Event: 14.809 Executing VM operation: HandshakeAllThreads
Event: 14.809 Executing VM operation: HandshakeAllThreads done
Event: 15.171 Executing VM operation: HandshakeAllThreads
Event: 15.171 Executing VM operation: HandshakeAllThreads done
Event: 15.175 Executing VM operation: HandshakeAllThreads
Event: 15.175 Executing VM operation: HandshakeAllThreads done
Event: 15.212 Executing VM operation: ICBufferFull
Event: 15.212 Executing VM operation: ICBufferFull done

Events (20 events):
Event: 13.214 Thread 0x0000026b9a7e8430 flushing nmethod 0x0000026b87b7ad90
Event: 13.214 Thread 0x0000026b9a7e8430 flushing nmethod 0x0000026b87b7b110
Event: 13.214 Thread 0x0000026b9a7e8430 flushing nmethod 0x0000026b87b80d10
Event: 13.214 Thread 0x0000026b9a7e8430 flushing nmethod 0x0000026b87b81d10
Event: 13.214 Thread 0x0000026b9a7e8430 flushing nmethod 0x0000026b87b89010
Event: 13.214 Thread 0x0000026b9a7e8430 flushing nmethod 0x0000026b87b89b10
Event: 13.214 Thread 0x0000026b9a7e8430 flushing nmethod 0x0000026b87b91d10
Event: 13.214 Thread 0x0000026b9a7e8430 flushing nmethod 0x0000026b87b9ab10
Event: 13.214 Thread 0x0000026b9a7e8430 flushing nmethod 0x0000026b87b9e010
Event: 13.214 Thread 0x0000026b9a7e8430 flushing nmethod 0x0000026b87badf10
Event: 13.214 Thread 0x0000026b9a7e8430 flushing nmethod 0x0000026b87bb8410
Event: 13.214 Thread 0x0000026b9a7e8430 flushing nmethod 0x0000026b87bc4110
Event: 13.214 Thread 0x0000026b9a7e8430 flushing nmethod 0x0000026b87c0c610
Event: 13.214 Thread 0x0000026b9a7e8430 flushing nmethod 0x0000026b87c10b10
Event: 13.214 Thread 0x0000026b9a7e8430 flushing nmethod 0x0000026b87c15410
Event: 13.214 Thread 0x0000026b9a7e8430 flushing nmethod 0x0000026b87c33110
Event: 13.214 Thread 0x0000026b9a7e8430 flushing nmethod 0x0000026b87c6bf10
Event: 13.214 Thread 0x0000026b9a7e8430 flushing nmethod 0x0000026b87c96b90
Event: 13.214 Thread 0x0000026b9a7e8430 flushing nmethod 0x0000026b87c9cf10
Event: 13.215 Thread 0x0000026b9a7e8430 flushing nmethod 0x0000026b87ded190


Dynamic libraries:
0x00007ff6aa1e0000 - 0x00007ff6aa1ea000 	C:\Program Files\Android\Android Studio\jbr\bin\java.exe
0x00007fffda240000 - 0x00007fffda449000 	C:\WINDOWS\SYSTEM32\ntdll.dll
0x00007fffd8b70000 - 0x00007fffd8c2d000 	C:\WINDOWS\System32\KERNEL32.DLL
0x00007fffd78e0000 - 0x00007fffd7c64000 	C:\WINDOWS\System32\KERNELBASE.dll
0x00007fffd7eb0000 - 0x00007fffd7fc1000 	C:\WINDOWS\System32\ucrtbase.dll
0x00007fffbd210000 - 0x00007fffbd22b000 	C:\Program Files\Android\Android Studio\jbr\bin\VCRUNTIME140.dll
0x00007fffbd7d0000 - 0x00007fffbd7e7000 	C:\Program Files\Android\Android Studio\jbr\bin\jli.dll
0x00007fffd9960000 - 0x00007fffd9b0d000 	C:\WINDOWS\System32\USER32.dll
0x00007fffd7e80000 - 0x00007fffd7ea6000 	C:\WINDOWS\System32\win32u.dll
0x00007fffd8c30000 - 0x00007fffd8c5a000 	C:\WINDOWS\System32\GDI32.dll
0x00007fffbca80000 - 0x00007fffbcd25000 	C:\WINDOWS\WinSxS\amd64_microsoft.windows.common-controls_6595b64144ccf1df_6.0.22000.120_none_9d947278b86cc467\COMCTL32.dll
0x00007fffd7750000 - 0x00007fffd786e000 	C:\WINDOWS\System32\gdi32full.dll
0x00007fffd7de0000 - 0x00007fffd7e7d000 	C:\WINDOWS\System32\msvcp_win.dll
0x00007fffd86b0000 - 0x00007fffd8753000 	C:\WINDOWS\System32\msvcrt.dll
0x00007fffd9d00000 - 0x00007fffd9d31000 	C:\WINDOWS\System32\IMM32.DLL
0x00007fffc4760000 - 0x00007fffc476c000 	C:\Program Files\Android\Android Studio\jbr\bin\vcruntime140_1.dll
0x00007fff8d310000 - 0x00007fff8d39d000 	C:\Program Files\Android\Android Studio\jbr\bin\msvcp140.dll
0x00007fff4fb50000 - 0x00007fff507d3000 	C:\Program Files\Android\Android Studio\jbr\bin\server\jvm.dll
0x00007fffd89d0000 - 0x00007fffd8a7e000 	C:\WINDOWS\System32\ADVAPI32.dll
0x00007fffd9ec0000 - 0x00007fffd9f5e000 	C:\WINDOWS\System32\sechost.dll
0x00007fffd9bd0000 - 0x00007fffd9cf1000 	C:\WINDOWS\System32\RPCRT4.dll
0x00007fffd75a0000 - 0x00007fffd75ed000 	C:\WINDOWS\SYSTEM32\POWRPROF.dll
0x00007fffb7170000 - 0x00007fffb7179000 	C:\WINDOWS\SYSTEM32\WSOCK32.dll
0x00007fffd8af0000 - 0x00007fffd8b5f000 	C:\WINDOWS\System32\WS2_32.dll
0x00007fffcfc20000 - 0x00007fffcfc2a000 	C:\WINDOWS\SYSTEM32\VERSION.dll
0x00007fffd1c20000 - 0x00007fffd1c53000 	C:\WINDOWS\SYSTEM32\WINMM.dll
0x00007fffd7580000 - 0x00007fffd7593000 	C:\WINDOWS\SYSTEM32\UMPDC.dll
0x00007fffd6740000 - 0x00007fffd6758000 	C:\WINDOWS\SYSTEM32\kernel.appcore.dll
0x00007fffd45d0000 - 0x00007fffd45da000 	C:\Program Files\Android\Android Studio\jbr\bin\jimage.dll
0x00007fffd51b0000 - 0x00007fffd53d1000 	C:\WINDOWS\SYSTEM32\DBGHELP.DLL
0x00007fffb70a0000 - 0x00007fffb70d1000 	C:\WINDOWS\SYSTEM32\dbgcore.DLL
0x00007fffd76d0000 - 0x00007fffd774f000 	C:\WINDOWS\System32\bcryptPrimitives.dll
0x00007fffd3440000 - 0x00007fffd3465000 	C:\Program Files\Android\Android Studio\jbr\bin\java.dll
0x00007fffbf9e0000 - 0x00007fffbf9f8000 	C:\Program Files\Android\Android Studio\jbr\bin\zip.dll
0x00007fffd8fe0000 - 0x00007fffd97a5000 	C:\WINDOWS\System32\SHELL32.dll
0x00007fffd57a0000 - 0x00007fffd6002000 	C:\WINDOWS\SYSTEM32\windows.storage.dll
0x00007fffd8c60000 - 0x00007fffd8fd6000 	C:\WINDOWS\System32\combase.dll
0x00007fffd5630000 - 0x00007fffd5797000 	C:\WINDOWS\SYSTEM32\wintypes.dll
0x00007fffd8760000 - 0x00007fffd884a000 	C:\WINDOWS\System32\SHCORE.dll
0x00007fffd8970000 - 0x00007fffd89cd000 	C:\WINDOWS\System32\shlwapi.dll
0x00007fffd7600000 - 0x00007fffd7625000 	C:\WINDOWS\SYSTEM32\profapi.dll
0x00007fffbf400000 - 0x00007fffbf419000 	C:\Program Files\Android\Android Studio\jbr\bin\net.dll
0x00007fffd17c0000 - 0x00007fffd18d4000 	C:\WINDOWS\SYSTEM32\WINHTTP.dll
0x00007fffd6bf0000 - 0x00007fffd6c57000 	C:\WINDOWS\system32\mswsock.dll
0x00007fffbe3d0000 - 0x00007fffbe3e6000 	C:\Program Files\Android\Android Studio\jbr\bin\nio.dll
0x00007fffc02e0000 - 0x00007fffc02f0000 	C:\Program Files\Android\Android Studio\jbr\bin\verify.dll

dbghelp: loaded successfully - version: 4.0.5 - missing functions: none
symbol engine: initialized successfully - sym options: 0x614 - pdb path: .;C:\Program Files\Android\Android Studio\jbr\bin;C:\WINDOWS\SYSTEM32;C:\WINDOWS\WinSxS\amd64_microsoft.windows.common-controls_6595b64144ccf1df_6.0.22000.120_none_9d947278b86cc467;C:\Program Files\Android\Android Studio\jbr\bin\server

VM Arguments:
java_command: org.jetbrains.kotlin.cli.jvm.K2JVMCompiler @C:\Ciclo8\DSM\SIAMO\App_SIAMO\app\build\20241027_13573594677206057420.compiler.options
java_class_path (initial): C:\Users\HP SUPPORT\.gradle\caches\modules-2\files-2.1\org.jetbrains.kotlin\kotlin-compiler-embeddable\1.9.0\2c8c3a7402becca891f12739b3e9fd2dc2adbd7a\kotlin-compiler-embeddable-1.9.0.jar;C:\Users\HP SUPPORT\.gradle\caches\modules-2\files-2.1\org.jetbrains.kotlin\kotlin-stdlib\1.9.0\8ee15ef0c67dc83d874f412d84378d7f0eb50b63\kotlin-stdlib-1.9.0.jar;C:\Users\HP SUPPORT\.gradle\caches\modules-2\files-2.1\org.jetbrains.kotlin\kotlin-script-runtime\1.9.0\4b3102cbbb7e1b58d9d1adf89563f00069ffa7d1\kotlin-script-runtime-1.9.0.jar;C:\Users\HP SUPPORT\.gradle\caches\modules-2\files-2.1\org.jetbrains.kotlin\kotlin-reflect\1.6.10\1cbe9c92c12a94eea200d23c2bbaedaf3daf5132\kotlin-reflect-1.6.10.jar;C:\Users\HP SUPPORT\.gradle\caches\modules-2\files-2.1\org.jetbrains.kotlin\kotlin-daemon-embeddable\1.9.0\186543f5e28cf8d9a0290fecc2cf34301c40a65c\kotlin-daemon-embeddable-1.9.0.jar;C:\Users\HP SUPPORT\.gradle\caches\modules-2\files-2.1\org.jetbrains.intellij.deps\trove4j\1.0.20200330\3afb14d5f9ceb459d724e907a21145e8ff394f02\trove4j-1.0.20200330.jar;C:\Users\HP SUPPORT\.gradle\caches\modules-2\files-2.1\org.jetbrains.kotlin\kotlin-stdlib-common\1.9.0\cd65c21cfd1eec4d44ef09f9f52b6d9f8a720636\kotlin-stdlib-common-1.9.0.jar;C:\Users\HP SUPPORT\.gradle\caches\modules-2\files-2.1\org.jetbrains\annotations\13.0\919f0dfe192fb4e063e7dacadee7f8bb9a2672a9\annotations-13.0.jar
Launcher Type: SUN_STANDARD

[Global flags]
     intx CICompilerCount                          = 3                                         {product} {ergonomic}
     uint ConcGCThreads                            = 1                                         {product} {ergonomic}
     uint G1ConcRefinementThreads                  = 4                                         {product} {ergonomic}
   size_t G1HeapRegionSize                         = 1048576                                   {product} {ergonomic}
    uintx GCDrainStackTargetSize                   = 64                                        {product} {ergonomic}
   size_t InitialHeapSize                          = 65011712                                  {product} {ergonomic}
   size_t MarkStackSize                            = 4194304                                   {product} {ergonomic}
   size_t MaxHeapSize                              = 1023410176                                {product} {ergonomic}
   size_t MaxNewSize                               = 613416960                                 {product} {ergonomic}
   size_t MinHeapDeltaBytes                        = 1048576                                   {product} {ergonomic}
   size_t MinHeapSize                              = 8388608                                   {product} {ergonomic}
    uintx NonNMethodCodeHeapSize                   = 5832780                                {pd product} {ergonomic}
    uintx NonProfiledCodeHeapSize                  = 122912730                              {pd product} {ergonomic}
    uintx ProfiledCodeHeapSize                     = 122912730                              {pd product} {ergonomic}
    uintx ReservedCodeCacheSize                    = 251658240                              {pd product} {ergonomic}
     bool SegmentedCodeCache                       = true                                      {product} {ergonomic}
   size_t SoftMaxHeapSize                          = 1023410176                             {manageable} {ergonomic}
     bool UseCompressedClassPointers               = true                           {product lp64_product} {ergonomic}
     bool UseCompressedOops                        = true                           {product lp64_product} {ergonomic}
     bool UseG1GC                                  = true                                      {product} {ergonomic}
     bool UseLargePagesIndividualAllocation        = false                                  {pd product} {ergonomic}

Logging:
Log output configuration:
 #0: stdout all=warning uptime,level,tags
 #1: stderr all=off uptime,level,tags

Environment Variables:
PATH=C:\ProgramData\Oracle\Java\javapath;C:\Program Files\Common Files\Oracle\Java\javapath;C:\Program Files (x86)\Common Files\Oracle\Java\javapath;C:\ORACLE\bin;C:\WINDOWS\system32;C:\WINDOWS;C:\WINDOWS\System32\Wbem;C:\WINDOWS\System32\WindowsPowerShell\v1.0\;C:\WINDOWS\System32\OpenSSH\;C:\Program Files (x86)\Rational\common;C:\Program Files\nodejs\;C:\Program Files\Git\cmd;C:\Program Files\Git\mingw64\bin;C:\Program Files\Git\usr\bin;C:\scrcpy;C:\Program Files\MySQL\MySQL Shell 8.0\bin\;C:\Users\HP SUPPORT\AppData\Local\Microsoft\WindowsApps;C:\Users\HP SUPPORT\AppData\Local\Programs\Microsoft VS Code\bin;C:\Users\HP SUPPORT\AppData\Roaming\npm
USERNAME=HP SUPPORT
OS=Windows_NT
PROCESSOR_IDENTIFIER=Intel64 Family 6 Model 142 Stepping 12, GenuineIntel
TMP=C:\Users\HPSUPP~1\AppData\Local\Temp
TEMP=C:\Users\HPSUPP~1\AppData\Local\Temp



Periodic native trim disabled

JNI global refs:
JNI global refs: 10, weak refs: 8

JNI global refs memory usage: 843, weak refs: 841

Process memory usage:
Resident Set Size: 263296K (6% of 3994612K total physical memory with 66432K free physical memory)

OOME stack traces (most recent first):
Classloader memory used:
Loader jdk.internal.loader.ClassLoaders$AppClassLoader                                 : 5771K
Loader bootstrap                                                                       : 1315K
Loader java.net.URLClassLoader                                                         : 29312B
Loader jdk.internal.reflect.DelegatingClassLoader                                      : 11636B


---------------  S Y S T E M  ---------------

OS:
 Windows 11 , 64 bit Build 22000 (10.0.22000.2538)
OS uptime: 6 days 7:36 hours

CPU: total 4 (initial active 4) (2 cores per cpu, 2 threads per core) family 6 model 142 stepping 12 microcode 0xde, cx8, cmov, fxsr, ht, mmx, 3dnowpref, sse, sse2, sse3, ssse3, sse4.1, sse4.2, popcnt, lzcnt, tsc, tscinvbit, avx, avx2, aes, erms, clmul, bmi1, bmi2, adx, fma, vzeroupper, clflush, clflushopt
Processor Information for all 4 processors :
  Max Mhz: 2592, Current Mhz: 2093, Mhz Limit: 2073

Memory: 4k page, system-wide physical 3900M (57M free)
TotalPageFile size 15676M (AvailPageFile size 5M)
current process WorkingSet (physical memory assigned to process): 257M, peak: 257M
current process commit charge ("private bytes"): 362M, peak: 365M

vm_info: OpenJDK 64-Bit Server VM (17.0.11+0--11852314) for windows-amd64 JRE (17.0.11+0--11852314), built on May 16 2024 21:29:20 by "androidbuild" with MS VC++ 16.10 / 16.11 (VS2019)

END.
